[ 2013-08-19T10:02:56+08:00 ] 127.0.0.1 /jsk/admin.php/Layout/north?_=1376877776592
INFO: [ app_begin ] --START--
INFO: ReadHtmlCache Behavior ::run [ RunTime:0.000778s ]
INFO: [ app_begin ] --END-- [ RunTime:0.000859s ]
NOTIC: [8] Constant THEME_NAME already defined E:\wamp\www\jsk\ThinkPHP\Lib\Core\View.class.php 第 223 行.
NOTIC: [8] Constant THEME_PATH already defined E:\wamp\www\jsk\ThinkPHP\Lib\Core\View.class.php 第 174 行.
NOTIC: [8] Constant APP_TMPL_PATH already defined E:\wamp\www\jsk\ThinkPHP\Lib\Core\View.class.php 第 175 行.
INFO: [ view_parse ] --START--
INFO: ParseTemplate Behavior ::run [ RunTime:0.104269s ]
INFO: [ view_parse ] --END-- [ RunTime:0.104356s ]
INFO: [ view_filter ] --START--
INFO: ContentReplace Behavior ::run [ RunTime:0.000557s ]
INFO: TokenBuild Behavior ::run [ RunTime:0.000558s ]
INFO: WriteHtmlCache Behavior ::run [ RunTime:0.000360s ]
INFO: ShowRuntime Behavior ::run [ RunTime:0.000576s ]
INFO: [ view_filter ] --END-- [ RunTime:0.002247s ]
INFO: [ view_end ] --START--
INFO: ShowPageTrace Behavior ::run [ RunTime:0.000745s ]
INFO: [ view_end ] --END-- [ RunTime:0.000809s ]

[ 2013-08-19T10:02:57+08:00 ] 127.0.0.1 /jsk/admin.php/Layout/west?_=1376877776600
INFO: [ app_begin ] --START--
INFO: ReadHtmlCache Behavior ::run [ RunTime:0.000672s ]
INFO: [ app_begin ] --END-- [ RunTime:0.000736s ]
SQL: SHOW COLUMNS FROM `node` [ RunTime:0.005074s ]
SQL: SELECT * FROM `node` WHERE ( level=2 and ismenu=1 and status=1 ) ORDER BY sort  [ RunTime:0.000744s ]
SQL: SELECT * FROM `node` WHERE ( 1=1 AND pid='12' ) ORDER BY sort  [ RunTime:0.000478s ]
SQL: SELECT * FROM `node` WHERE ( 1=1 AND pid='16' ) ORDER BY sort  [ RunTime:0.000375s ]
SQL: SELECT * FROM `node` WHERE ( 1=1 AND pid='20' ) ORDER BY sort  [ RunTime:0.000430s ]
SQL: SELECT * FROM `node` WHERE ( 1=1 AND pid='25' ) ORDER BY sort  [ RunTime:0.000360s ]
SQL: SELECT * FROM `node` WHERE ( 1=1 AND pid='28' ) ORDER BY sort  [ RunTime:0.000383s ]
SQL: SELECT * FROM `node` WHERE ( 1=1 AND pid='32' ) ORDER BY sort  [ RunTime:0.000330s ]
SQL: SELECT * FROM `node` WHERE ( 1=1 AND pid='34' ) ORDER BY sort  [ RunTime:0.000345s ]
SQL: SELECT * FROM `node` WHERE ( 1=1 AND pid='37' ) ORDER BY sort  [ RunTime:0.000322s ]
SQL: SELECT * FROM `node` WHERE ( 1=1 AND pid='2' ) ORDER BY sort  [ RunTime:0.000511s ]
INFO: [ view_parse ] --START--
INFO: ParseTemplate Behavior ::run [ RunTime:0.059449s ]
INFO: [ view_parse ] --END-- [ RunTime:0.059540s ]
INFO: [ view_filter ] --START--
INFO: ContentReplace Behavior ::run [ RunTime:0.000589s ]
INFO: TokenBuild Behavior ::run [ RunTime:0.000426s ]
INFO: WriteHtmlCache Behavior ::run [ RunTime:0.000345s ]
INFO: ShowRuntime Behavior ::run [ RunTime:0.000531s ]
INFO: [ view_filter ] --END-- [ RunTime:0.002043s ]
INFO: [ view_end ] --START--
INFO: ShowPageTrace Behavior ::run [ RunTime:0.000703s ]
INFO: [ view_end ] --END-- [ RunTime:0.000758s ]

[ 2013-08-19T10:02:57+08:00 ] 127.0.0.1 /jsk/admin.php/Layout/east?_=1376877776608
INFO: [ app_begin ] --START--
INFO: ReadHtmlCache Behavior ::run [ RunTime:0.001080s ]
INFO: [ app_begin ] --END-- [ RunTime:0.001177s ]
INFO: [ view_parse ] --START--
INFO: ParseTemplate Behavior ::run [ RunTime:0.074894s ]
INFO: [ view_parse ] --END-- [ RunTime:0.075048s ]
INFO: [ view_filter ] --START--
INFO: ContentReplace Behavior ::run [ RunTime:0.000778s ]
INFO: TokenBuild Behavior ::run [ RunTime:0.000716s ]
INFO: WriteHtmlCache Behavior ::run [ RunTime:0.000555s ]
INFO: ShowRuntime Behavior ::run [ RunTime:0.000763s ]
INFO: [ view_filter ] --END-- [ RunTime:0.003000s ]
INFO: [ view_end ] --START--
INFO: ShowPageTrace Behavior ::run [ RunTime:0.001117s ]
INFO: [ view_end ] --END-- [ RunTime:0.001195s ]

[ 2013-08-19T10:02:57+08:00 ] 127.0.0.1 /jsk/admin.php/Layout/south?_=1376877776613
INFO: [ app_begin ] --START--
INFO: ReadHtmlCache Behavior ::run [ RunTime:0.001475s ]
INFO: [ app_begin ] --END-- [ RunTime:0.001568s ]
NOTIC: [8] Constant THEME_NAME already defined E:\wamp\www\jsk\ThinkPHP\Lib\Core\View.class.php 第 223 行.
NOTIC: [8] Constant THEME_PATH already defined E:\wamp\www\jsk\ThinkPHP\Lib\Core\View.class.php 第 174 行.
NOTIC: [8] Constant APP_TMPL_PATH already defined E:\wamp\www\jsk\ThinkPHP\Lib\Core\View.class.php 第 175 行.
INFO: [ view_parse ] --START--
INFO: ParseTemplate Behavior ::run [ RunTime:0.047896s ]
INFO: [ view_parse ] --END-- [ RunTime:0.048003s ]
INFO: [ view_filter ] --START--
INFO: ContentReplace Behavior ::run [ RunTime:0.000778s ]
INFO: TokenBuild Behavior ::run [ RunTime:0.000755s ]
INFO: WriteHtmlCache Behavior ::run [ RunTime:0.000846s ]
INFO: ShowRuntime Behavior ::run [ RunTime:0.000856s ]
INFO: [ view_filter ] --END-- [ RunTime:0.003442s ]
INFO: [ view_end ] --START--
INFO: ShowPageTrace Behavior ::run [ RunTime:0.001082s ]
INFO: [ view_end ] --END-- [ RunTime:0.001157s ]

[ 2013-08-19T10:02:57+08:00 ] 127.0.0.1 /jsk/admin.php/Layout/center?_=1376877776605
INFO: [ app_begin ] --START--
INFO: ReadHtmlCache Behavior ::run [ RunTime:0.001140s ]
INFO: [ app_begin ] --END-- [ RunTime:0.001232s ]
NOTIC: [8] Constant THEME_NAME already defined E:\wamp\www\jsk\ThinkPHP\Lib\Core\View.class.php 第 223 行.
NOTIC: [8] Constant THEME_PATH already defined E:\wamp\www\jsk\ThinkPHP\Lib\Core\View.class.php 第 174 行.
NOTIC: [8] Constant APP_TMPL_PATH already defined E:\wamp\www\jsk\ThinkPHP\Lib\Core\View.class.php 第 175 行.
INFO: [ view_parse ] --START--
INFO: ParseTemplate Behavior ::run [ RunTime:0.070912s ]
INFO: [ view_parse ] --END-- [ RunTime:0.071017s ]
INFO: [ view_filter ] --START--
INFO: ContentReplace Behavior ::run [ RunTime:0.000843s ]
INFO: TokenBuild Behavior ::run [ RunTime:0.000763s ]
INFO: WriteHtmlCache Behavior ::run [ RunTime:0.000619s ]
INFO: ShowRuntime Behavior ::run [ RunTime:0.001208s ]
INFO: [ view_filter ] --END-- [ RunTime:0.003667s ]
INFO: [ view_end ] --START--
INFO: ShowPageTrace Behavior ::run [ RunTime:0.001044s ]
INFO: [ view_end ] --END-- [ RunTime:0.001118s ]

[ 2013-08-19T10:02:57+08:00 ] 127.0.0.1 /jsk/admin.php/Layout/mytable?_=1376877777779
INFO: [ app_begin ] --START--
INFO: ReadHtmlCache Behavior ::run [ RunTime:0.000966s ]
INFO: [ app_begin ] --END-- [ RunTime:0.001059s ]
NOTIC: [8] Constant THEME_NAME already defined E:\wamp\www\jsk\ThinkPHP\Lib\Core\View.class.php 第 223 行.
NOTIC: [8] Constant THEME_PATH already defined E:\wamp\www\jsk\ThinkPHP\Lib\Core\View.class.php 第 174 行.
NOTIC: [8] Constant APP_TMPL_PATH already defined E:\wamp\www\jsk\ThinkPHP\Lib\Core\View.class.php 第 175 行.
INFO: [ view_parse ] --START--
INFO: ParseTemplate Behavior ::run [ RunTime:0.027247s ]
INFO: [ view_parse ] --END-- [ RunTime:0.027390s ]
INFO: [ view_filter ] --START--
INFO: ContentReplace Behavior ::run [ RunTime:0.000818s ]
INFO: TokenBuild Behavior ::run [ RunTime:0.000819s ]
INFO: WriteHtmlCache Behavior ::run [ RunTime:0.000615s ]
INFO: ShowRuntime Behavior ::run [ RunTime:0.001122s ]
INFO: [ view_filter ] --END-- [ RunTime:0.003575s ]
INFO: [ view_end ] --START--
INFO: ShowPageTrace Behavior ::run [ RunTime:0.000962s ]
INFO: [ view_end ] --END-- [ RunTime:0.001030s ]

[ 2013-08-19T11:39:24+08:00 ] 127.0.0.1 /jsk/admin.php/Node?_=1376883564189
INFO: [ app_begin ] --START--
INFO: ReadHtmlCache Behavior ::run [ RunTime:0.013237s ]
INFO: [ app_begin ] --END-- [ RunTime:0.013380s ]
INFO: [ view_parse ] --START--
INFO: ParseTemplate Behavior ::run [ RunTime:0.055319s ]
INFO: [ view_parse ] --END-- [ RunTime:0.055504s ]
INFO: [ view_filter ] --START--
INFO: ContentReplace Behavior ::run [ RunTime:0.001642s ]
INFO: TokenBuild Behavior ::run [ RunTime:0.001872s ]
INFO: WriteHtmlCache Behavior ::run [ RunTime:0.001130s ]
INFO: ShowRuntime Behavior ::run [ RunTime:0.001486s ]
INFO: [ view_filter ] --END-- [ RunTime:0.006461s ]
INFO: [ view_end ] --START--
INFO: ShowPageTrace Behavior ::run [ RunTime:0.001726s ]
INFO: [ view_end ] --END-- [ RunTime:0.001919s ]

[ 2013-08-19T11:39:24+08:00 ] 127.0.0.1 /jsk/admin.php/Node/getAllNode
INFO: [ app_begin ] --START--
INFO: ReadHtmlCache Behavior ::run [ RunTime:0.001273s ]
INFO: [ app_begin ] --END-- [ RunTime:0.001381s ]
SQL: SHOW COLUMNS FROM `node` [ RunTime:0.006476s ]
SQL: SELECT COUNT(*) AS tp_count FROM `node` LIMIT 1   [ RunTime:0.025718s ]
SQL: SELECT * FROM `node` ORDER BY sort asc  [ RunTime:0.000909s ]

[ 2013-08-19T12:13:23+08:00 ] 127.0.0.1 /jsk/admin.php/Layout/north?_=1376885602976
INFO: [ app_begin ] --START--
INFO: ReadHtmlCache Behavior ::run [ RunTime:0.000750s ]
INFO: [ app_begin ] --END-- [ RunTime:0.000834s ]
NOTIC: [8] Constant THEME_NAME already defined E:\wamp\www\jsk\ThinkPHP\Lib\Core\View.class.php 第 223 行.
NOTIC: [8] Constant THEME_PATH already defined E:\wamp\www\jsk\ThinkPHP\Lib\Core\View.class.php 第 174 行.
NOTIC: [8] Constant APP_TMPL_PATH already defined E:\wamp\www\jsk\ThinkPHP\Lib\Core\View.class.php 第 175 行.
INFO: [ view_parse ] --START--
INFO: ParseTemplate Behavior ::run [ RunTime:0.046845s ]
INFO: [ view_parse ] --END-- [ RunTime:0.046941s ]
INFO: [ view_filter ] --START--
INFO: ContentReplace Behavior ::run [ RunTime:0.000538s ]
INFO: TokenBuild Behavior ::run [ RunTime:0.000470s ]
INFO: WriteHtmlCache Behavior ::run [ RunTime:0.000339s ]
INFO: ShowRuntime Behavior ::run [ RunTime:0.000569s ]
INFO: [ view_filter ] --END-- [ RunTime:0.002172s ]
INFO: [ view_end ] --START--
INFO: ShowPageTrace Behavior ::run [ RunTime:0.000941s ]
INFO: [ view_end ] --END-- [ RunTime:0.001022s ]

[ 2013-08-19T12:13:23+08:00 ] 127.0.0.1 /jsk/admin.php/Layout/west?_=1376885602987
INFO: [ app_begin ] --START--
INFO: ReadHtmlCache Behavior ::run [ RunTime:0.001328s ]
INFO: [ app_begin ] --END-- [ RunTime:0.001396s ]
SQL: SHOW COLUMNS FROM `node` [ RunTime:0.024244s ]
SQL: SELECT * FROM `node` WHERE ( level=2 and ismenu=1 and status=1 ) ORDER BY sort  [ RunTime:0.000829s ]
SQL: SELECT * FROM `node` WHERE ( 1=1 AND pid='12' ) ORDER BY sort  [ RunTime:0.000445s ]
SQL: SELECT * FROM `node` WHERE ( 1=1 AND pid='16' ) ORDER BY sort  [ RunTime:0.000364s ]
SQL: SELECT * FROM `node` WHERE ( 1=1 AND pid='20' ) ORDER BY sort  [ RunTime:0.000446s ]
SQL: SELECT * FROM `node` WHERE ( 1=1 AND pid='25' ) ORDER BY sort  [ RunTime:0.000727s ]
SQL: SELECT * FROM `node` WHERE ( 1=1 AND pid='28' ) ORDER BY sort  [ RunTime:0.001239s ]
SQL: SELECT * FROM `node` WHERE ( 1=1 AND pid='32' ) ORDER BY sort  [ RunTime:0.000563s ]
SQL: SELECT * FROM `node` WHERE ( 1=1 AND pid='34' ) ORDER BY sort  [ RunTime:0.000477s ]
SQL: SELECT * FROM `node` WHERE ( 1=1 AND pid='37' ) ORDER BY sort  [ RunTime:0.000473s ]
SQL: SELECT * FROM `node` WHERE ( 1=1 AND pid='2' ) ORDER BY sort  [ RunTime:0.000634s ]
INFO: [ view_parse ] --START--
INFO: ParseTemplate Behavior ::run [ RunTime:0.054153s ]
INFO: [ view_parse ] --END-- [ RunTime:0.054271s ]
INFO: [ view_filter ] --START--
INFO: ContentReplace Behavior ::run [ RunTime:0.002368s ]
INFO: TokenBuild Behavior ::run [ RunTime:0.001052s ]
INFO: WriteHtmlCache Behavior ::run [ RunTime:0.000880s ]
INFO: ShowRuntime Behavior ::run [ RunTime:0.001010s ]
INFO: [ view_filter ] --END-- [ RunTime:0.005623s ]
INFO: [ view_end ] --START--
INFO: ShowPageTrace Behavior ::run [ RunTime:0.001830s ]
INFO: [ view_end ] --END-- [ RunTime:0.001948s ]

[ 2013-08-19T12:13:23+08:00 ] 127.0.0.1 /jsk/admin.php/Layout/center?_=1376885602991
INFO: [ app_begin ] --START--
INFO: ReadHtmlCache Behavior ::run [ RunTime:0.001163s ]
INFO: [ app_begin ] --END-- [ RunTime:0.001253s ]
NOTIC: [8] Constant THEME_NAME already defined E:\wamp\www\jsk\ThinkPHP\Lib\Core\View.class.php 第 223 行.
NOTIC: [8] Constant THEME_PATH already defined E:\wamp\www\jsk\ThinkPHP\Lib\Core\View.class.php 第 174 行.
NOTIC: [8] Constant APP_TMPL_PATH already defined E:\wamp\www\jsk\ThinkPHP\Lib\Core\View.class.php 第 175 行.
INFO: [ view_parse ] --START--
INFO: ParseTemplate Behavior ::run [ RunTime:0.029243s ]
INFO: [ view_parse ] --END-- [ RunTime:0.029344s ]
INFO: [ view_filter ] --START--
INFO: ContentReplace Behavior ::run [ RunTime:0.001326s ]
INFO: TokenBuild Behavior ::run [ RunTime:0.001659s ]
INFO: WriteHtmlCache Behavior ::run [ RunTime:0.001161s ]
INFO: ShowRuntime Behavior ::run [ RunTime:0.001140s ]
INFO: [ view_filter ] --END-- [ RunTime:0.005574s ]
INFO: [ view_end ] --START--
INFO: ShowPageTrace Behavior ::run [ RunTime:0.001311s ]
INFO: [ view_end ] --END-- [ RunTime:0.001391s ]

[ 2013-08-19T12:13:23+08:00 ] 127.0.0.1 /jsk/admin.php/Layout/east?_=1376885602996
INFO: [ app_begin ] --START--
INFO: ReadHtmlCache Behavior ::run [ RunTime:0.000934s ]
INFO: [ app_begin ] --END-- [ RunTime:0.001013s ]
INFO: [ view_parse ] --START--
INFO: ParseTemplate Behavior ::run [ RunTime:0.040510s ]
INFO: [ view_parse ] --END-- [ RunTime:0.040625s ]
INFO: [ view_filter ] --START--
INFO: ContentReplace Behavior ::run [ RunTime:0.000770s ]
INFO: TokenBuild Behavior ::run [ RunTime:0.001564s ]
INFO: WriteHtmlCache Behavior ::run [ RunTime:0.000694s ]
INFO: ShowRuntime Behavior ::run [ RunTime:0.000851s ]
INFO: [ view_filter ] --END-- [ RunTime:0.004104s ]
INFO: [ view_end ] --START--
INFO: ShowPageTrace Behavior ::run [ RunTime:0.002574s ]
INFO: [ view_end ] --END-- [ RunTime:0.002659s ]

[ 2013-08-19T12:13:23+08:00 ] 127.0.0.1 /jsk/admin.php/Layout/south?_=1376885603001
INFO: [ app_begin ] --START--
INFO: ReadHtmlCache Behavior ::run [ RunTime:0.001083s ]
INFO: [ app_begin ] --END-- [ RunTime:0.001158s ]
NOTIC: [8] Constant THEME_NAME already defined E:\wamp\www\jsk\ThinkPHP\Lib\Core\View.class.php 第 223 行.
NOTIC: [8] Constant THEME_PATH already defined E:\wamp\www\jsk\ThinkPHP\Lib\Core\View.class.php 第 174 行.
NOTIC: [8] Constant APP_TMPL_PATH already defined E:\wamp\www\jsk\ThinkPHP\Lib\Core\View.class.php 第 175 行.
INFO: [ view_parse ] --START--
INFO: ParseTemplate Behavior ::run [ RunTime:0.016736s ]
INFO: [ view_parse ] --END-- [ RunTime:0.016860s ]
INFO: [ view_filter ] --START--
INFO: ContentReplace Behavior ::run [ RunTime:0.001031s ]
INFO: TokenBuild Behavior ::run [ RunTime:0.001528s ]
INFO: WriteHtmlCache Behavior ::run [ RunTime:0.002211s ]
INFO: ShowRuntime Behavior ::run [ RunTime:0.002735s ]
INFO: [ view_filter ] --END-- [ RunTime:0.007786s ]
INFO: [ view_end ] --START--
INFO: ShowPageTrace Behavior ::run [ RunTime:0.001611s ]
INFO: [ view_end ] --END-- [ RunTime:0.001718s ]

[ 2013-08-19T12:13:23+08:00 ] 127.0.0.1 /jsk/admin.php/Layout/mytable?_=1376885603682
INFO: [ app_begin ] --START--
INFO: ReadHtmlCache Behavior ::run [ RunTime:0.001140s ]
INFO: [ app_begin ] --END-- [ RunTime:0.001221s ]
NOTIC: [8] Constant THEME_NAME already defined E:\wamp\www\jsk\ThinkPHP\Lib\Core\View.class.php 第 223 行.
NOTIC: [8] Constant THEME_PATH already defined E:\wamp\www\jsk\ThinkPHP\Lib\Core\View.class.php 第 174 行.
NOTIC: [8] Constant APP_TMPL_PATH already defined E:\wamp\www\jsk\ThinkPHP\Lib\Core\View.class.php 第 175 行.
INFO: [ view_parse ] --START--
INFO: ParseTemplate Behavior ::run [ RunTime:0.006681s ]
INFO: [ view_parse ] --END-- [ RunTime:0.006795s ]
INFO: [ view_filter ] --START--
INFO: ContentReplace Behavior ::run [ RunTime:0.001284s ]
INFO: TokenBuild Behavior ::run [ RunTime:0.001005s ]
INFO: WriteHtmlCache Behavior ::run [ RunTime:0.000860s ]
INFO: ShowRuntime Behavior ::run [ RunTime:0.001106s ]
INFO: [ view_filter ] --END-- [ RunTime:0.004542s ]
INFO: [ view_end ] --START--
INFO: ShowPageTrace Behavior ::run [ RunTime:0.001344s ]
INFO: [ view_end ] --END-- [ RunTime:0.001454s ]

[ 2013-08-19T14:25:56+08:00 ] 127.0.0.1 /jsk/admin.php/Public/logout
INFO: [ app_begin ] --START--
INFO: ReadHtmlCache Behavior ::run [ RunTime:0.001757s ]
INFO: [ app_begin ] --END-- [ RunTime:0.001841s ]
NOTIC: [8] Use of undefined constant a - assumed 'a' E:\wamp\www\jsk\Admin\Lib\Action\PublicAction.class.php 第 44 行.

[ 2013-08-19T14:25:57+08:00 ] 127.0.0.1 /jsk/admin.php/Public/!-APP-!/Public/verify/
ERR: 非法操作:!-APP-!

[ 2013-08-19T14:26:43+08:00 ] 127.0.0.1 /jsk/admin.php/Public/!-APP-!/Public/verify/
ERR: 非法操作:!-APP-!

[ 2013-08-19T14:27:24+08:00 ] 127.0.0.1 /jsk/admin.php/Public/!-APP-!/Public/verify/
ERR: 非法操作:!-APP-!

[ 2013-08-19T14:28:34+08:00 ] 127.0.0.1 /jsk/admin.php/Public/!-APP-!/Public/verify/
ERR: 非法操作:!-APP-!

[ 2013-08-19T14:32:12+08:00 ] 127.0.0.1 /jsk/admin.php/Public/!-APP-!/Public/verify/
ERR: 非法操作:!-APP-!

[ 2013-08-19T14:32:13+08:00 ] 127.0.0.1 /jsk/admin.php/Public/!-APP-!/Public/verify/
ERR: 非法操作:!-APP-!

[ 2013-08-19T14:32:14+08:00 ] 127.0.0.1 /jsk/admin.php/Public/!-APP-!/Public/verify/
ERR: 非法操作:!-APP-!

[ 2013-08-19T14:32:16+08:00 ] 127.0.0.1 /jsk/admin.php/Public/!-APP-!/Public/verify/
ERR: 非法操作:!-APP-!

[ 2013-08-19T14:32:18+08:00 ] 127.0.0.1 /jsk/admin.php/Public/!-APP-!/Public/verify/
ERR: 非法操作:!-APP-!

[ 2013-08-19T14:32:19+08:00 ] 127.0.0.1 /jsk/admin.php/Public/!-APP-!/Public/verify/
ERR: 非法操作:!-APP-!

[ 2013-08-19T14:32:21+08:00 ] 127.0.0.1 /jsk/admin.php/Public/!-APP-!/Public/verify/
ERR: 非法操作:!-APP-!

[ 2013-08-19T14:32:24+08:00 ] 127.0.0.1 /jsk/admin.php/Public/!-APP-!/Public/verify/
ERR: 非法操作:!-APP-!

[ 2013-08-19T14:32:25+08:00 ] 127.0.0.1 /jsk/admin.php/Public/!-APP-!/Public/verify/
ERR: 非法操作:!-APP-!

[ 2013-08-19T14:32:26+08:00 ] 127.0.0.1 /jsk/admin.php/Public/!-APP-!/Public/verify/
ERR: 非法操作:!-APP-!

[ 2013-08-19T14:33:00+08:00 ] 127.0.0.1 /jsk/admin.php/Public/!-APP-!/Public/verify/
ERR: 非法操作:!-APP-!

[ 2013-08-19T14:33:02+08:00 ] 127.0.0.1 /jsk/admin.php/Public/!-APP-!/Public/verify/
ERR: 非法操作:!-APP-!

[ 2013-08-19T14:33:03+08:00 ] 127.0.0.1 /jsk/admin.php/Public/!-APP-!/Public/verify/
ERR: 非法操作:!-APP-!

[ 2013-08-19T14:33:03+08:00 ] 127.0.0.1 /jsk/admin.php/Public/!-APP-!/Public/verify/
ERR: 非法操作:!-APP-!

[ 2013-08-19T14:33:17+08:00 ] 127.0.0.1 /jsk/admin.php/Public/!-APP-!/Public/verify/
ERR: 非法操作:!-APP-!

[ 2013-08-19T14:33:43+08:00 ] 127.0.0.1 /jsk/admin.php/Public/!-APP-!/Public/verify/
ERR: 非法操作:!-APP-!

[ 2013-08-19T14:34:09+08:00 ] 127.0.0.1 /jsk/admin.php/Public/!-APP-!/Public/verify/
ERR: 非法操作:!-APP-!

[ 2013-08-19T14:34:09+08:00 ] 127.0.0.1 /jsk/admin.php/Public/!-APP-!/Public/verify/
ERR: 非法操作:!-APP-!

[ 2013-08-19T15:10:40+08:00 ] 127.0.0.1 /jsk/admin.php/Public/!-APP-!/Public/verify/
ERR: 非法操作:!-APP-!

[ 2013-08-19T15:15:51+08:00 ] 127.0.0.1 /jsk/admin.php/Public/!-APP-!/Public/verify/
ERR: 非法操作:!-APP-!

[ 2013-08-19T15:16:10+08:00 ] 127.0.0.1 /jsk/admin.php/Public/!-APP-!/Public/verify/
ERR: 非法操作:!-APP-!

[ 2013-08-19T15:16:28+08:00 ] 127.0.0.1 /jsk/admin.php/Public/!-APP-!/Public/verify/
ERR: 非法操作:!-APP-!

[ 2013-08-19T15:25:19+08:00 ] 127.0.0.1 /jsk/admin.php/Public/!-APP-!/Public/verify/
ERR: 非法操作:!-APP-!

[ 2013-08-19T15:25:21+08:00 ] 127.0.0.1 /jsk/admin.php/Public/!-APP-!/Public/verify/
ERR: 非法操作:!-APP-!

[ 2013-08-19T15:25:22+08:00 ] 127.0.0.1 /jsk/admin.php/Public/!-APP-!/Public/verify/
ERR: 非法操作:!-APP-!

[ 2013-08-19T15:25:23+08:00 ] 127.0.0.1 /jsk/admin.php/Public/!-APP-!/Public/verify/
ERR: 非法操作:!-APP-!

[ 2013-08-19T15:27:08+08:00 ] 127.0.0.1 /jsk/admin.php/Public/!-APP-!/Public/verify/
ERR: 非法操作:!-APP-!

[ 2013-08-19T15:27:09+08:00 ] 127.0.0.1 /jsk/admin.php/Public/!-APP-!/Public/verify/
ERR: 非法操作:!-APP-!

[ 2013-08-19T15:27:10+08:00 ] 127.0.0.1 /jsk/admin.php/Public/!-APP-!/Public/verify/
ERR: 非法操作:!-APP-!

[ 2013-08-19T15:27:29+08:00 ] 127.0.0.1 /jsk/admin.php/Public/!-APP-!/Public/verify/
ERR: 非法操作:!-APP-!

[ 2013-08-19T15:27:30+08:00 ] 127.0.0.1 /jsk/admin.php/Public/!-APP-!/Public/verify/
ERR: 非法操作:!-APP-!

[ 2013-08-19T15:27:31+08:00 ] 127.0.0.1 /jsk/admin.php/Public/!-APP-!/Public/verify/
ERR: 非法操作:!-APP-!

[ 2013-08-19T15:27:32+08:00 ] 127.0.0.1 /jsk/admin.php/Public/!-APP-!/Public/verify/
ERR: 非法操作:!-APP-!

[ 2013-08-19T15:29:51+08:00 ] 127.0.0.1 /jsk/admin.php/Public/!-APP-!/Public/verify/
ERR: 非法操作:!-APP-!

[ 2013-08-19T15:29:52+08:00 ] 127.0.0.1 /jsk/admin.php/Public/!-APP-!/Public/verify/
ERR: 非法操作:!-APP-!

[ 2013-08-19T15:30:40+08:00 ] 127.0.0.1 /jsk/admin.php/Public/!-APP-!/Public/verify/
ERR: 非法操作:!-APP-!

[ 2013-08-19T15:35:29+08:00 ] 127.0.0.1 /jsk/admin.php/Public/!-APP-!/Public/verify/
ERR: 非法操作:!-APP-!

[ 2013-08-19T15:35:32+08:00 ] 127.0.0.1 /jsk/admin.php/Public/!-APP-!/Public/verify/
ERR: 非法操作:!-APP-!

[ 2013-08-19T15:35:33+08:00 ] 127.0.0.1 /jsk/admin.php/Public/!-APP-!/Public/verify/
ERR: 非法操作:!-APP-!

[ 2013-08-19T15:35:34+08:00 ] 127.0.0.1 /jsk/admin.php/Public/!-APP-!/Public/verify/
ERR: 非法操作:!-APP-!

[ 2013-08-19T15:35:53+08:00 ] 127.0.0.1 /jsk/admin.php/Public/!-APP-!/Public/verify/
ERR: 非法操作:!-APP-!

[ 2013-08-19T15:35:55+08:00 ] 127.0.0.1 /jsk/admin.php/Public/!-APP-!/Public/verify/
ERR: 非法操作:!-APP-!

[ 2013-08-19T15:36:09+08:00 ] 127.0.0.1 /jsk/admin.php/Public/!-APP-!/Public/verify/
ERR: 非法操作:!-APP-!

[ 2013-08-19T15:36:11+08:00 ] 127.0.0.1 /jsk/admin.php/Public/!-APP-!/Public/verify/
ERR: 非法操作:!-APP-!

[ 2013-08-19T15:36:46+08:00 ] 127.0.0.1 /jsk/admin.php/Public/!-APP-!/Public/verify/
ERR: 非法操作:!-APP-!

[ 2013-08-19T15:38:08+08:00 ] 127.0.0.1 /jsk/admin.php/Public/!-APP-!/Public/verify/
ERR: 非法操作:!-APP-!

[ 2013-08-19T15:40:27+08:00 ] 127.0.0.1 /jsk/admin.php/Public/!-APP-!/Public/verify/
ERR: 非法操作:!-APP-!

[ 2013-08-19T15:42:58+08:00 ] 127.0.0.1 /jsk/admin.php/Public/!-PUBLIC-!/Public/verify/
ERR: 非法操作:!-PUBLIC-!

[ 2013-08-19T15:43:00+08:00 ] 127.0.0.1 /jsk/admin.php/Public/!-PUBLIC-!/Public/verify/
ERR: 非法操作:!-PUBLIC-!

[ 2013-08-19T15:43:01+08:00 ] 127.0.0.1 /jsk/admin.php/Public/!-PUBLIC-!/Public/verify/
ERR: 非法操作:!-PUBLIC-!

[ 2013-08-19T15:43:02+08:00 ] 127.0.0.1 /jsk/admin.php/Public/!-PUBLIC-!/Public/verify/
ERR: 非法操作:!-PUBLIC-!

[ 2013-08-19T15:43:19+08:00 ] 127.0.0.1 /jsk/admin.php/Public/!-/jsk/Public-!/Public/verify/
ERR: 非法操作:!-

[ 2013-08-19T15:43:20+08:00 ] 127.0.0.1 /jsk/admin.php/Public/!-/jsk/Public-!/Public/verify/
ERR: 非法操作:!-

[ 2013-08-19T15:43:37+08:00 ] 127.0.0.1 /jsk/admin.php/Public/!-PUBLIC-!/Public/verify/
ERR: 非法操作:!-PUBLIC-!

[ 2013-08-19T15:43:38+08:00 ] 127.0.0.1 /jsk/admin.php/Public/!-PUBLIC-!/Public/verify/
ERR: 非法操作:!-PUBLIC-!

[ 2013-08-19T15:46:31+08:00 ] 127.0.0.1 /jsk/admin.php/Public/!-PUBLIC-!/Public/verify/
ERR: 非法操作:!-PUBLIC-!

[ 2013-08-19T15:46:33+08:00 ] 127.0.0.1 /jsk/admin.php/Public/PUBLIC/Public/verify/
ERR: 非法操作:PUBLIC

[ 2013-08-19T15:46:51+08:00 ] 127.0.0.1 /jsk/admin.php/Public/APP/Public/verify/
ERR: 非法操作:APP

[ 2013-08-19T15:46:56+08:00 ] 127.0.0.1 /jsk/admin.php/Public/APP/Public/verify/
ERR: 非法操作:APP

[ 2013-08-19T15:46:57+08:00 ] 127.0.0.1 /jsk/admin.php/Public/APP/Public/verify/
ERR: 非法操作:APP

[ 2013-08-19T15:46:59+08:00 ] 127.0.0.1 /jsk/admin.php/Public/APP/Public/verify/
ERR: 非法操作:APP

[ 2013-08-19T15:48:22+08:00 ] 127.0.0.1 /jsk/admin.php/Public/!-APP-!/Public/verify/
ERR: 非法操作:!-APP-!

[ 2013-08-19T15:48:24+08:00 ] 127.0.0.1 /jsk/admin.php/Public/!-APP-!/Public/verify/
ERR: 非法操作:!-APP-!

[ 2013-08-19T15:48:25+08:00 ] 127.0.0.1 /jsk/admin.php/Public/!-APP-!/Public/verify/
ERR: 非法操作:!-APP-!

[ 2013-08-19T15:51:50+08:00 ] 127.0.0.1 /jsk/admin.php/Public/!-APP-!/Public/verify/
ERR: 非法操作:!-APP-!

[ 2013-08-19T15:54:27+08:00 ] 127.0.0.1 /jsk/admin.php/Layout/north?_=1376898867446
INFO: [ app_begin ] --START--
INFO: ReadHtmlCache Behavior ::run [ RunTime:0.000785s ]
INFO: [ app_begin ] --END-- [ RunTime:0.001025s ]
NOTIC: [8] Constant THEME_NAME already defined E:\wamp\www\jsk\ThinkPHP\Lib\Core\View.class.php 第 223 行.
NOTIC: [8] Constant THEME_PATH already defined E:\wamp\www\jsk\ThinkPHP\Lib\Core\View.class.php 第 174 行.
NOTIC: [8] Constant APP_TMPL_PATH already defined E:\wamp\www\jsk\ThinkPHP\Lib\Core\View.class.php 第 175 行.
INFO: [ view_parse ] --START--
INFO: ParseTemplate Behavior ::run [ RunTime:0.062060s ]
INFO: [ view_parse ] --END-- [ RunTime:0.062160s ]
INFO: [ view_filter ] --START--
INFO: ContentReplace Behavior ::run [ RunTime:0.000977s ]
INFO: TokenBuild Behavior ::run [ RunTime:0.000623s ]
INFO: WriteHtmlCache Behavior ::run [ RunTime:0.000351s ]
INFO: ShowRuntime Behavior ::run [ RunTime:0.001905s ]
INFO: [ view_filter ] --END-- [ RunTime:0.004177s ]
INFO: [ view_end ] --START--
INFO: ShowPageTrace Behavior ::run [ RunTime:0.000836s ]
INFO: [ view_end ] --END-- [ RunTime:0.000908s ]

[ 2013-08-19T15:54:28+08:00 ] 127.0.0.1 /jsk/admin.php/Layout/west?_=1376898867455
INFO: [ app_begin ] --START--
INFO: ReadHtmlCache Behavior ::run [ RunTime:0.001048s ]
INFO: [ app_begin ] --END-- [ RunTime:0.001176s ]
SQL: SHOW COLUMNS FROM `node` [ RunTime:0.008152s ]
SQL: SELECT * FROM `node` WHERE ( level=2 and ismenu=1 and status=1 ) ORDER BY sort  [ RunTime:0.001138s ]
SQL: SELECT * FROM `node` WHERE ( 1=1 AND pid='12' ) ORDER BY sort  [ RunTime:0.001238s ]
SQL: SELECT * FROM `node` WHERE ( 1=1 AND pid='16' ) ORDER BY sort  [ RunTime:0.000687s ]
SQL: SELECT * FROM `node` WHERE ( 1=1 AND pid='20' ) ORDER BY sort  [ RunTime:0.000644s ]
SQL: SELECT * FROM `node` WHERE ( 1=1 AND pid='25' ) ORDER BY sort  [ RunTime:0.000566s ]
SQL: SELECT * FROM `node` WHERE ( 1=1 AND pid='28' ) ORDER BY sort  [ RunTime:0.000675s ]
SQL: SELECT * FROM `node` WHERE ( 1=1 AND pid='32' ) ORDER BY sort  [ RunTime:0.000556s ]
SQL: SELECT * FROM `node` WHERE ( 1=1 AND pid='34' ) ORDER BY sort  [ RunTime:0.000595s ]
SQL: SELECT * FROM `node` WHERE ( 1=1 AND pid='37' ) ORDER BY sort  [ RunTime:0.000531s ]
SQL: SELECT * FROM `node` WHERE ( 1=1 AND pid='2' ) ORDER BY sort  [ RunTime:0.000780s ]
INFO: [ view_parse ] --START--
INFO: ParseTemplate Behavior ::run [ RunTime:0.286708s ]
INFO: [ view_parse ] --END-- [ RunTime:0.286865s ]
INFO: [ view_filter ] --START--
INFO: ContentReplace Behavior ::run [ RunTime:0.001003s ]
INFO: TokenBuild Behavior ::run [ RunTime:0.000746s ]
INFO: WriteHtmlCache Behavior ::run [ RunTime:0.000665s ]
INFO: ShowRuntime Behavior ::run [ RunTime:0.000856s ]
INFO: [ view_filter ] --END-- [ RunTime:0.003534s ]
INFO: [ view_end ] --START--
INFO: ShowPageTrace Behavior ::run [ RunTime:0.001061s ]
INFO: [ view_end ] --END-- [ RunTime:0.001153s ]

[ 2013-08-19T15:54:28+08:00 ] 127.0.0.1 /jsk/admin.php/Layout/east?_=1376898867473
INFO: [ app_begin ] --START--
INFO: ReadHtmlCache Behavior ::run [ RunTime:0.000877s ]
INFO: [ app_begin ] --END-- [ RunTime:0.000954s ]
INFO: [ view_parse ] --START--
INFO: ParseTemplate Behavior ::run [ RunTime:0.148127s ]
INFO: [ view_parse ] --END-- [ RunTime:0.148280s ]
INFO: [ view_filter ] --START--
INFO: ContentReplace Behavior ::run [ RunTime:0.000910s ]
INFO: TokenBuild Behavior ::run [ RunTime:0.000941s ]
INFO: WriteHtmlCache Behavior ::run [ RunTime:0.001351s ]
INFO: ShowRuntime Behavior ::run [ RunTime:0.002126s ]
INFO: [ view_filter ] --END-- [ RunTime:0.005691s ]
INFO: [ view_end ] --START--
INFO: ShowPageTrace Behavior ::run [ RunTime:0.001718s ]
INFO: [ view_end ] --END-- [ RunTime:0.001852s ]

[ 2013-08-19T15:54:28+08:00 ] 127.0.0.1 /jsk/admin.php/Layout/south?_=1376898867479
INFO: [ app_begin ] --START--
INFO: ReadHtmlCache Behavior ::run [ RunTime:0.000645s ]
INFO: [ app_begin ] --END-- [ RunTime:0.000713s ]
NOTIC: [8] Constant THEME_NAME already defined E:\wamp\www\jsk\ThinkPHP\Lib\Core\View.class.php 第 223 行.
NOTIC: [8] Constant THEME_PATH already defined E:\wamp\www\jsk\ThinkPHP\Lib\Core\View.class.php 第 174 行.
NOTIC: [8] Constant APP_TMPL_PATH already defined E:\wamp\www\jsk\ThinkPHP\Lib\Core\View.class.php 第 175 行.
INFO: [ view_parse ] --START--
INFO: ParseTemplate Behavior ::run [ RunTime:0.039907s ]
INFO: [ view_parse ] --END-- [ RunTime:0.040079s ]
INFO: [ view_filter ] --START--
INFO: ContentReplace Behavior ::run [ RunTime:0.000932s ]
INFO: TokenBuild Behavior ::run [ RunTime:0.000701s ]
INFO: WriteHtmlCache Behavior ::run [ RunTime:0.000426s ]
INFO: ShowRuntime Behavior ::run [ RunTime:0.000650s ]
INFO: [ view_filter ] --END-- [ RunTime:0.002951s ]
INFO: [ view_end ] --START--
INFO: ShowPageTrace Behavior ::run [ RunTime:0.000833s ]
INFO: [ view_end ] --END-- [ RunTime:0.000907s ]

[ 2013-08-19T15:54:28+08:00 ] 127.0.0.1 /jsk/admin.php/Layout/center?_=1376898867469
INFO: [ app_begin ] --START--
INFO: ReadHtmlCache Behavior ::run [ RunTime:0.001306s ]
INFO: [ app_begin ] --END-- [ RunTime:0.001458s ]
NOTIC: [8] Constant THEME_NAME already defined E:\wamp\www\jsk\ThinkPHP\Lib\Core\View.class.php 第 223 行.
NOTIC: [8] Constant THEME_PATH already defined E:\wamp\www\jsk\ThinkPHP\Lib\Core\View.class.php 第 174 行.
NOTIC: [8] Constant APP_TMPL_PATH already defined E:\wamp\www\jsk\ThinkPHP\Lib\Core\View.class.php 第 175 行.
INFO: [ view_parse ] --START--
INFO: ParseTemplate Behavior ::run [ RunTime:0.027681s ]
INFO: [ view_parse ] --END-- [ RunTime:0.027790s ]
INFO: [ view_filter ] --START--
INFO: ContentReplace Behavior ::run [ RunTime:0.000960s ]
INFO: TokenBuild Behavior ::run [ RunTime:0.000681s ]
INFO: WriteHtmlCache Behavior ::run [ RunTime:0.000544s ]
INFO: ShowRuntime Behavior ::run [ RunTime:0.000791s ]
INFO: [ view_filter ] --END-- [ RunTime:0.003182s ]
INFO: [ view_end ] --START--
INFO: ShowPageTrace Behavior ::run [ RunTime:0.000966s ]
INFO: [ view_end ] --END-- [ RunTime:0.001032s ]

[ 2013-08-19T15:54:29+08:00 ] 127.0.0.1 /jsk/admin.php/Layout/mytable?_=1376898869130
INFO: [ app_begin ] --START--
INFO: ReadHtmlCache Behavior ::run [ RunTime:0.000662s ]
INFO: [ app_begin ] --END-- [ RunTime:0.000731s ]
NOTIC: [8] Constant THEME_NAME already defined E:\wamp\www\jsk\ThinkPHP\Lib\Core\View.class.php 第 223 行.
NOTIC: [8] Constant THEME_PATH already defined E:\wamp\www\jsk\ThinkPHP\Lib\Core\View.class.php 第 174 行.
NOTIC: [8] Constant APP_TMPL_PATH already defined E:\wamp\www\jsk\ThinkPHP\Lib\Core\View.class.php 第 175 行.
INFO: [ view_parse ] --START--
INFO: ParseTemplate Behavior ::run [ RunTime:0.004018s ]
INFO: [ view_parse ] --END-- [ RunTime:0.004173s ]
INFO: [ view_filter ] --START--
INFO: ContentReplace Behavior ::run [ RunTime:0.000459s ]
INFO: TokenBuild Behavior ::run [ RunTime:0.000463s ]
INFO: WriteHtmlCache Behavior ::run [ RunTime:0.000429s ]
INFO: ShowRuntime Behavior ::run [ RunTime:0.002454s ]
INFO: [ view_filter ] --END-- [ RunTime:0.004030s ]
INFO: [ view_end ] --START--
INFO: ShowPageTrace Behavior ::run [ RunTime:0.000839s ]
INFO: [ view_end ] --END-- [ RunTime:0.000913s ]

[ 2013-08-19T15:54:35+08:00 ] 127.0.0.1 /jsk/admin.php/Public/logout
INFO: [ app_begin ] --START--
INFO: ReadHtmlCache Behavior ::run [ RunTime:0.001009s ]
INFO: [ app_begin ] --END-- [ RunTime:0.001103s ]
NOTIC: [8] Use of undefined constant a - assumed 'a' E:\wamp\www\jsk\Admin\Lib\Action\PublicAction.class.php 第 44 行.

[ 2013-08-19T15:56:38+08:00 ] 127.0.0.1 /jsk/admin.php/Layout/north?_=1376898998675
INFO: [ app_begin ] --START--
INFO: ReadHtmlCache Behavior ::run [ RunTime:0.000885s ]
INFO: [ app_begin ] --END-- [ RunTime:0.000967s ]
NOTIC: [8] Constant THEME_NAME already defined E:\wamp\www\jsk\ThinkPHP\Lib\Core\View.class.php 第 223 行.
NOTIC: [8] Constant THEME_PATH already defined E:\wamp\www\jsk\ThinkPHP\Lib\Core\View.class.php 第 174 行.
NOTIC: [8] Constant APP_TMPL_PATH already defined E:\wamp\www\jsk\ThinkPHP\Lib\Core\View.class.php 第 175 行.
INFO: [ view_parse ] --START--
INFO: ParseTemplate Behavior ::run [ RunTime:0.012260s ]
INFO: [ view_parse ] --END-- [ RunTime:0.012354s ]
INFO: [ view_filter ] --START--
INFO: ContentReplace Behavior ::run [ RunTime:0.000507s ]
INFO: TokenBuild Behavior ::run [ RunTime:0.000456s ]
INFO: WriteHtmlCache Behavior ::run [ RunTime:0.000337s ]
INFO: ShowRuntime Behavior ::run [ RunTime:0.009716s ]
INFO: [ view_filter ] --END-- [ RunTime:0.011230s ]
INFO: [ view_end ] --START--
INFO: ShowPageTrace Behavior ::run [ RunTime:0.000756s ]
INFO: [ view_end ] --END-- [ RunTime:0.000825s ]

[ 2013-08-19T15:56:38+08:00 ] 127.0.0.1 /jsk/admin.php/Layout/west?_=1376898998681
INFO: [ app_begin ] --START--
INFO: ReadHtmlCache Behavior ::run [ RunTime:0.001245s ]
INFO: [ app_begin ] --END-- [ RunTime:0.001340s ]
SQL: SHOW COLUMNS FROM `node` [ RunTime:0.006724s ]
SQL: SELECT * FROM `node` WHERE ( level=2 and ismenu=1 and status=1 ) ORDER BY sort  [ RunTime:0.001777s ]
SQL: SELECT * FROM `node` WHERE ( 1=1 AND pid='12' ) ORDER BY sort  [ RunTime:0.000642s ]
SQL: SELECT * FROM `node` WHERE ( 1=1 AND pid='16' ) ORDER BY sort  [ RunTime:0.000377s ]
SQL: SELECT * FROM `node` WHERE ( 1=1 AND pid='20' ) ORDER BY sort  [ RunTime:0.000375s ]
SQL: SELECT * FROM `node` WHERE ( 1=1 AND pid='25' ) ORDER BY sort  [ RunTime:0.000326s ]
SQL: SELECT * FROM `node` WHERE ( 1=1 AND pid='28' ) ORDER BY sort  [ RunTime:0.002958s ]
SQL: SELECT * FROM `node` WHERE ( 1=1 AND pid='32' ) ORDER BY sort  [ RunTime:0.000480s ]
SQL: SELECT * FROM `node` WHERE ( 1=1 AND pid='34' ) ORDER BY sort  [ RunTime:0.000382s ]
SQL: SELECT * FROM `node` WHERE ( 1=1 AND pid='37' ) ORDER BY sort  [ RunTime:0.000538s ]
SQL: SELECT * FROM `node` WHERE ( 1=1 AND pid='2' ) ORDER BY sort  [ RunTime:0.000463s ]
INFO: [ view_parse ] --START--
INFO: ParseTemplate Behavior ::run [ RunTime:0.011201s ]
INFO: [ view_parse ] --END-- [ RunTime:0.011295s ]
INFO: [ view_filter ] --START--
INFO: ContentReplace Behavior ::run [ RunTime:0.000607s ]
INFO: TokenBuild Behavior ::run [ RunTime:0.000456s ]
INFO: WriteHtmlCache Behavior ::run [ RunTime:0.000348s ]
INFO: ShowRuntime Behavior ::run [ RunTime:0.000570s ]
INFO: [ view_filter ] --END-- [ RunTime:0.002155s ]
INFO: [ view_end ] --START--
INFO: ShowPageTrace Behavior ::run [ RunTime:0.000827s ]
INFO: [ view_end ] --END-- [ RunTime:0.000895s ]

[ 2013-08-19T15:56:38+08:00 ] 127.0.0.1 /jsk/admin.php/Layout/east?_=1376898998693
INFO: [ app_begin ] --START--
INFO: ReadHtmlCache Behavior ::run [ RunTime:0.000674s ]
INFO: [ app_begin ] --END-- [ RunTime:0.000747s ]
INFO: [ view_parse ] --START--
INFO: ParseTemplate Behavior ::run [ RunTime:0.012813s ]
INFO: [ view_parse ] --END-- [ RunTime:0.012935s ]
INFO: [ view_filter ] --START--
INFO: ContentReplace Behavior ::run [ RunTime:0.000493s ]
INFO: TokenBuild Behavior ::run [ RunTime:0.000498s ]
INFO: WriteHtmlCache Behavior ::run [ RunTime:0.000343s ]
INFO: ShowRuntime Behavior ::run [ RunTime:0.000579s ]
INFO: [ view_filter ] --END-- [ RunTime:0.002106s ]
INFO: [ view_end ] --START--
INFO: ShowPageTrace Behavior ::run [ RunTime:0.001113s ]
INFO: [ view_end ] --END-- [ RunTime:0.001186s ]

[ 2013-08-19T15:56:38+08:00 ] 127.0.0.1 /jsk/admin.php/Layout/center?_=1376898998684
INFO: [ app_begin ] --START--
INFO: ReadHtmlCache Behavior ::run [ RunTime:0.000927s ]
INFO: [ app_begin ] --END-- [ RunTime:0.001013s ]
NOTIC: [8] Constant THEME_NAME already defined E:\wamp\www\jsk\ThinkPHP\Lib\Core\View.class.php 第 223 行.
NOTIC: [8] Constant THEME_PATH already defined E:\wamp\www\jsk\ThinkPHP\Lib\Core\View.class.php 第 174 行.
NOTIC: [8] Constant APP_TMPL_PATH already defined E:\wamp\www\jsk\ThinkPHP\Lib\Core\View.class.php 第 175 行.
INFO: [ view_parse ] --START--
INFO: ParseTemplate Behavior ::run [ RunTime:0.018849s ]
INFO: [ view_parse ] --END-- [ RunTime:0.019106s ]
INFO: [ view_filter ] --START--
INFO: ContentReplace Behavior ::run [ RunTime:0.001725s ]
INFO: TokenBuild Behavior ::run [ RunTime:0.000736s ]
INFO: WriteHtmlCache Behavior ::run [ RunTime:0.000902s ]
INFO: ShowRuntime Behavior ::run [ RunTime:0.000893s ]
INFO: [ view_filter ] --END-- [ RunTime:0.004497s ]
INFO: [ view_end ] --START--
INFO: ShowPageTrace Behavior ::run [ RunTime:0.000970s ]
INFO: [ view_end ] --END-- [ RunTime:0.001042s ]

[ 2013-08-19T15:56:38+08:00 ] 127.0.0.1 /jsk/admin.php/Layout/south?_=1376898998701
INFO: [ app_begin ] --START--
INFO: ReadHtmlCache Behavior ::run [ RunTime:0.012087s ]
INFO: [ app_begin ] --END-- [ RunTime:0.012175s ]
NOTIC: [8] Constant THEME_NAME already defined E:\wamp\www\jsk\ThinkPHP\Lib\Core\View.class.php 第 223 行.
NOTIC: [8] Constant THEME_PATH already defined E:\wamp\www\jsk\ThinkPHP\Lib\Core\View.class.php 第 174 行.
NOTIC: [8] Constant APP_TMPL_PATH already defined E:\wamp\www\jsk\ThinkPHP\Lib\Core\View.class.php 第 175 行.
INFO: [ view_parse ] --START--
INFO: ParseTemplate Behavior ::run [ RunTime:0.012276s ]
INFO: [ view_parse ] --END-- [ RunTime:0.012392s ]
INFO: [ view_filter ] --START--
INFO: ContentReplace Behavior ::run [ RunTime:0.000783s ]
INFO: TokenBuild Behavior ::run [ RunTime:0.000779s ]
INFO: WriteHtmlCache Behavior ::run [ RunTime:0.000612s ]
INFO: ShowRuntime Behavior ::run [ RunTime:0.000808s ]
INFO: [ view_filter ] --END-- [ RunTime:0.003188s ]
INFO: [ view_end ] --START--
INFO: ShowPageTrace Behavior ::run [ RunTime:0.001313s ]
INFO: [ view_end ] --END-- [ RunTime:0.001417s ]

[ 2013-08-19T15:56:39+08:00 ] 127.0.0.1 /jsk/admin.php/Layout/mytable?_=1376898999371
INFO: [ app_begin ] --START--
INFO: ReadHtmlCache Behavior ::run [ RunTime:0.000699s ]
INFO: [ app_begin ] --END-- [ RunTime:0.000776s ]
NOTIC: [8] Constant THEME_NAME already defined E:\wamp\www\jsk\ThinkPHP\Lib\Core\View.class.php 第 223 行.
NOTIC: [8] Constant THEME_PATH already defined E:\wamp\www\jsk\ThinkPHP\Lib\Core\View.class.php 第 174 行.
NOTIC: [8] Constant APP_TMPL_PATH already defined E:\wamp\www\jsk\ThinkPHP\Lib\Core\View.class.php 第 175 行.
INFO: [ view_parse ] --START--
INFO: ParseTemplate Behavior ::run [ RunTime:0.004972s ]
INFO: [ view_parse ] --END-- [ RunTime:0.005093s ]
INFO: [ view_filter ] --START--
INFO: ContentReplace Behavior ::run [ RunTime:0.000543s ]
INFO: TokenBuild Behavior ::run [ RunTime:0.000472s ]
INFO: WriteHtmlCache Behavior ::run [ RunTime:0.000352s ]
INFO: ShowRuntime Behavior ::run [ RunTime:0.000558s ]
INFO: [ view_filter ] --END-- [ RunTime:0.002113s ]
INFO: [ view_end ] --START--
INFO: ShowPageTrace Behavior ::run [ RunTime:0.003018s ]
INFO: [ view_end ] --END-- [ RunTime:0.003106s ]

[ 2013-08-19T15:57:10+08:00 ] 127.0.0.1 /jsk/admin.php/Public/logout
INFO: [ app_begin ] --START--
INFO: ReadHtmlCache Behavior ::run [ RunTime:0.001096s ]
INFO: [ app_begin ] --END-- [ RunTime:0.001173s ]
NOTIC: [8] Use of undefined constant a - assumed 'a' E:\wamp\www\jsk\Admin\Lib\Action\PublicAction.class.php 第 44 行.

[ 2013-08-19T15:57:41+08:00 ] 127.0.0.1 /jsk/admin.php/Layout/north?_=1376899061471
INFO: [ app_begin ] --START--
INFO: ReadHtmlCache Behavior ::run [ RunTime:0.000963s ]
INFO: [ app_begin ] --END-- [ RunTime:0.001052s ]
NOTIC: [8] Constant THEME_NAME already defined E:\wamp\www\jsk\ThinkPHP\Lib\Core\View.class.php 第 223 行.
NOTIC: [8] Constant THEME_PATH already defined E:\wamp\www\jsk\ThinkPHP\Lib\Core\View.class.php 第 174 行.
NOTIC: [8] Constant APP_TMPL_PATH already defined E:\wamp\www\jsk\ThinkPHP\Lib\Core\View.class.php 第 175 行.
INFO: [ view_parse ] --START--
INFO: ParseTemplate Behavior ::run [ RunTime:0.014950s ]
INFO: [ view_parse ] --END-- [ RunTime:0.015058s ]
INFO: [ view_filter ] --START--
INFO: ContentReplace Behavior ::run [ RunTime:0.000588s ]
INFO: TokenBuild Behavior ::run [ RunTime:0.000537s ]
INFO: WriteHtmlCache Behavior ::run [ RunTime:0.000371s ]
INFO: ShowRuntime Behavior ::run [ RunTime:0.001447s ]
INFO: [ view_filter ] --END-- [ RunTime:0.003179s ]
INFO: [ view_end ] --START--
INFO: ShowPageTrace Behavior ::run [ RunTime:0.000815s ]
INFO: [ view_end ] --END-- [ RunTime:0.000891s ]

[ 2013-08-19T15:57:41+08:00 ] 127.0.0.1 /jsk/admin.php/Layout/west?_=1376899061493
INFO: [ app_begin ] --START--
INFO: ReadHtmlCache Behavior ::run [ RunTime:0.000743s ]
INFO: [ app_begin ] --END-- [ RunTime:0.000824s ]
SQL: SHOW COLUMNS FROM `node` [ RunTime:0.007543s ]
SQL: SELECT * FROM `node` WHERE ( level=2 and ismenu=1 and status=1 ) ORDER BY sort  [ RunTime:0.000724s ]
SQL: SELECT * FROM `node` WHERE ( 1=1 AND pid='12' ) ORDER BY sort  [ RunTime:0.000507s ]
SQL: SELECT * FROM `node` WHERE ( 1=1 AND pid='16' ) ORDER BY sort  [ RunTime:0.000408s ]
SQL: SELECT * FROM `node` WHERE ( 1=1 AND pid='20' ) ORDER BY sort  [ RunTime:0.000398s ]
SQL: SELECT * FROM `node` WHERE ( 1=1 AND pid='25' ) ORDER BY sort  [ RunTime:0.000502s ]
SQL: SELECT * FROM `node` WHERE ( 1=1 AND pid='28' ) ORDER BY sort  [ RunTime:0.000366s ]
SQL: SELECT * FROM `node` WHERE ( 1=1 AND pid='32' ) ORDER BY sort  [ RunTime:0.000298s ]
SQL: SELECT * FROM `node` WHERE ( 1=1 AND pid='34' ) ORDER BY sort  [ RunTime:0.000314s ]
SQL: SELECT * FROM `node` WHERE ( 1=1 AND pid='37' ) ORDER BY sort  [ RunTime:0.000275s ]
SQL: SELECT * FROM `node` WHERE ( 1=1 AND pid='2' ) ORDER BY sort  [ RunTime:0.000458s ]
INFO: [ view_parse ] --START--
INFO: ParseTemplate Behavior ::run [ RunTime:0.014630s ]
INFO: [ view_parse ] --END-- [ RunTime:0.014736s ]
INFO: [ view_filter ] --START--
INFO: ContentReplace Behavior ::run [ RunTime:0.000631s ]
INFO: TokenBuild Behavior ::run [ RunTime:0.000550s ]
INFO: WriteHtmlCache Behavior ::run [ RunTime:0.000571s ]
INFO: ShowRuntime Behavior ::run [ RunTime:0.000870s ]
INFO: [ view_filter ] --END-- [ RunTime:0.002896s ]
INFO: [ view_end ] --START--
INFO: ShowPageTrace Behavior ::run [ RunTime:0.001249s ]
INFO: [ view_end ] --END-- [ RunTime:0.001362s ]

[ 2013-08-19T15:57:41+08:00 ] 127.0.0.1 /jsk/admin.php/Layout/east?_=1376899061504
INFO: [ app_begin ] --START--
INFO: ReadHtmlCache Behavior ::run [ RunTime:0.000771s ]
INFO: [ app_begin ] --END-- [ RunTime:0.000853s ]
INFO: [ view_parse ] --START--
INFO: ParseTemplate Behavior ::run [ RunTime:0.008670s ]
INFO: [ view_parse ] --END-- [ RunTime:0.008781s ]
INFO: [ view_filter ] --START--
INFO: ContentReplace Behavior ::run [ RunTime:0.000515s ]
INFO: TokenBuild Behavior ::run [ RunTime:0.000493s ]
INFO: WriteHtmlCache Behavior ::run [ RunTime:0.000345s ]
INFO: ShowRuntime Behavior ::run [ RunTime:0.000560s ]
INFO: [ view_filter ] --END-- [ RunTime:0.002114s ]
INFO: [ view_end ] --START--
INFO: ShowPageTrace Behavior ::run [ RunTime:0.001000s ]
INFO: [ view_end ] --END-- [ RunTime:0.001089s ]

[ 2013-08-19T15:57:41+08:00 ] 127.0.0.1 /jsk/admin.php/Layout/center?_=1376899061500
INFO: [ app_begin ] --START--
INFO: ReadHtmlCache Behavior ::run [ RunTime:0.000818s ]
INFO: [ app_begin ] --END-- [ RunTime:0.000895s ]
NOTIC: [8] Constant THEME_NAME already defined E:\wamp\www\jsk\ThinkPHP\Lib\Core\View.class.php 第 223 行.
NOTIC: [8] Constant THEME_PATH already defined E:\wamp\www\jsk\ThinkPHP\Lib\Core\View.class.php 第 174 行.
NOTIC: [8] Constant APP_TMPL_PATH already defined E:\wamp\www\jsk\ThinkPHP\Lib\Core\View.class.php 第 175 行.
INFO: [ view_parse ] --START--
INFO: ParseTemplate Behavior ::run [ RunTime:0.009951s ]
INFO: [ view_parse ] --END-- [ RunTime:0.010055s ]
INFO: [ view_filter ] --START--
INFO: ContentReplace Behavior ::run [ RunTime:0.000581s ]
INFO: TokenBuild Behavior ::run [ RunTime:0.000506s ]
INFO: WriteHtmlCache Behavior ::run [ RunTime:0.000582s ]
INFO: ShowRuntime Behavior ::run [ RunTime:0.000651s ]
INFO: [ view_filter ] --END-- [ RunTime:0.002545s ]
INFO: [ view_end ] --START--
INFO: ShowPageTrace Behavior ::run [ RunTime:0.000821s ]
INFO: [ view_end ] --END-- [ RunTime:0.000900s ]

[ 2013-08-19T15:57:41+08:00 ] 127.0.0.1 /jsk/admin.php/Layout/south?_=1376899061510
INFO: [ app_begin ] --START--
INFO: ReadHtmlCache Behavior ::run [ RunTime:0.001588s ]
INFO: [ app_begin ] --END-- [ RunTime:0.001727s ]
NOTIC: [8] Constant THEME_NAME already defined E:\wamp\www\jsk\ThinkPHP\Lib\Core\View.class.php 第 223 行.
NOTIC: [8] Constant THEME_PATH already defined E:\wamp\www\jsk\ThinkPHP\Lib\Core\View.class.php 第 174 行.
NOTIC: [8] Constant APP_TMPL_PATH already defined E:\wamp\www\jsk\ThinkPHP\Lib\Core\View.class.php 第 175 行.
INFO: [ view_parse ] --START--
INFO: ParseTemplate Behavior ::run [ RunTime:0.008429s ]
INFO: [ view_parse ] --END-- [ RunTime:0.008534s ]
INFO: [ view_filter ] --START--
INFO: ContentReplace Behavior ::run [ RunTime:0.000488s ]
INFO: TokenBuild Behavior ::run [ RunTime:0.000460s ]
INFO: WriteHtmlCache Behavior ::run [ RunTime:0.000353s ]
INFO: ShowRuntime Behavior ::run [ RunTime:0.000541s ]
INFO: [ view_filter ] --END-- [ RunTime:0.002018s ]
INFO: [ view_end ] --START--
INFO: ShowPageTrace Behavior ::run [ RunTime:0.002138s ]
INFO: [ view_end ] --END-- [ RunTime:0.002220s ]

[ 2013-08-19T15:57:42+08:00 ] 127.0.0.1 /jsk/admin.php/Layout/mytable?_=1376899062027
INFO: [ app_begin ] --START--
INFO: ReadHtmlCache Behavior ::run [ RunTime:0.000707s ]
INFO: [ app_begin ] --END-- [ RunTime:0.000786s ]
NOTIC: [8] Constant THEME_NAME already defined E:\wamp\www\jsk\ThinkPHP\Lib\Core\View.class.php 第 223 行.
NOTIC: [8] Constant THEME_PATH already defined E:\wamp\www\jsk\ThinkPHP\Lib\Core\View.class.php 第 174 行.
NOTIC: [8] Constant APP_TMPL_PATH already defined E:\wamp\www\jsk\ThinkPHP\Lib\Core\View.class.php 第 175 行.
INFO: [ view_parse ] --START--
INFO: ParseTemplate Behavior ::run [ RunTime:0.004584s ]
INFO: [ view_parse ] --END-- [ RunTime:0.004711s ]
INFO: [ view_filter ] --START--
INFO: ContentReplace Behavior ::run [ RunTime:0.000524s ]
INFO: TokenBuild Behavior ::run [ RunTime:0.000534s ]
INFO: WriteHtmlCache Behavior ::run [ RunTime:0.000387s ]
INFO: ShowRuntime Behavior ::run [ RunTime:0.000610s ]
INFO: [ view_filter ] --END-- [ RunTime:0.002256s ]
INFO: [ view_end ] --START--
INFO: ShowPageTrace Behavior ::run [ RunTime:0.000763s ]
INFO: [ view_end ] --END-- [ RunTime:0.000831s ]

[ 2013-08-19T15:59:47+08:00 ] 127.0.0.1 /jsk/admin.php/Public/logout
INFO: [ app_begin ] --START--
INFO: ReadHtmlCache Behavior ::run [ RunTime:0.000935s ]
INFO: [ app_begin ] --END-- [ RunTime:0.001016s ]
NOTIC: [8] Use of undefined constant a - assumed 'a' E:\wamp\www\jsk\Admin\Lib\Action\PublicAction.class.php 第 44 行.

[ 2013-08-19T16:03:07+08:00 ] 127.0.0.1 /jsk/admin.php/Layout/north?_=1376899387041
INFO: [ app_begin ] --START--
INFO: ReadHtmlCache Behavior ::run [ RunTime:0.000770s ]
INFO: [ app_begin ] --END-- [ RunTime:0.000848s ]
NOTIC: [8] Constant THEME_NAME already defined E:\wamp\www\jsk\ThinkPHP\Lib\Core\View.class.php 第 223 行.
NOTIC: [8] Constant THEME_PATH already defined E:\wamp\www\jsk\ThinkPHP\Lib\Core\View.class.php 第 174 行.
NOTIC: [8] Constant APP_TMPL_PATH already defined E:\wamp\www\jsk\ThinkPHP\Lib\Core\View.class.php 第 175 行.
INFO: [ view_parse ] --START--
INFO: ParseTemplate Behavior ::run [ RunTime:0.019670s ]
INFO: [ view_parse ] --END-- [ RunTime:0.019777s ]
INFO: [ view_filter ] --START--
INFO: ContentReplace Behavior ::run [ RunTime:0.000580s ]
INFO: TokenBuild Behavior ::run [ RunTime:0.000470s ]
INFO: WriteHtmlCache Behavior ::run [ RunTime:0.000350s ]
INFO: ShowRuntime Behavior ::run [ RunTime:0.000558s ]
INFO: [ view_filter ] --END-- [ RunTime:0.002156s ]
INFO: [ view_end ] --START--
INFO: ShowPageTrace Behavior ::run [ RunTime:0.000709s ]
INFO: [ view_end ] --END-- [ RunTime:0.000776s ]

[ 2013-08-19T16:03:07+08:00 ] 127.0.0.1 /jsk/admin.php/Layout/center?_=1376899387053
INFO: [ app_begin ] --START--
INFO: ReadHtmlCache Behavior ::run [ RunTime:0.000628s ]
INFO: [ app_begin ] --END-- [ RunTime:0.000696s ]
NOTIC: [8] Constant THEME_NAME already defined E:\wamp\www\jsk\ThinkPHP\Lib\Core\View.class.php 第 223 行.
NOTIC: [8] Constant THEME_PATH already defined E:\wamp\www\jsk\ThinkPHP\Lib\Core\View.class.php 第 174 行.
NOTIC: [8] Constant APP_TMPL_PATH already defined E:\wamp\www\jsk\ThinkPHP\Lib\Core\View.class.php 第 175 行.
INFO: [ view_parse ] --START--
INFO: ParseTemplate Behavior ::run [ RunTime:0.009490s ]
INFO: [ view_parse ] --END-- [ RunTime:0.009583s ]
INFO: [ view_filter ] --START--
INFO: ContentReplace Behavior ::run [ RunTime:0.024713s ]
INFO: TokenBuild Behavior ::run [ RunTime:0.000672s ]
INFO: WriteHtmlCache Behavior ::run [ RunTime:0.000354s ]
INFO: ShowRuntime Behavior ::run [ RunTime:0.002067s ]
INFO: [ view_filter ] --END-- [ RunTime:0.028047s ]
INFO: [ view_end ] --START--
INFO: ShowPageTrace Behavior ::run [ RunTime:0.000872s ]
INFO: [ view_end ] --END-- [ RunTime:0.000939s ]

[ 2013-08-19T16:03:07+08:00 ] 127.0.0.1 /jsk/admin.php/Layout/south?_=1376899387061
INFO: [ app_begin ] --START--
INFO: ReadHtmlCache Behavior ::run [ RunTime:0.000860s ]
INFO: [ app_begin ] --END-- [ RunTime:0.000937s ]
NOTIC: [8] Constant THEME_NAME already defined E:\wamp\www\jsk\ThinkPHP\Lib\Core\View.class.php 第 223 行.
NOTIC: [8] Constant THEME_PATH already defined E:\wamp\www\jsk\ThinkPHP\Lib\Core\View.class.php 第 174 行.
NOTIC: [8] Constant APP_TMPL_PATH already defined E:\wamp\www\jsk\ThinkPHP\Lib\Core\View.class.php 第 175 行.
INFO: [ view_parse ] --START--
INFO: ParseTemplate Behavior ::run [ RunTime:0.015408s ]
INFO: [ view_parse ] --END-- [ RunTime:0.015517s ]
INFO: [ view_filter ] --START--
INFO: ContentReplace Behavior ::run [ RunTime:0.000898s ]
INFO: TokenBuild Behavior ::run [ RunTime:0.000892s ]
INFO: WriteHtmlCache Behavior ::run [ RunTime:0.000818s ]
INFO: ShowRuntime Behavior ::run [ RunTime:0.000938s ]
INFO: [ view_filter ] --END-- [ RunTime:0.003813s ]
INFO: [ view_end ] --START--
INFO: ShowPageTrace Behavior ::run [ RunTime:0.001293s ]
INFO: [ view_end ] --END-- [ RunTime:0.001381s ]

[ 2013-08-19T16:03:07+08:00 ] 127.0.0.1 /jsk/admin.php/Layout/west?_=1376899387049
INFO: [ app_begin ] --START--
INFO: ReadHtmlCache Behavior ::run [ RunTime:0.000650s ]
INFO: [ app_begin ] --END-- [ RunTime:0.000722s ]
SQL: SHOW COLUMNS FROM `node` [ RunTime:0.004503s ]
SQL: SELECT * FROM `node` WHERE ( level=2 and ismenu=1 and status=1 ) ORDER BY sort  [ RunTime:0.000671s ]
SQL: SELECT * FROM `node` WHERE ( 1=1 AND pid='12' ) ORDER BY sort  [ RunTime:0.005226s ]
SQL: SELECT * FROM `node` WHERE ( 1=1 AND pid='16' ) ORDER BY sort  [ RunTime:0.000398s ]
SQL: SELECT * FROM `node` WHERE ( 1=1 AND pid='20' ) ORDER BY sort  [ RunTime:0.000383s ]
SQL: SELECT * FROM `node` WHERE ( 1=1 AND pid='25' ) ORDER BY sort  [ RunTime:0.000303s ]
SQL: SELECT * FROM `node` WHERE ( 1=1 AND pid='28' ) ORDER BY sort  [ RunTime:0.000421s ]
SQL: SELECT * FROM `node` WHERE ( 1=1 AND pid='32' ) ORDER BY sort  [ RunTime:0.000292s ]
SQL: SELECT * FROM `node` WHERE ( 1=1 AND pid='34' ) ORDER BY sort  [ RunTime:0.000297s ]
SQL: SELECT * FROM `node` WHERE ( 1=1 AND pid='37' ) ORDER BY sort  [ RunTime:0.000279s ]
SQL: SELECT * FROM `node` WHERE ( 1=1 AND pid='2' ) ORDER BY sort  [ RunTime:0.000396s ]
INFO: [ view_parse ] --START--
INFO: ParseTemplate Behavior ::run [ RunTime:0.012140s ]
INFO: [ view_parse ] --END-- [ RunTime:0.012252s ]
INFO: [ view_filter ] --START--
INFO: ContentReplace Behavior ::run [ RunTime:0.000662s ]
INFO: TokenBuild Behavior ::run [ RunTime:0.000620s ]
INFO: WriteHtmlCache Behavior ::run [ RunTime:0.000390s ]
INFO: ShowRuntime Behavior ::run [ RunTime:0.000625s ]
INFO: [ view_filter ] --END-- [ RunTime:0.002499s ]
INFO: [ view_end ] --START--
INFO: ShowPageTrace Behavior ::run [ RunTime:0.000840s ]
INFO: [ view_end ] --END-- [ RunTime:0.000916s ]

[ 2013-08-19T16:03:07+08:00 ] 127.0.0.1 /jsk/admin.php/Layout/east?_=1376899387057
INFO: [ app_begin ] --START--
INFO: ReadHtmlCache Behavior ::run [ RunTime:0.000698s ]
INFO: [ app_begin ] --END-- [ RunTime:0.000768s ]
INFO: [ view_parse ] --START--
INFO: ParseTemplate Behavior ::run [ RunTime:0.012230s ]
INFO: [ view_parse ] --END-- [ RunTime:0.012340s ]
INFO: [ view_filter ] --START--
INFO: ContentReplace Behavior ::run [ RunTime:0.000711s ]
INFO: TokenBuild Behavior ::run [ RunTime:0.000690s ]
INFO: WriteHtmlCache Behavior ::run [ RunTime:0.000577s ]
INFO: ShowRuntime Behavior ::run [ RunTime:0.000971s ]
INFO: [ view_filter ] --END-- [ RunTime:0.003153s ]
INFO: [ view_end ] --START--
INFO: ShowPageTrace Behavior ::run [ RunTime:0.001008s ]
INFO: [ view_end ] --END-- [ RunTime:0.001080s ]

[ 2013-08-19T16:03:07+08:00 ] 127.0.0.1 /jsk/admin.php/Layout/mytable?_=1376899387468
INFO: [ app_begin ] --START--
INFO: ReadHtmlCache Behavior ::run [ RunTime:0.001144s ]
INFO: [ app_begin ] --END-- [ RunTime:0.001276s ]
NOTIC: [8] Constant THEME_NAME already defined E:\wamp\www\jsk\ThinkPHP\Lib\Core\View.class.php 第 223 行.
NOTIC: [8] Constant THEME_PATH already defined E:\wamp\www\jsk\ThinkPHP\Lib\Core\View.class.php 第 174 行.
NOTIC: [8] Constant APP_TMPL_PATH already defined E:\wamp\www\jsk\ThinkPHP\Lib\Core\View.class.php 第 175 行.
INFO: [ view_parse ] --START--
INFO: ParseTemplate Behavior ::run [ RunTime:0.004150s ]
INFO: [ view_parse ] --END-- [ RunTime:0.004256s ]
INFO: [ view_filter ] --START--
INFO: ContentReplace Behavior ::run [ RunTime:0.000446s ]
INFO: TokenBuild Behavior ::run [ RunTime:0.001446s ]
INFO: WriteHtmlCache Behavior ::run [ RunTime:0.000426s ]
INFO: ShowRuntime Behavior ::run [ RunTime:0.000875s ]
INFO: [ view_filter ] --END-- [ RunTime:0.003491s ]
INFO: [ view_end ] --START--
INFO: ShowPageTrace Behavior ::run [ RunTime:0.002615s ]
INFO: [ view_end ] --END-- [ RunTime:0.002705s ]

[ 2013-08-19T16:03:40+08:00 ] 127.0.0.1 /jsk/admin.php/Layout/north?_=1376899420036
INFO: [ app_begin ] --START--
INFO: ReadHtmlCache Behavior ::run [ RunTime:0.002061s ]
INFO: [ app_begin ] --END-- [ RunTime:0.002163s ]
NOTIC: [8] Constant THEME_NAME already defined E:\wamp\www\jsk\ThinkPHP\Lib\Core\View.class.php 第 223 行.
NOTIC: [8] Constant THEME_PATH already defined E:\wamp\www\jsk\ThinkPHP\Lib\Core\View.class.php 第 174 行.
NOTIC: [8] Constant APP_TMPL_PATH already defined E:\wamp\www\jsk\ThinkPHP\Lib\Core\View.class.php 第 175 行.
INFO: [ view_parse ] --START--
INFO: ParseTemplate Behavior ::run [ RunTime:0.013587s ]
INFO: [ view_parse ] --END-- [ RunTime:0.013697s ]
INFO: [ view_filter ] --START--
INFO: ContentReplace Behavior ::run [ RunTime:0.000633s ]
INFO: TokenBuild Behavior ::run [ RunTime:0.000541s ]
INFO: WriteHtmlCache Behavior ::run [ RunTime:0.000390s ]
INFO: ShowRuntime Behavior ::run [ RunTime:0.000670s ]
INFO: [ view_filter ] --END-- [ RunTime:0.002462s ]
INFO: [ view_end ] --START--
INFO: ShowPageTrace Behavior ::run [ RunTime:0.000781s ]
INFO: [ view_end ] --END-- [ RunTime:0.000850s ]

[ 2013-08-19T16:03:40+08:00 ] 127.0.0.1 /jsk/admin.php/Layout/west?_=1376899420044
INFO: [ app_begin ] --START--
INFO: ReadHtmlCache Behavior ::run [ RunTime:0.000767s ]
INFO: [ app_begin ] --END-- [ RunTime:0.000893s ]
SQL: SHOW COLUMNS FROM `node` [ RunTime:0.007611s ]
SQL: SELECT * FROM `node` WHERE ( level=2 and ismenu=1 and status=1 ) ORDER BY sort  [ RunTime:0.000815s ]
SQL: SELECT * FROM `node` WHERE ( 1=1 AND pid='12' ) ORDER BY sort  [ RunTime:0.001001s ]
SQL: SELECT * FROM `node` WHERE ( 1=1 AND pid='16' ) ORDER BY sort  [ RunTime:0.000496s ]
SQL: SELECT * FROM `node` WHERE ( 1=1 AND pid='20' ) ORDER BY sort  [ RunTime:0.000493s ]
SQL: SELECT * FROM `node` WHERE ( 1=1 AND pid='25' ) ORDER BY sort  [ RunTime:0.000516s ]
SQL: SELECT * FROM `node` WHERE ( 1=1 AND pid='28' ) ORDER BY sort  [ RunTime:0.000505s ]
SQL: SELECT * FROM `node` WHERE ( 1=1 AND pid='32' ) ORDER BY sort  [ RunTime:0.000355s ]
SQL: SELECT * FROM `node` WHERE ( 1=1 AND pid='34' ) ORDER BY sort  [ RunTime:0.000330s ]
SQL: SELECT * FROM `node` WHERE ( 1=1 AND pid='37' ) ORDER BY sort  [ RunTime:0.000284s ]
SQL: SELECT * FROM `node` WHERE ( 1=1 AND pid='2' ) ORDER BY sort  [ RunTime:0.000439s ]
INFO: [ view_parse ] --START--
INFO: ParseTemplate Behavior ::run [ RunTime:0.012776s ]
INFO: [ view_parse ] --END-- [ RunTime:0.012914s ]
INFO: [ view_filter ] --START--
INFO: ContentReplace Behavior ::run [ RunTime:0.000642s ]
INFO: TokenBuild Behavior ::run [ RunTime:0.000600s ]
INFO: WriteHtmlCache Behavior ::run [ RunTime:0.000411s ]
INFO: ShowRuntime Behavior ::run [ RunTime:0.000655s ]
INFO: [ view_filter ] --END-- [ RunTime:0.002512s ]
INFO: [ view_end ] --START--
INFO: ShowPageTrace Behavior ::run [ RunTime:0.000855s ]
INFO: [ view_end ] --END-- [ RunTime:0.000926s ]

[ 2013-08-19T16:03:40+08:00 ] 127.0.0.1 /jsk/admin.php/Layout/center?_=1376899420048
INFO: [ app_begin ] --START--
INFO: ReadHtmlCache Behavior ::run [ RunTime:0.000780s ]
INFO: [ app_begin ] --END-- [ RunTime:0.000855s ]
NOTIC: [8] Constant THEME_NAME already defined E:\wamp\www\jsk\ThinkPHP\Lib\Core\View.class.php 第 223 行.
NOTIC: [8] Constant THEME_PATH already defined E:\wamp\www\jsk\ThinkPHP\Lib\Core\View.class.php 第 174 行.
NOTIC: [8] Constant APP_TMPL_PATH already defined E:\wamp\www\jsk\ThinkPHP\Lib\Core\View.class.php 第 175 行.
INFO: [ view_parse ] --START--
INFO: ParseTemplate Behavior ::run [ RunTime:0.009974s ]
INFO: [ view_parse ] --END-- [ RunTime:0.010086s ]
INFO: [ view_filter ] --START--
INFO: ContentReplace Behavior ::run [ RunTime:0.001472s ]
INFO: TokenBuild Behavior ::run [ RunTime:0.000621s ]
INFO: WriteHtmlCache Behavior ::run [ RunTime:0.000397s ]
INFO: ShowRuntime Behavior ::run [ RunTime:0.000649s ]
INFO: [ view_filter ] --END-- [ RunTime:0.003384s ]
INFO: [ view_end ] --START--
INFO: ShowPageTrace Behavior ::run [ RunTime:0.000817s ]
INFO: [ view_end ] --END-- [ RunTime:0.000895s ]

[ 2013-08-19T16:03:40+08:00 ] 127.0.0.1 /jsk/admin.php/Layout/east?_=1376899420054
INFO: [ app_begin ] --START--
INFO: ReadHtmlCache Behavior ::run [ RunTime:0.000654s ]
INFO: [ app_begin ] --END-- [ RunTime:0.000727s ]
INFO: [ view_parse ] --START--
INFO: ParseTemplate Behavior ::run [ RunTime:0.011614s ]
INFO: [ view_parse ] --END-- [ RunTime:0.011740s ]
INFO: [ view_filter ] --START--
INFO: ContentReplace Behavior ::run [ RunTime:0.000554s ]
INFO: TokenBuild Behavior ::run [ RunTime:0.000499s ]
INFO: WriteHtmlCache Behavior ::run [ RunTime:0.000431s ]
INFO: ShowRuntime Behavior ::run [ RunTime:0.000579s ]
INFO: [ view_filter ] --END-- [ RunTime:0.002384s ]
INFO: [ view_end ] --START--
INFO: ShowPageTrace Behavior ::run [ RunTime:0.000797s ]
INFO: [ view_end ] --END-- [ RunTime:0.000895s ]

[ 2013-08-19T16:03:40+08:00 ] 127.0.0.1 /jsk/admin.php/Layout/south?_=1376899420060
INFO: [ app_begin ] --START--
INFO: ReadHtmlCache Behavior ::run [ RunTime:0.000990s ]
INFO: [ app_begin ] --END-- [ RunTime:0.001083s ]
NOTIC: [8] Constant THEME_NAME already defined E:\wamp\www\jsk\ThinkPHP\Lib\Core\View.class.php 第 223 行.
NOTIC: [8] Constant THEME_PATH already defined E:\wamp\www\jsk\ThinkPHP\Lib\Core\View.class.php 第 174 行.
NOTIC: [8] Constant APP_TMPL_PATH already defined E:\wamp\www\jsk\ThinkPHP\Lib\Core\View.class.php 第 175 行.
INFO: [ view_parse ] --START--
INFO: ParseTemplate Behavior ::run [ RunTime:0.011505s ]
INFO: [ view_parse ] --END-- [ RunTime:0.011604s ]
INFO: [ view_filter ] --START--
INFO: ContentReplace Behavior ::run [ RunTime:0.000695s ]
INFO: TokenBuild Behavior ::run [ RunTime:0.000686s ]
INFO: WriteHtmlCache Behavior ::run [ RunTime:0.000584s ]
INFO: ShowRuntime Behavior ::run [ RunTime:0.000834s ]
INFO: [ view_filter ] --END-- [ RunTime:0.002992s ]
INFO: [ view_end ] --START--
INFO: ShowPageTrace Behavior ::run [ RunTime:0.001417s ]
INFO: [ view_end ] --END-- [ RunTime:0.001500s ]

[ 2013-08-19T16:03:40+08:00 ] 127.0.0.1 /jsk/admin.php/Layout/mytable?_=1376899420521
INFO: [ app_begin ] --START--
INFO: ReadHtmlCache Behavior ::run [ RunTime:0.000778s ]
INFO: [ app_begin ] --END-- [ RunTime:0.000860s ]
NOTIC: [8] Constant THEME_NAME already defined E:\wamp\www\jsk\ThinkPHP\Lib\Core\View.class.php 第 223 行.
NOTIC: [8] Constant THEME_PATH already defined E:\wamp\www\jsk\ThinkPHP\Lib\Core\View.class.php 第 174 行.
NOTIC: [8] Constant APP_TMPL_PATH already defined E:\wamp\www\jsk\ThinkPHP\Lib\Core\View.class.php 第 175 行.
INFO: [ view_parse ] --START--
INFO: ParseTemplate Behavior ::run [ RunTime:0.004384s ]
INFO: [ view_parse ] --END-- [ RunTime:0.004699s ]
INFO: [ view_filter ] --START--
INFO: ContentReplace Behavior ::run [ RunTime:0.000571s ]
INFO: TokenBuild Behavior ::run [ RunTime:0.000509s ]
INFO: WriteHtmlCache Behavior ::run [ RunTime:0.000388s ]
INFO: ShowRuntime Behavior ::run [ RunTime:0.002101s ]
INFO: [ view_filter ] --END-- [ RunTime:0.003792s ]
INFO: [ view_end ] --START--
INFO: ShowPageTrace Behavior ::run [ RunTime:0.000864s ]
INFO: [ view_end ] --END-- [ RunTime:0.000936s ]

[ 2013-08-19T16:03:44+08:00 ] 127.0.0.1 /jsk/admin.php/Public/logout
INFO: [ app_begin ] --START--
INFO: ReadHtmlCache Behavior ::run [ RunTime:0.000625s ]
INFO: [ app_begin ] --END-- [ RunTime:0.000692s ]
NOTIC: [8] Use of undefined constant a - assumed 'a' E:\wamp\www\jsk\Admin\Lib\Action\PublicAction.class.php 第 44 行.

[ 2013-08-19T16:24:08+08:00 ] 127.0.0.1 /jsk/admin.php/Layout/north?_=1376900648271
INFO: [ app_begin ] --START--
INFO: ReadHtmlCache Behavior ::run [ RunTime:0.000753s ]
INFO: [ app_begin ] --END-- [ RunTime:0.000831s ]
NOTIC: [8] Constant THEME_NAME already defined E:\wamp\www\jsk\ThinkPHP\Lib\Core\View.class.php 第 223 行.
NOTIC: [8] Constant THEME_PATH already defined E:\wamp\www\jsk\ThinkPHP\Lib\Core\View.class.php 第 174 行.
NOTIC: [8] Constant APP_TMPL_PATH already defined E:\wamp\www\jsk\ThinkPHP\Lib\Core\View.class.php 第 175 行.
INFO: [ view_parse ] --START--
INFO: ParseTemplate Behavior ::run [ RunTime:0.017047s ]
INFO: [ view_parse ] --END-- [ RunTime:0.017146s ]
INFO: [ view_filter ] --START--
INFO: ContentReplace Behavior ::run [ RunTime:0.000568s ]
INFO: TokenBuild Behavior ::run [ RunTime:0.002391s ]
INFO: WriteHtmlCache Behavior ::run [ RunTime:0.000371s ]
INFO: ShowRuntime Behavior ::run [ RunTime:0.000588s ]
INFO: [ view_filter ] --END-- [ RunTime:0.004160s ]
INFO: [ view_end ] --START--
INFO: ShowPageTrace Behavior ::run [ RunTime:0.000717s ]
INFO: [ view_end ] --END-- [ RunTime:0.000786s ]

[ 2013-08-19T16:24:08+08:00 ] 127.0.0.1 /jsk/admin.php/Layout/west?_=1376900648280
INFO: [ app_begin ] --START--
INFO: ReadHtmlCache Behavior ::run [ RunTime:0.000976s ]
INFO: [ app_begin ] --END-- [ RunTime:0.001067s ]
SQL: SHOW COLUMNS FROM `node` [ RunTime:0.006407s ]
SQL: SELECT * FROM `node` WHERE ( level=2 and ismenu=1 and status=1 ) ORDER BY sort  [ RunTime:0.000905s ]
SQL: SELECT * FROM `node` WHERE ( 1=1 AND pid='12' ) ORDER BY sort  [ RunTime:0.000801s ]
SQL: SELECT * FROM `node` WHERE ( 1=1 AND pid='16' ) ORDER BY sort  [ RunTime:0.000365s ]
SQL: SELECT * FROM `node` WHERE ( 1=1 AND pid='20' ) ORDER BY sort  [ RunTime:0.000357s ]
SQL: SELECT * FROM `node` WHERE ( 1=1 AND pid='25' ) ORDER BY sort  [ RunTime:0.000329s ]
SQL: SELECT * FROM `node` WHERE ( 1=1 AND pid='28' ) ORDER BY sort  [ RunTime:0.000330s ]
SQL: SELECT * FROM `node` WHERE ( 1=1 AND pid='32' ) ORDER BY sort  [ RunTime:0.000490s ]
SQL: SELECT * FROM `node` WHERE ( 1=1 AND pid='34' ) ORDER BY sort  [ RunTime:0.000360s ]
SQL: SELECT * FROM `node` WHERE ( 1=1 AND pid='37' ) ORDER BY sort  [ RunTime:0.000639s ]
SQL: SELECT * FROM `node` WHERE ( 1=1 AND pid='2' ) ORDER BY sort  [ RunTime:0.000453s ]
INFO: [ view_parse ] --START--
INFO: ParseTemplate Behavior ::run [ RunTime:0.018524s ]
INFO: [ view_parse ] --END-- [ RunTime:0.018659s ]
INFO: [ view_filter ] --START--
INFO: ContentReplace Behavior ::run [ RunTime:0.001124s ]
INFO: TokenBuild Behavior ::run [ RunTime:0.001809s ]
INFO: WriteHtmlCache Behavior ::run [ RunTime:0.001041s ]
INFO: ShowRuntime Behavior ::run [ RunTime:0.001295s ]
INFO: [ view_filter ] --END-- [ RunTime:0.005689s ]
INFO: [ view_end ] --START--
INFO: ShowPageTrace Behavior ::run [ RunTime:0.004270s ]
INFO: [ view_end ] --END-- [ RunTime:0.004469s ]

[ 2013-08-19T16:24:08+08:00 ] 127.0.0.1 /jsk/admin.php/Layout/center?_=1376900648284
INFO: [ app_begin ] --START--
INFO: ReadHtmlCache Behavior ::run [ RunTime:0.000883s ]
INFO: [ app_begin ] --END-- [ RunTime:0.000957s ]
NOTIC: [8] Constant THEME_NAME already defined E:\wamp\www\jsk\ThinkPHP\Lib\Core\View.class.php 第 223 行.
NOTIC: [8] Constant THEME_PATH already defined E:\wamp\www\jsk\ThinkPHP\Lib\Core\View.class.php 第 174 行.
NOTIC: [8] Constant APP_TMPL_PATH already defined E:\wamp\www\jsk\ThinkPHP\Lib\Core\View.class.php 第 175 行.
INFO: [ view_parse ] --START--
INFO: ParseTemplate Behavior ::run [ RunTime:0.024147s ]
INFO: [ view_parse ] --END-- [ RunTime:0.024264s ]
INFO: [ view_filter ] --START--
INFO: ContentReplace Behavior ::run [ RunTime:0.001087s ]
INFO: TokenBuild Behavior ::run [ RunTime:0.000974s ]
INFO: WriteHtmlCache Behavior ::run [ RunTime:0.000907s ]
INFO: ShowRuntime Behavior ::run [ RunTime:0.001116s ]
INFO: [ view_filter ] --END-- [ RunTime:0.004338s ]
INFO: [ view_end ] --START--
INFO: ShowPageTrace Behavior ::run [ RunTime:0.001250s ]
INFO: [ view_end ] --END-- [ RunTime:0.001332s ]

[ 2013-08-19T16:24:08+08:00 ] 127.0.0.1 /jsk/admin.php/Layout/east?_=1376900648288
INFO: [ app_begin ] --START--
INFO: ReadHtmlCache Behavior ::run [ RunTime:0.003189s ]
INFO: [ app_begin ] --END-- [ RunTime:0.003287s ]
INFO: [ view_parse ] --START--
INFO: ParseTemplate Behavior ::run [ RunTime:0.013882s ]
INFO: [ view_parse ] --END-- [ RunTime:0.014026s ]
INFO: [ view_filter ] --START--
INFO: ContentReplace Behavior ::run [ RunTime:0.000795s ]
INFO: TokenBuild Behavior ::run [ RunTime:0.000829s ]
INFO: WriteHtmlCache Behavior ::run [ RunTime:0.000679s ]
INFO: ShowRuntime Behavior ::run [ RunTime:0.000915s ]
INFO: [ view_filter ] --END-- [ RunTime:0.003467s ]
INFO: [ view_end ] --START--
INFO: ShowPageTrace Behavior ::run [ RunTime:0.001075s ]
INFO: [ view_end ] --END-- [ RunTime:0.001155s ]

[ 2013-08-19T16:24:08+08:00 ] 127.0.0.1 /jsk/admin.php/Layout/south?_=1376900648293
INFO: [ app_begin ] --START--
INFO: ReadHtmlCache Behavior ::run [ RunTime:0.000918s ]
INFO: [ app_begin ] --END-- [ RunTime:0.000997s ]
NOTIC: [8] Constant THEME_NAME already defined E:\wamp\www\jsk\ThinkPHP\Lib\Core\View.class.php 第 223 行.
NOTIC: [8] Constant THEME_PATH already defined E:\wamp\www\jsk\ThinkPHP\Lib\Core\View.class.php 第 174 行.
NOTIC: [8] Constant APP_TMPL_PATH already defined E:\wamp\www\jsk\ThinkPHP\Lib\Core\View.class.php 第 175 行.
INFO: [ view_parse ] --START--
INFO: ParseTemplate Behavior ::run [ RunTime:0.013451s ]
INFO: [ view_parse ] --END-- [ RunTime:0.013557s ]
INFO: [ view_filter ] --START--
INFO: ContentReplace Behavior ::run [ RunTime:0.000783s ]
INFO: TokenBuild Behavior ::run [ RunTime:0.000721s ]
INFO: WriteHtmlCache Behavior ::run [ RunTime:0.000838s ]
INFO: ShowRuntime Behavior ::run [ RunTime:0.001032s ]
INFO: [ view_filter ] --END-- [ RunTime:0.003580s ]
INFO: [ view_end ] --START--
INFO: ShowPageTrace Behavior ::run [ RunTime:0.002582s ]
INFO: [ view_end ] --END-- [ RunTime:0.002674s ]

[ 2013-08-19T16:24:08+08:00 ] 127.0.0.1 /jsk/admin.php/Layout/mytable?_=1376900648782
INFO: [ app_begin ] --START--
INFO: ReadHtmlCache Behavior ::run [ RunTime:0.000736s ]
INFO: [ app_begin ] --END-- [ RunTime:0.000811s ]
NOTIC: [8] Constant THEME_NAME already defined E:\wamp\www\jsk\ThinkPHP\Lib\Core\View.class.php 第 223 行.
NOTIC: [8] Constant THEME_PATH already defined E:\wamp\www\jsk\ThinkPHP\Lib\Core\View.class.php 第 174 行.
NOTIC: [8] Constant APP_TMPL_PATH already defined E:\wamp\www\jsk\ThinkPHP\Lib\Core\View.class.php 第 175 行.
INFO: [ view_parse ] --START--
INFO: ParseTemplate Behavior ::run [ RunTime:0.005123s ]
INFO: [ view_parse ] --END-- [ RunTime:0.005234s ]
INFO: [ view_filter ] --START--
INFO: ContentReplace Behavior ::run [ RunTime:0.001051s ]
INFO: TokenBuild Behavior ::run [ RunTime:0.000521s ]
INFO: WriteHtmlCache Behavior ::run [ RunTime:0.000395s ]
INFO: ShowRuntime Behavior ::run [ RunTime:0.001085s ]
INFO: [ view_filter ] --END-- [ RunTime:0.003266s ]
INFO: [ view_end ] --START--
INFO: ShowPageTrace Behavior ::run [ RunTime:0.001249s ]
INFO: [ view_end ] --END-- [ RunTime:0.001325s ]

[ 2013-08-19T16:24:18+08:00 ] 127.0.0.1 /jsk/admin.php/Config?_=1376900657925
INFO: [ app_begin ] --START--
INFO: ReadHtmlCache Behavior ::run [ RunTime:0.000787s ]
INFO: [ app_begin ] --END-- [ RunTime:0.000865s ]
INFO: [ view_parse ] --START--
INFO: ParseTemplate Behavior ::run [ RunTime:0.010924s ]
INFO: [ view_parse ] --END-- [ RunTime:0.011058s ]
INFO: [ view_filter ] --START--
INFO: ContentReplace Behavior ::run [ RunTime:0.000498s ]
INFO: TokenBuild Behavior ::run [ RunTime:0.001212s ]
INFO: WriteHtmlCache Behavior ::run [ RunTime:0.001539s ]
INFO: ShowRuntime Behavior ::run [ RunTime:0.001347s ]
INFO: [ view_filter ] --END-- [ RunTime:0.004870s ]
INFO: [ view_end ] --START--
INFO: ShowPageTrace Behavior ::run [ RunTime:0.001263s ]
INFO: [ view_end ] --END-- [ RunTime:0.001339s ]

[ 2013-08-19T17:13:45+08:00 ] 127.0.0.1 /jsk/admin.php/Config?_=1376903625242
INFO: [ app_begin ] --START--
INFO: ReadHtmlCache Behavior ::run [ RunTime:0.000834s ]
INFO: [ app_begin ] --END-- [ RunTime:0.000919s ]
INFO: [ view_parse ] --START--
INFO: ParseTemplate Behavior ::run [ RunTime:0.010102s ]
INFO: [ view_parse ] --END-- [ RunTime:0.010239s ]
INFO: [ view_filter ] --START--
INFO: ContentReplace Behavior ::run [ RunTime:0.000648s ]
INFO: TokenBuild Behavior ::run [ RunTime:0.000656s ]
INFO: WriteHtmlCache Behavior ::run [ RunTime:0.000522s ]
INFO: ShowRuntime Behavior ::run [ RunTime:0.000724s ]
INFO: [ view_filter ] --END-- [ RunTime:0.002833s ]
INFO: [ view_end ] --START--
INFO: ShowPageTrace Behavior ::run [ RunTime:0.000905s ]
INFO: [ view_end ] --END-- [ RunTime:0.000969s ]

[ 2013-08-19T17:13:58+08:00 ] 127.0.0.1 /jsk/admin.php/tabs_href_test.html?_=1376903638435
INFO: [ app_begin ] --START--
INFO: ReadHtmlCache Behavior ::run [ RunTime:0.001064s ]
INFO: [ app_begin ] --END-- [ RunTime:0.001157s ]
ERR: 无法加载模块:tabs_href_test

[ 2013-08-19T17:14:56+08:00 ] 127.0.0.1 /jsk/admin.php/Config?_=1376903696274
INFO: [ app_begin ] --START--
INFO: ReadHtmlCache Behavior ::run [ RunTime:0.000611s ]
INFO: [ app_begin ] --END-- [ RunTime:0.000673s ]
INFO: [ view_parse ] --START--
INFO: ParseTemplate Behavior ::run [ RunTime:0.009624s ]
INFO: [ view_parse ] --END-- [ RunTime:0.009770s ]
INFO: [ view_filter ] --START--
INFO: ContentReplace Behavior ::run [ RunTime:0.000687s ]
INFO: TokenBuild Behavior ::run [ RunTime:0.000748s ]
INFO: WriteHtmlCache Behavior ::run [ RunTime:0.000550s ]
INFO: ShowRuntime Behavior ::run [ RunTime:0.000809s ]
INFO: [ view_filter ] --END-- [ RunTime:0.003048s ]
INFO: [ view_end ] --START--
INFO: ShowPageTrace Behavior ::run [ RunTime:0.000992s ]
INFO: [ view_end ] --END-- [ RunTime:0.001059s ]

[ 2013-08-19T17:19:42+08:00 ] 127.0.0.1 /jsk/admin.php/Config?_=1376903982257
INFO: [ app_begin ] --START--
INFO: ReadHtmlCache Behavior ::run [ RunTime:0.000963s ]
INFO: [ app_begin ] --END-- [ RunTime:0.001059s ]
INFO: [ view_parse ] --START--
INFO: ParseTemplate Behavior ::run [ RunTime:0.009706s ]
INFO: [ view_parse ] --END-- [ RunTime:0.009839s ]
INFO: [ view_filter ] --START--
INFO: ContentReplace Behavior ::run [ RunTime:0.000695s ]
INFO: TokenBuild Behavior ::run [ RunTime:0.000673s ]
INFO: WriteHtmlCache Behavior ::run [ RunTime:0.000546s ]
INFO: ShowRuntime Behavior ::run [ RunTime:0.000748s ]
INFO: [ view_filter ] --END-- [ RunTime:0.002836s ]
INFO: [ view_end ] --START--
INFO: ShowPageTrace Behavior ::run [ RunTime:0.000922s ]
INFO: [ view_end ] --END-- [ RunTime:0.000984s ]

[ 2013-08-19T17:24:08+08:00 ] 127.0.0.1 /jsk/admin.php/Config?_=1376904248883
INFO: [ app_begin ] --START--
INFO: ReadHtmlCache Behavior ::run [ RunTime:0.004434s ]
INFO: [ app_begin ] --END-- [ RunTime:0.004594s ]
INFO: [ view_parse ] --START--
INFO: ParseTemplate Behavior ::run [ RunTime:0.011875s ]
INFO: [ view_parse ] --END-- [ RunTime:0.012159s ]
INFO: [ view_filter ] --START--
INFO: ContentReplace Behavior ::run [ RunTime:0.000763s ]
INFO: TokenBuild Behavior ::run [ RunTime:0.000696s ]
INFO: WriteHtmlCache Behavior ::run [ RunTime:0.000951s ]
INFO: ShowRuntime Behavior ::run [ RunTime:0.000783s ]
INFO: [ view_filter ] --END-- [ RunTime:0.003383s ]
INFO: [ view_end ] --START--
INFO: ShowPageTrace Behavior ::run [ RunTime:0.000970s ]
INFO: [ view_end ] --END-- [ RunTime:0.001031s ]

[ 2013-08-19T17:24:35+08:00 ] 127.0.0.1 /jsk/admin.php/Config?_=1376904275918
INFO: [ app_begin ] --START--
INFO: ReadHtmlCache Behavior ::run [ RunTime:0.000774s ]
INFO: [ app_begin ] --END-- [ RunTime:0.000851s ]
INFO: [ view_parse ] --START--
INFO: ParseTemplate Behavior ::run [ RunTime:0.009547s ]
INFO: [ view_parse ] --END-- [ RunTime:0.009663s ]
INFO: [ view_filter ] --START--
INFO: ContentReplace Behavior ::run [ RunTime:0.000505s ]
INFO: TokenBuild Behavior ::run [ RunTime:0.000462s ]
INFO: WriteHtmlCache Behavior ::run [ RunTime:0.000349s ]
INFO: ShowRuntime Behavior ::run [ RunTime:0.000546s ]
INFO: [ view_filter ] --END-- [ RunTime:0.002064s ]
INFO: [ view_end ] --START--
INFO: ShowPageTrace Behavior ::run [ RunTime:0.000717s ]
INFO: [ view_end ] --END-- [ RunTime:0.000779s ]

[ 2013-08-19T17:25:03+08:00 ] 127.0.0.1 /jsk/admin.php/Config?_=1376904303784
INFO: [ app_begin ] --START--
INFO: ReadHtmlCache Behavior ::run [ RunTime:0.000741s ]
INFO: [ app_begin ] --END-- [ RunTime:0.000816s ]
INFO: [ view_parse ] --START--
INFO: ParseTemplate Behavior ::run [ RunTime:0.009817s ]
INFO: [ view_parse ] --END-- [ RunTime:0.009930s ]
INFO: [ view_filter ] --START--
INFO: ContentReplace Behavior ::run [ RunTime:0.000479s ]
INFO: TokenBuild Behavior ::run [ RunTime:0.000478s ]
INFO: WriteHtmlCache Behavior ::run [ RunTime:0.000413s ]
INFO: ShowRuntime Behavior ::run [ RunTime:0.000575s ]
INFO: [ view_filter ] --END-- [ RunTime:0.002140s ]
INFO: [ view_end ] --START--
INFO: ShowPageTrace Behavior ::run [ RunTime:0.000878s ]
INFO: [ view_end ] --END-- [ RunTime:0.000943s ]

[ 2013-08-19T17:26:29+08:00 ] 127.0.0.1 /jsk/admin.php/Config?_=1376904389709
INFO: [ app_begin ] --START--
INFO: ReadHtmlCache Behavior ::run [ RunTime:0.001355s ]
INFO: [ app_begin ] --END-- [ RunTime:0.001447s ]
INFO: [ view_parse ] --START--
INFO: ParseTemplate Behavior ::run [ RunTime:0.012233s ]
INFO: [ view_parse ] --END-- [ RunTime:0.012365s ]
INFO: [ view_filter ] --START--
INFO: ContentReplace Behavior ::run [ RunTime:0.000732s ]
INFO: TokenBuild Behavior ::run [ RunTime:0.000709s ]
INFO: WriteHtmlCache Behavior ::run [ RunTime:0.000562s ]
INFO: ShowRuntime Behavior ::run [ RunTime:0.000805s ]
INFO: [ view_filter ] --END-- [ RunTime:0.002987s ]
INFO: [ view_end ] --START--
INFO: ShowPageTrace Behavior ::run [ RunTime:0.000939s ]
INFO: [ view_end ] --END-- [ RunTime:0.001001s ]

[ 2013-08-19T17:26:39+08:00 ] 127.0.0.1 /jsk/admin.php/Config?_=1376904399394
INFO: [ app_begin ] --START--
INFO: ReadHtmlCache Behavior ::run [ RunTime:0.003907s ]
INFO: [ app_begin ] --END-- [ RunTime:0.004009s ]
INFO: [ view_parse ] --START--
INFO: ParseTemplate Behavior ::run [ RunTime:0.009829s ]
INFO: [ view_parse ] --END-- [ RunTime:0.009958s ]
INFO: [ view_filter ] --START--
INFO: ContentReplace Behavior ::run [ RunTime:0.000462s ]
INFO: TokenBuild Behavior ::run [ RunTime:0.000444s ]
INFO: WriteHtmlCache Behavior ::run [ RunTime:0.000349s ]
INFO: ShowRuntime Behavior ::run [ RunTime:0.000699s ]
INFO: [ view_filter ] --END-- [ RunTime:0.002141s ]
INFO: [ view_end ] --START--
INFO: ShowPageTrace Behavior ::run [ RunTime:0.000825s ]
INFO: [ view_end ] --END-- [ RunTime:0.000892s ]

[ 2013-08-19T17:27:06+08:00 ] 127.0.0.1 /jsk/admin.php/Config?_=1376904426477
INFO: [ app_begin ] --START--
INFO: ReadHtmlCache Behavior ::run [ RunTime:0.000716s ]
INFO: [ app_begin ] --END-- [ RunTime:0.000790s ]
INFO: [ view_parse ] --START--
INFO: ParseTemplate Behavior ::run [ RunTime:0.008103s ]
INFO: [ view_parse ] --END-- [ RunTime:0.008219s ]
INFO: [ view_filter ] --START--
INFO: ContentReplace Behavior ::run [ RunTime:0.000465s ]
INFO: TokenBuild Behavior ::run [ RunTime:0.000457s ]
INFO: WriteHtmlCache Behavior ::run [ RunTime:0.000342s ]
INFO: ShowRuntime Behavior ::run [ RunTime:0.000568s ]
INFO: [ view_filter ] --END-- [ RunTime:0.002001s ]
INFO: [ view_end ] --START--
INFO: ShowPageTrace Behavior ::run [ RunTime:0.001726s ]
INFO: [ view_end ] --END-- [ RunTime:0.001802s ]

[ 2013-08-19T17:27:14+08:00 ] 127.0.0.1 /jsk/admin.php/Config?_=1376904434428
INFO: [ app_begin ] --START--
INFO: ReadHtmlCache Behavior ::run [ RunTime:0.000858s ]
INFO: [ app_begin ] --END-- [ RunTime:0.000922s ]
INFO: [ view_parse ] --START--
INFO: ParseTemplate Behavior ::run [ RunTime:0.010821s ]
INFO: [ view_parse ] --END-- [ RunTime:0.010949s ]
INFO: [ view_filter ] --START--
INFO: ContentReplace Behavior ::run [ RunTime:0.000664s ]
INFO: TokenBuild Behavior ::run [ RunTime:0.000703s ]
INFO: WriteHtmlCache Behavior ::run [ RunTime:0.000565s ]
INFO: ShowRuntime Behavior ::run [ RunTime:0.000783s ]
INFO: [ view_filter ] --END-- [ RunTime:0.002912s ]
INFO: [ view_end ] --START--
INFO: ShowPageTrace Behavior ::run [ RunTime:0.001008s ]
INFO: [ view_end ] --END-- [ RunTime:0.001074s ]

[ 2013-08-19T17:29:05+08:00 ] 127.0.0.1 /jsk/admin.php/Config?_=1376904545061
INFO: [ app_begin ] --START--
INFO: ReadHtmlCache Behavior ::run [ RunTime:0.001129s ]
INFO: [ app_begin ] --END-- [ RunTime:0.001259s ]
INFO: [ view_parse ] --START--
INFO: ParseTemplate Behavior ::run [ RunTime:0.009939s ]
INFO: [ view_parse ] --END-- [ RunTime:0.010081s ]
INFO: [ view_filter ] --START--
INFO: ContentReplace Behavior ::run [ RunTime:0.000504s ]
INFO: TokenBuild Behavior ::run [ RunTime:0.000482s ]
INFO: WriteHtmlCache Behavior ::run [ RunTime:0.000419s ]
INFO: ShowRuntime Behavior ::run [ RunTime:0.000578s ]
INFO: [ view_filter ] --END-- [ RunTime:0.002202s ]
INFO: [ view_end ] --START--
INFO: ShowPageTrace Behavior ::run [ RunTime:0.001636s ]
INFO: [ view_end ] --END-- [ RunTime:0.001723s ]

[ 2013-08-19T17:36:10+08:00 ] 127.0.0.1 /jsk/admin.php/Config?_=1376904970511
INFO: [ app_begin ] --START--
INFO: ReadHtmlCache Behavior ::run [ RunTime:0.000864s ]
INFO: [ app_begin ] --END-- [ RunTime:0.000964s ]
INFO: [ view_parse ] --START--
INFO: ParseTemplate Behavior ::run [ RunTime:0.011248s ]
INFO: [ view_parse ] --END-- [ RunTime:0.011368s ]
INFO: [ view_filter ] --START--
INFO: ContentReplace Behavior ::run [ RunTime:0.000708s ]
INFO: TokenBuild Behavior ::run [ RunTime:0.000700s ]
INFO: WriteHtmlCache Behavior ::run [ RunTime:0.000833s ]
INFO: ShowRuntime Behavior ::run [ RunTime:0.000822s ]
INFO: [ view_filter ] --END-- [ RunTime:0.003250s ]
INFO: [ view_end ] --START--
INFO: ShowPageTrace Behavior ::run [ RunTime:0.001144s ]
INFO: [ view_end ] --END-- [ RunTime:0.001218s ]

[ 2013-08-19T17:37:05+08:00 ] 127.0.0.1 /jsk/admin.php/Config?_=1376905025455
INFO: [ app_begin ] --START--
INFO: ReadHtmlCache Behavior ::run [ RunTime:0.000809s ]
INFO: [ app_begin ] --END-- [ RunTime:0.000890s ]
INFO: [ view_parse ] --START--
INFO: ParseTemplate Behavior ::run [ RunTime:0.008791s ]
INFO: [ view_parse ] --END-- [ RunTime:0.008908s ]
INFO: [ view_filter ] --START--
INFO: ContentReplace Behavior ::run [ RunTime:0.000550s ]
INFO: TokenBuild Behavior ::run [ RunTime:0.000524s ]
INFO: WriteHtmlCache Behavior ::run [ RunTime:0.000348s ]
INFO: ShowRuntime Behavior ::run [ RunTime:0.001361s ]
INFO: [ view_filter ] --END-- [ RunTime:0.003090s ]
INFO: [ view_end ] --START--
INFO: ShowPageTrace Behavior ::run [ RunTime:0.001972s ]
INFO: [ view_end ] --END-- [ RunTime:0.002080s ]

[ 2013-08-19T17:38:08+08:00 ] 127.0.0.1 /jsk/admin.php/Config?_=1376905088361
INFO: [ app_begin ] --START--
INFO: ReadHtmlCache Behavior ::run [ RunTime:0.002536s ]
INFO: [ app_begin ] --END-- [ RunTime:0.002793s ]
INFO: [ view_parse ] --START--
INFO: ParseTemplate Behavior ::run [ RunTime:0.017027s ]
INFO: [ view_parse ] --END-- [ RunTime:0.017615s ]
INFO: [ view_filter ] --START--
INFO: ContentReplace Behavior ::run [ RunTime:0.001039s ]
INFO: TokenBuild Behavior ::run [ RunTime:0.000701s ]
INFO: WriteHtmlCache Behavior ::run [ RunTime:0.000416s ]
INFO: ShowRuntime Behavior ::run [ RunTime:0.000570s ]
INFO: [ view_filter ] --END-- [ RunTime:0.002980s ]
INFO: [ view_end ] --START--
INFO: ShowPageTrace Behavior ::run [ RunTime:0.000760s ]
INFO: [ view_end ] --END-- [ RunTime:0.000823s ]

[ 2013-08-19T17:40:04+08:00 ] 127.0.0.1 /jsk/admin.php/Config?_=1376905204202
INFO: [ app_begin ] --START--
INFO: ReadHtmlCache Behavior ::run [ RunTime:0.000881s ]
INFO: [ app_begin ] --END-- [ RunTime:0.000953s ]
INFO: [ view_parse ] --START--
INFO: ParseTemplate Behavior ::run [ RunTime:0.012117s ]
INFO: [ view_parse ] --END-- [ RunTime:0.012229s ]
INFO: [ view_filter ] --START--
INFO: ContentReplace Behavior ::run [ RunTime:0.000683s ]
INFO: TokenBuild Behavior ::run [ RunTime:0.000856s ]
INFO: WriteHtmlCache Behavior ::run [ RunTime:0.001422s ]
INFO: ShowRuntime Behavior ::run [ RunTime:0.000853s ]
INFO: [ view_filter ] --END-- [ RunTime:0.004267s ]
INFO: [ view_end ] --START--
INFO: ShowPageTrace Behavior ::run [ RunTime:0.000956s ]
INFO: [ view_end ] --END-- [ RunTime:0.001019s ]

[ 2013-08-19T17:48:33+08:00 ] 127.0.0.1 /jsk/admin.php/Alipay?_=1376905713431
INFO: [ app_begin ] --START--
INFO: ReadHtmlCache Behavior ::run [ RunTime:0.001153s ]
INFO: [ app_begin ] --END-- [ RunTime:0.001236s ]
INFO: [ view_parse ] --START--
INFO: ParseTemplate Behavior ::run [ RunTime:0.009345s ]
INFO: [ view_parse ] --END-- [ RunTime:0.009512s ]
INFO: [ view_filter ] --START--
INFO: ContentReplace Behavior ::run [ RunTime:0.000705s ]
INFO: TokenBuild Behavior ::run [ RunTime:0.000683s ]
INFO: WriteHtmlCache Behavior ::run [ RunTime:0.000576s ]
INFO: ShowRuntime Behavior ::run [ RunTime:0.000762s ]
INFO: [ view_filter ] --END-- [ RunTime:0.002917s ]
INFO: [ view_end ] --START--
INFO: ShowPageTrace Behavior ::run [ RunTime:0.000942s ]
INFO: [ view_end ] --END-- [ RunTime:0.001004s ]

[ 2013-08-19T17:58:26+08:00 ] 127.0.0.1 /jsk/admin.php/Node?_=1376906306694
INFO: [ app_begin ] --START--
INFO: ReadHtmlCache Behavior ::run [ RunTime:0.000819s ]
INFO: [ app_begin ] --END-- [ RunTime:0.000884s ]
INFO: [ view_parse ] --START--
INFO: ParseTemplate Behavior ::run [ RunTime:0.043010s ]
INFO: [ view_parse ] --END-- [ RunTime:0.043136s ]
INFO: [ view_filter ] --START--
INFO: ContentReplace Behavior ::run [ RunTime:0.000815s ]
INFO: TokenBuild Behavior ::run [ RunTime:0.000694s ]
INFO: WriteHtmlCache Behavior ::run [ RunTime:0.000563s ]
INFO: ShowRuntime Behavior ::run [ RunTime:0.000781s ]
INFO: [ view_filter ] --END-- [ RunTime:0.003046s ]
INFO: [ view_end ] --START--
INFO: ShowPageTrace Behavior ::run [ RunTime:0.001307s ]
INFO: [ view_end ] --END-- [ RunTime:0.001414s ]

[ 2013-08-19T17:58:27+08:00 ] 127.0.0.1 /jsk/admin.php/Node/getAllNode
INFO: [ app_begin ] --START--
INFO: ReadHtmlCache Behavior ::run [ RunTime:0.000721s ]
INFO: [ app_begin ] --END-- [ RunTime:0.000798s ]
SQL: SHOW COLUMNS FROM `node` [ RunTime:0.006650s ]
SQL: SELECT COUNT(*) AS tp_count FROM `node` LIMIT 1   [ RunTime:0.090501s ]
SQL: SELECT * FROM `node` ORDER BY sort asc  [ RunTime:0.000860s ]

[ 2013-08-19T18:16:42+08:00 ] 127.0.0.1 /jsk/admin.php/Config?_=1376907402409
INFO: [ app_begin ] --START--
INFO: ReadHtmlCache Behavior ::run [ RunTime:0.001196s ]
INFO: [ app_begin ] --END-- [ RunTime:0.001350s ]
INFO: [ view_parse ] --START--
INFO: ParseTemplate Behavior ::run [ RunTime:0.010836s ]
INFO: [ view_parse ] --END-- [ RunTime:0.010962s ]
INFO: [ view_filter ] --START--
INFO: ContentReplace Behavior ::run [ RunTime:0.000718s ]
INFO: TokenBuild Behavior ::run [ RunTime:0.000688s ]
INFO: WriteHtmlCache Behavior ::run [ RunTime:0.000559s ]
INFO: ShowRuntime Behavior ::run [ RunTime:0.000767s ]
INFO: [ view_filter ] --END-- [ RunTime:0.002910s ]
INFO: [ view_end ] --START--
INFO: ShowPageTrace Behavior ::run [ RunTime:0.000939s ]
INFO: [ view_end ] --END-- [ RunTime:0.001001s ]

[ 2013-08-19T18:18:03+08:00 ] 127.0.0.1 /jsk/admin.php/Config?_=1376907483107
INFO: [ app_begin ] --START--
INFO: ReadHtmlCache Behavior ::run [ RunTime:0.002140s ]
INFO: [ app_begin ] --END-- [ RunTime:0.002269s ]
INFO: [ view_parse ] --START--
INFO: ParseTemplate Behavior ::run [ RunTime:0.010340s ]
INFO: [ view_parse ] --END-- [ RunTime:0.010632s ]
INFO: [ view_filter ] --START--
INFO: ContentReplace Behavior ::run [ RunTime:0.000597s ]
INFO: TokenBuild Behavior ::run [ RunTime:0.000498s ]
INFO: WriteHtmlCache Behavior ::run [ RunTime:0.000429s ]
INFO: ShowRuntime Behavior ::run [ RunTime:0.000579s ]
INFO: [ view_filter ] --END-- [ RunTime:0.002295s ]
INFO: [ view_end ] --START--
INFO: ShowPageTrace Behavior ::run [ RunTime:0.000848s ]
INFO: [ view_end ] --END-- [ RunTime:0.000958s ]

[ 2013-08-19T18:21:57+08:00 ] 127.0.0.1 /jsk/admin.php/Config?_=1376907716946
INFO: [ app_begin ] --START--
INFO: ReadHtmlCache Behavior ::run [ RunTime:0.000984s ]
INFO: [ app_begin ] --END-- [ RunTime:0.001069s ]
INFO: [ view_parse ] --START--
INFO: ParseTemplate Behavior ::run [ RunTime:0.017332s ]
INFO: [ view_parse ] --END-- [ RunTime:0.017443s ]
INFO: [ view_filter ] --START--
INFO: ContentReplace Behavior ::run [ RunTime:0.001134s ]
INFO: TokenBuild Behavior ::run [ RunTime:0.000919s ]
INFO: WriteHtmlCache Behavior ::run [ RunTime:0.000571s ]
INFO: ShowRuntime Behavior ::run [ RunTime:0.000790s ]
INFO: [ view_filter ] --END-- [ RunTime:0.004112s ]
INFO: [ view_end ] --START--
INFO: ShowPageTrace Behavior ::run [ RunTime:0.000973s ]
INFO: [ view_end ] --END-- [ RunTime:0.001041s ]

[ 2013-08-19T20:32:14+08:00 ] 127.0.0.1 /jsk/admin.php/Config?_=1376915533799
INFO: [ app_begin ] --START--
INFO: ReadHtmlCache Behavior ::run [ RunTime:0.039326s ]
INFO: [ app_begin ] --END-- [ RunTime:0.039464s ]
INFO: [ view_parse ] --START--
INFO: ParseTemplate Behavior ::run [ RunTime:0.035481s ]
INFO: [ view_parse ] --END-- [ RunTime:0.035642s ]
INFO: [ view_filter ] --START--
INFO: ContentReplace Behavior ::run [ RunTime:0.001534s ]
INFO: TokenBuild Behavior ::run [ RunTime:0.001274s ]
INFO: WriteHtmlCache Behavior ::run [ RunTime:0.001564s ]
INFO: ShowRuntime Behavior ::run [ RunTime:0.001506s ]
INFO: [ view_filter ] --END-- [ RunTime:0.006182s ]
INFO: [ view_end ] --START--
INFO: ShowPageTrace Behavior ::run [ RunTime:0.002246s ]
INFO: [ view_end ] --END-- [ RunTime:0.002377s ]

[ 2013-08-19T20:44:54+08:00 ] 127.0.0.1 /jsk/admin.php/Alipay?_=1376916294380
INFO: [ app_begin ] --START--
INFO: ReadHtmlCache Behavior ::run [ RunTime:0.000980s ]
INFO: [ app_begin ] --END-- [ RunTime:0.001050s ]
INFO: [ view_parse ] --START--
INFO: ParseTemplate Behavior ::run [ RunTime:0.047563s ]
INFO: [ view_parse ] --END-- [ RunTime:0.047680s ]
INFO: [ view_filter ] --START--
INFO: ContentReplace Behavior ::run [ RunTime:0.000924s ]
INFO: TokenBuild Behavior ::run [ RunTime:0.000682s ]
INFO: WriteHtmlCache Behavior ::run [ RunTime:0.000714s ]
INFO: ShowRuntime Behavior ::run [ RunTime:0.000870s ]
INFO: [ view_filter ] --END-- [ RunTime:0.003375s ]
INFO: [ view_end ] --START--
INFO: ShowPageTrace Behavior ::run [ RunTime:0.000927s ]
INFO: [ view_end ] --END-- [ RunTime:0.000989s ]

[ 2013-08-19T20:44:57+08:00 ] 127.0.0.1 /jsk/admin.php/User/getAllUser
INFO: [ app_begin ] --START--
INFO: ReadHtmlCache Behavior ::run [ RunTime:0.000695s ]
INFO: [ app_begin ] --END-- [ RunTime:0.000760s ]
SQL: SHOW COLUMNS FROM `user` [ RunTime:0.462910s ]
NOTIC: [8] Undefined index: name E:\wamp\www\jsk\Admin\Lib\Action\UserAction.class.php 第 18 行.
NOTIC: [8] Undefined index: createdatetimeStart E:\wamp\www\jsk\Admin\Lib\Action\UserAction.class.php 第 20 行.
NOTIC: [8] Undefined index: modifydatetimeStart E:\wamp\www\jsk\Admin\Lib\Action\UserAction.class.php 第 22 行.
SQL: SELECT COUNT(*) AS tp_count FROM `user` LIMIT 1   [ RunTime:0.244824s ]
NOTIC: [8] Undefined variable: condition E:\wamp\www\jsk\Admin\Lib\Action\UserAction.class.php 第 27 行.
SQL: SELECT * FROM `user` ORDER BY `account` asc LIMIT 0,10   [ RunTime:0.128235s ]
SQL: SHOW COLUMNS FROM `role` [ RunTime:0.073855s ]
NOTIC: [8] Undefined index: mapping_order E:\wamp\www\jsk\ThinkPHP\Extend\Model\RelationModel.class.php 第 188 行.
NOTIC: [8] Undefined index: mapping_limit E:\wamp\www\jsk\ThinkPHP\Extend\Model\RelationModel.class.php 第 189 行.
SQL: SELECT b.* FROM role_user AS a, role AS b WHERE a.role_id = b.id AND a. user_id='1' [ RunTime:0.162427s ]
NOTIC: [8] Undefined index: mapping_order E:\wamp\www\jsk\ThinkPHP\Extend\Model\RelationModel.class.php 第 188 行.
NOTIC: [8] Undefined index: mapping_limit E:\wamp\www\jsk\ThinkPHP\Extend\Model\RelationModel.class.php 第 189 行.
SQL: SELECT b.* FROM role_user AS a, role AS b WHERE a.role_id = b.id AND a. user_id='2' [ RunTime:0.000403s ]

