[ 2013-08-16T10:10:25+08:00 ] 127.0.0.1 /jsk/admin.php/Layout/north?_=1376619024867
INFO: [ app_begin ] --START--
INFO: ReadHtmlCache Behavior ::run [ RunTime:0.000872s ]
INFO: [ app_begin ] --END-- [ RunTime:0.000944s ]
NOTIC: [8] Constant THEME_NAME already defined E:\wamp\www\jsk\ThinkPHP\Lib\Core\View.class.php 第 223 行.
NOTIC: [8] Constant THEME_PATH already defined E:\wamp\www\jsk\ThinkPHP\Lib\Core\View.class.php 第 174 行.
NOTIC: [8] Constant APP_TMPL_PATH already defined E:\wamp\www\jsk\ThinkPHP\Lib\Core\View.class.php 第 175 行.
INFO: [ view_parse ] --START--
INFO: ParseTemplate Behavior ::run [ RunTime:0.171064s ]
INFO: [ view_parse ] --END-- [ RunTime:0.171157s ]
INFO: [ view_filter ] --START--
INFO: ContentReplace Behavior ::run [ RunTime:0.000739s ]
INFO: TokenBuild Behavior ::run [ RunTime:0.000685s ]
INFO: WriteHtmlCache Behavior ::run [ RunTime:0.000549s ]
INFO: ShowRuntime Behavior ::run [ RunTime:0.000919s ]
INFO: [ view_filter ] --END-- [ RunTime:0.003082s ]
INFO: [ view_end ] --START--
INFO: ShowPageTrace Behavior ::run [ RunTime:0.001001s ]
INFO: [ view_end ] --END-- [ RunTime:0.001066s ]

[ 2013-08-16T10:10:25+08:00 ] 127.0.0.1 /jsk/admin.php/Layout/west?_=1376619024883
INFO: [ app_begin ] --START--
INFO: ReadHtmlCache Behavior ::run [ RunTime:0.000984s ]
INFO: [ app_begin ] --END-- [ RunTime:0.001100s ]
SQL: SHOW COLUMNS FROM `node` [ RunTime:0.013793s ]
SQL: SELECT * FROM `node` WHERE ( level=2 and ismenu=1 and status=1 ) ORDER BY sort  [ RunTime:0.027086s ]
SQL: SELECT * FROM `node` WHERE ( 1=1 AND pid='12' ) ORDER BY sort  [ RunTime:0.000495s ]
SQL: SELECT * FROM `node` WHERE ( 1=1 AND pid='16' ) ORDER BY sort  [ RunTime:0.000342s ]
SQL: SELECT * FROM `node` WHERE ( 1=1 AND pid='20' ) ORDER BY sort  [ RunTime:0.000311s ]
SQL: SELECT * FROM `node` WHERE ( 1=1 AND pid='25' ) ORDER BY sort  [ RunTime:0.000281s ]
SQL: SELECT * FROM `node` WHERE ( 1=1 AND pid='28' ) ORDER BY sort  [ RunTime:0.000289s ]
SQL: SELECT * FROM `node` WHERE ( 1=1 AND pid='32' ) ORDER BY sort  [ RunTime:0.000296s ]
SQL: SELECT * FROM `node` WHERE ( 1=1 AND pid='34' ) ORDER BY sort  [ RunTime:0.000291s ]
SQL: SELECT * FROM `node` WHERE ( 1=1 AND pid='37' ) ORDER BY sort  [ RunTime:0.000235s ]
SQL: SELECT * FROM `node` WHERE ( 1=1 AND pid='2' ) ORDER BY sort  [ RunTime:0.000509s ]
INFO: [ view_parse ] --START--
INFO: ParseTemplate Behavior ::run [ RunTime:0.083781s ]
INFO: [ view_parse ] --END-- [ RunTime:0.083935s ]
INFO: [ view_filter ] --START--
INFO: ContentReplace Behavior ::run [ RunTime:0.000816s ]
INFO: TokenBuild Behavior ::run [ RunTime:0.000672s ]
INFO: WriteHtmlCache Behavior ::run [ RunTime:0.000593s ]
INFO: ShowRuntime Behavior ::run [ RunTime:0.000923s ]
INFO: [ view_filter ] --END-- [ RunTime:0.003174s ]
INFO: [ view_end ] --START--
INFO: ShowPageTrace Behavior ::run [ RunTime:0.000993s ]
INFO: [ view_end ] --END-- [ RunTime:0.001057s ]

[ 2013-08-16T10:10:25+08:00 ] 127.0.0.1 /jsk/admin.php/Layout/center?_=1376619024944
INFO: [ app_begin ] --START--
INFO: ReadHtmlCache Behavior ::run [ RunTime:0.001678s ]
INFO: [ app_begin ] --END-- [ RunTime:0.001846s ]
NOTIC: [8] Constant THEME_NAME already defined E:\wamp\www\jsk\ThinkPHP\Lib\Core\View.class.php 第 223 行.
NOTIC: [8] Constant THEME_PATH already defined E:\wamp\www\jsk\ThinkPHP\Lib\Core\View.class.php 第 174 行.
NOTIC: [8] Constant APP_TMPL_PATH already defined E:\wamp\www\jsk\ThinkPHP\Lib\Core\View.class.php 第 175 行.
INFO: [ view_parse ] --START--
INFO: ParseTemplate Behavior ::run [ RunTime:0.073846s ]
INFO: [ view_parse ] --END-- [ RunTime:0.073945s ]
INFO: [ view_filter ] --START--
INFO: ContentReplace Behavior ::run [ RunTime:0.000740s ]
INFO: TokenBuild Behavior ::run [ RunTime:0.000688s ]
INFO: WriteHtmlCache Behavior ::run [ RunTime:0.000869s ]
INFO: ShowRuntime Behavior ::run [ RunTime:0.003978s ]
INFO: [ view_filter ] --END-- [ RunTime:0.006509s ]
INFO: [ view_end ] --START--
INFO: ShowPageTrace Behavior ::run [ RunTime:0.001118s ]
INFO: [ view_end ] --END-- [ RunTime:0.001196s ]

[ 2013-08-16T10:10:25+08:00 ] 127.0.0.1 /jsk/admin.php/Layout/east?_=1376619024953
INFO: [ app_begin ] --START--
INFO: ReadHtmlCache Behavior ::run [ RunTime:0.000760s ]
INFO: [ app_begin ] --END-- [ RunTime:0.000852s ]
INFO: [ view_parse ] --START--
INFO: ParseTemplate Behavior ::run [ RunTime:0.036719s ]
INFO: [ view_parse ] --END-- [ RunTime:0.036831s ]
INFO: [ view_filter ] --START--
INFO: ContentReplace Behavior ::run [ RunTime:0.000607s ]
INFO: TokenBuild Behavior ::run [ RunTime:0.000461s ]
INFO: WriteHtmlCache Behavior ::run [ RunTime:0.000335s ]
INFO: ShowRuntime Behavior ::run [ RunTime:0.000893s ]
INFO: [ view_filter ] --END-- [ RunTime:0.002491s ]
INFO: [ view_end ] --START--
INFO: ShowPageTrace Behavior ::run [ RunTime:0.000798s ]
INFO: [ view_end ] --END-- [ RunTime:0.000862s ]

[ 2013-08-16T10:10:25+08:00 ] 127.0.0.1 /jsk/admin.php/Layout/south?_=1376619024962
INFO: [ app_begin ] --START--
INFO: ReadHtmlCache Behavior ::run [ RunTime:0.000944s ]
INFO: [ app_begin ] --END-- [ RunTime:0.001039s ]
NOTIC: [8] Constant THEME_NAME already defined E:\wamp\www\jsk\ThinkPHP\Lib\Core\View.class.php 第 223 行.
NOTIC: [8] Constant THEME_PATH already defined E:\wamp\www\jsk\ThinkPHP\Lib\Core\View.class.php 第 174 行.
NOTIC: [8] Constant APP_TMPL_PATH already defined E:\wamp\www\jsk\ThinkPHP\Lib\Core\View.class.php 第 175 行.
INFO: [ view_parse ] --START--
INFO: ParseTemplate Behavior ::run [ RunTime:0.018262s ]
INFO: [ view_parse ] --END-- [ RunTime:0.018371s ]
INFO: [ view_filter ] --START--
INFO: ContentReplace Behavior ::run [ RunTime:0.000881s ]
INFO: TokenBuild Behavior ::run [ RunTime:0.001208s ]
INFO: WriteHtmlCache Behavior ::run [ RunTime:0.000608s ]
INFO: ShowRuntime Behavior ::run [ RunTime:0.000864s ]
INFO: [ view_filter ] --END-- [ RunTime:0.003755s ]
INFO: [ view_end ] --START--
INFO: ShowPageTrace Behavior ::run [ RunTime:0.000954s ]
INFO: [ view_end ] --END-- [ RunTime:0.001016s ]

[ 2013-08-16T10:10:29+08:00 ] 127.0.0.1 /jsk/admin.php/Layout/mytable?_=1376619029245
INFO: [ app_begin ] --START--
INFO: ReadHtmlCache Behavior ::run [ RunTime:0.000651s ]
INFO: [ app_begin ] --END-- [ RunTime:0.000718s ]
NOTIC: [8] Constant THEME_NAME already defined E:\wamp\www\jsk\ThinkPHP\Lib\Core\View.class.php 第 223 行.
NOTIC: [8] Constant THEME_PATH already defined E:\wamp\www\jsk\ThinkPHP\Lib\Core\View.class.php 第 174 行.
NOTIC: [8] Constant APP_TMPL_PATH already defined E:\wamp\www\jsk\ThinkPHP\Lib\Core\View.class.php 第 175 行.
INFO: [ view_parse ] --START--
INFO: ParseTemplate Behavior ::run [ RunTime:0.010241s ]
INFO: [ view_parse ] --END-- [ RunTime:0.010335s ]
INFO: [ view_filter ] --START--
INFO: ContentReplace Behavior ::run [ RunTime:0.001251s ]
INFO: TokenBuild Behavior ::run [ RunTime:0.000585s ]
INFO: WriteHtmlCache Behavior ::run [ RunTime:0.000432s ]
INFO: ShowRuntime Behavior ::run [ RunTime:0.000612s ]
INFO: [ view_filter ] --END-- [ RunTime:0.003085s ]
INFO: [ view_end ] --START--
INFO: ShowPageTrace Behavior ::run [ RunTime:0.000802s ]
INFO: [ view_end ] --END-- [ RunTime:0.000866s ]

[ 2013-08-16T10:12:06+08:00 ] 127.0.0.1 /jsk/admin.php/Node?_=1376619126744
INFO: [ app_begin ] --START--
INFO: ReadHtmlCache Behavior ::run [ RunTime:0.000888s ]
INFO: [ app_begin ] --END-- [ RunTime:0.000990s ]
INFO: [ view_parse ] --START--
INFO: ParseTemplate Behavior ::run [ RunTime:0.071957s ]
INFO: [ view_parse ] --END-- [ RunTime:0.072096s ]
INFO: [ view_filter ] --START--
INFO: ContentReplace Behavior ::run [ RunTime:0.000654s ]
INFO: TokenBuild Behavior ::run [ RunTime:0.000508s ]
INFO: WriteHtmlCache Behavior ::run [ RunTime:0.000445s ]
INFO: ShowRuntime Behavior ::run [ RunTime:0.000597s ]
INFO: [ view_filter ] --END-- [ RunTime:0.002402s ]
INFO: [ view_end ] --START--
INFO: ShowPageTrace Behavior ::run [ RunTime:0.001028s ]
INFO: [ view_end ] --END-- [ RunTime:0.001103s ]

[ 2013-08-16T10:12:07+08:00 ] 127.0.0.1 /jsk/admin.php/Node/getAllNode
INFO: [ app_begin ] --START--
INFO: ReadHtmlCache Behavior ::run [ RunTime:0.000850s ]
INFO: [ app_begin ] --END-- [ RunTime:0.000934s ]
SQL: SHOW COLUMNS FROM `node` [ RunTime:0.008918s ]
SQL: SELECT COUNT(*) AS tp_count FROM `node` LIMIT 1   [ RunTime:0.083127s ]
SQL: SELECT * FROM `node` ORDER BY sort asc  [ RunTime:0.001497s ]

[ 2013-08-16T10:12:25+08:00 ] 127.0.0.1 /jsk/admin.php/Node/getAllNode
INFO: [ app_begin ] --START--
INFO: ReadHtmlCache Behavior ::run [ RunTime:0.000691s ]
INFO: [ app_begin ] --END-- [ RunTime:0.000758s ]
SQL: SHOW COLUMNS FROM `node` [ RunTime:0.004887s ]
SQL: SELECT COUNT(*) AS tp_count FROM `node` LIMIT 1   [ RunTime:0.000450s ]
SQL: SELECT * FROM `node` ORDER BY sort asc  [ RunTime:0.000967s ]

[ 2013-08-16T10:12:51+08:00 ] 127.0.0.1 /jsk/admin.php/Node/getAllNode
INFO: [ app_begin ] --START--
INFO: ReadHtmlCache Behavior ::run [ RunTime:0.000674s ]
INFO: [ app_begin ] --END-- [ RunTime:0.000748s ]
SQL: SHOW COLUMNS FROM `node` [ RunTime:0.004476s ]
SQL: SELECT COUNT(*) AS tp_count FROM `node` LIMIT 1   [ RunTime:0.000368s ]
SQL: SELECT * FROM `node` ORDER BY sort asc  [ RunTime:0.000864s ]

[ 2013-08-16T10:12:56+08:00 ] 127.0.0.1 /jsk/admin.php/Node/getAllNode
INFO: [ app_begin ] --START--
INFO: ReadHtmlCache Behavior ::run [ RunTime:0.000760s ]
INFO: [ app_begin ] --END-- [ RunTime:0.000836s ]
SQL: SHOW COLUMNS FROM `node` [ RunTime:0.011393s ]
SQL: SELECT COUNT(*) AS tp_count FROM `node` LIMIT 1   [ RunTime:0.000676s ]
SQL: SELECT * FROM `node` ORDER BY sort asc  [ RunTime:0.000906s ]

[ 2013-08-16T10:13:07+08:00 ] 127.0.0.1 /jsk/admin.php/Node/getAllNode
INFO: [ app_begin ] --START--
INFO: ReadHtmlCache Behavior ::run [ RunTime:0.000994s ]
INFO: [ app_begin ] --END-- [ RunTime:0.001110s ]
SQL: SHOW COLUMNS FROM `node` [ RunTime:0.010304s ]
SQL: SELECT COUNT(*) AS tp_count FROM `node` LIMIT 1   [ RunTime:0.000355s ]
SQL: SELECT * FROM `node` ORDER BY sort asc  [ RunTime:0.001330s ]

[ 2013-08-16T16:08:29+08:00 ] 127.0.0.1 /jsk/admin.php/Layout/north?_=1376640507861
INFO: [ app_begin ] --START--
INFO: ReadHtmlCache Behavior ::run [ RunTime:0.002389s ]
INFO: [ app_begin ] --END-- [ RunTime:0.002959s ]
NOTIC: [8] Constant THEME_NAME already defined E:\wamp\www\jsk\ThinkPHP\Lib\Core\View.class.php 第 223 行.
NOTIC: [8] Constant THEME_PATH already defined E:\wamp\www\jsk\ThinkPHP\Lib\Core\View.class.php 第 174 行.
NOTIC: [8] Constant APP_TMPL_PATH already defined E:\wamp\www\jsk\ThinkPHP\Lib\Core\View.class.php 第 175 行.
INFO: [ view_parse ] --START--
INFO: ParseTemplate Behavior ::run [ RunTime:0.242889s ]
INFO: [ view_parse ] --END-- [ RunTime:0.243011s ]
INFO: [ view_filter ] --START--
INFO: ContentReplace Behavior ::run [ RunTime:0.000628s ]
INFO: TokenBuild Behavior ::run [ RunTime:0.000459s ]
INFO: WriteHtmlCache Behavior ::run [ RunTime:0.000604s ]
INFO: ShowRuntime Behavior ::run [ RunTime:0.000662s ]
INFO: [ view_filter ] --END-- [ RunTime:0.002565s ]
INFO: [ view_end ] --START--
INFO: ShowPageTrace Behavior ::run [ RunTime:0.000743s ]
INFO: [ view_end ] --END-- [ RunTime:0.000808s ]

[ 2013-08-16T16:08:33+08:00 ] 127.0.0.1 /jsk/admin.php/Layout/west?_=1376640507875
INFO: [ app_begin ] --START--
INFO: ReadHtmlCache Behavior ::run [ RunTime:0.000856s ]
INFO: [ app_begin ] --END-- [ RunTime:0.000925s ]
SQL: SHOW COLUMNS FROM `node` [ RunTime:0.148908s ]
SQL: SELECT * FROM `node` WHERE ( level=2 and ismenu=1 and status=1 ) ORDER BY sort  [ RunTime:0.416624s ]
SQL: SELECT * FROM `node` WHERE ( 1=1 AND pid='12' ) ORDER BY sort  [ RunTime:0.151372s ]
SQL: SELECT * FROM `node` WHERE ( 1=1 AND pid='16' ) ORDER BY sort  [ RunTime:0.054890s ]
SQL: SELECT * FROM `node` WHERE ( 1=1 AND pid='20' ) ORDER BY sort  [ RunTime:0.056867s ]
SQL: SELECT * FROM `node` WHERE ( 1=1 AND pid='25' ) ORDER BY sort  [ RunTime:0.001418s ]
SQL: SELECT * FROM `node` WHERE ( 1=1 AND pid='28' ) ORDER BY sort  [ RunTime:0.044458s ]
SQL: SELECT * FROM `node` WHERE ( 1=1 AND pid='32' ) ORDER BY sort  [ RunTime:0.018867s ]
SQL: SELECT * FROM `node` WHERE ( 1=1 AND pid='34' ) ORDER BY sort  [ RunTime:0.001374s ]
SQL: SELECT * FROM `node` WHERE ( 1=1 AND pid='37' ) ORDER BY sort  [ RunTime:0.000816s ]
SQL: SELECT * FROM `node` WHERE ( 1=1 AND pid='2' ) ORDER BY sort  [ RunTime:0.015475s ]
INFO: [ view_parse ] --START--
INFO: ParseTemplate Behavior ::run [ RunTime:0.250487s ]
INFO: [ view_parse ] --END-- [ RunTime:0.250582s ]
INFO: [ view_filter ] --START--
INFO: ContentReplace Behavior ::run [ RunTime:0.001217s ]
INFO: TokenBuild Behavior ::run [ RunTime:0.000712s ]
INFO: WriteHtmlCache Behavior ::run [ RunTime:0.000583s ]
INFO: ShowRuntime Behavior ::run [ RunTime:0.000962s ]
INFO: [ view_filter ] --END-- [ RunTime:0.003664s ]
INFO: [ view_end ] --START--
INFO: ShowPageTrace Behavior ::run [ RunTime:0.001086s ]
INFO: [ view_end ] --END-- [ RunTime:0.001174s ]

[ 2013-08-16T16:08:34+08:00 ] 127.0.0.1 /jsk/admin.php/Layout/east?_=1376640507888
INFO: [ app_begin ] --START--
INFO: ReadHtmlCache Behavior ::run [ RunTime:0.003887s ]
INFO: [ app_begin ] --END-- [ RunTime:0.003983s ]
INFO: [ view_parse ] --START--
INFO: ParseTemplate Behavior ::run [ RunTime:0.130562s ]
INFO: [ view_parse ] --END-- [ RunTime:0.130678s ]
INFO: [ view_filter ] --START--
INFO: ContentReplace Behavior ::run [ RunTime:0.000721s ]
INFO: TokenBuild Behavior ::run [ RunTime:0.000682s ]
INFO: WriteHtmlCache Behavior ::run [ RunTime:0.000565s ]
INFO: ShowRuntime Behavior ::run [ RunTime:0.000853s ]
INFO: [ view_filter ] --END-- [ RunTime:0.003015s ]
INFO: [ view_end ] --START--
INFO: ShowPageTrace Behavior ::run [ RunTime:0.001116s ]
INFO: [ view_end ] --END-- [ RunTime:0.001196s ]

[ 2013-08-16T16:08:34+08:00 ] 127.0.0.1 /jsk/admin.php/Layout/south?_=1376640507897
INFO: [ app_begin ] --START--
INFO: ReadHtmlCache Behavior ::run [ RunTime:0.000928s ]
INFO: [ app_begin ] --END-- [ RunTime:0.001011s ]
NOTIC: [8] Constant THEME_NAME already defined E:\wamp\www\jsk\ThinkPHP\Lib\Core\View.class.php 第 223 行.
NOTIC: [8] Constant THEME_PATH already defined E:\wamp\www\jsk\ThinkPHP\Lib\Core\View.class.php 第 174 行.
NOTIC: [8] Constant APP_TMPL_PATH already defined E:\wamp\www\jsk\ThinkPHP\Lib\Core\View.class.php 第 175 行.
INFO: [ view_parse ] --START--
INFO: ParseTemplate Behavior ::run [ RunTime:0.041531s ]
INFO: [ view_parse ] --END-- [ RunTime:0.041643s ]
INFO: [ view_filter ] --START--
INFO: ContentReplace Behavior ::run [ RunTime:0.001359s ]
INFO: TokenBuild Behavior ::run [ RunTime:0.000781s ]
INFO: WriteHtmlCache Behavior ::run [ RunTime:0.002631s ]
INFO: ShowRuntime Behavior ::run [ RunTime:0.001055s ]
INFO: [ view_filter ] --END-- [ RunTime:0.006054s ]
INFO: [ view_end ] --START--
INFO: ShowPageTrace Behavior ::run [ RunTime:0.001065s ]
INFO: [ view_end ] --END-- [ RunTime:0.001135s ]

[ 2013-08-16T16:08:34+08:00 ] 127.0.0.1 /jsk/admin.php/Layout/center?_=1376640507883
INFO: [ app_begin ] --START--
INFO: ReadHtmlCache Behavior ::run [ RunTime:0.000979s ]
INFO: [ app_begin ] --END-- [ RunTime:0.001091s ]
NOTIC: [8] Constant THEME_NAME already defined E:\wamp\www\jsk\ThinkPHP\Lib\Core\View.class.php 第 223 行.
NOTIC: [8] Constant THEME_PATH already defined E:\wamp\www\jsk\ThinkPHP\Lib\Core\View.class.php 第 174 行.
NOTIC: [8] Constant APP_TMPL_PATH already defined E:\wamp\www\jsk\ThinkPHP\Lib\Core\View.class.php 第 175 行.
INFO: [ view_parse ] --START--
INFO: ParseTemplate Behavior ::run [ RunTime:0.224829s ]
INFO: [ view_parse ] --END-- [ RunTime:0.224931s ]
INFO: [ view_filter ] --START--
INFO: ContentReplace Behavior ::run [ RunTime:0.000784s ]
INFO: TokenBuild Behavior ::run [ RunTime:0.000734s ]
INFO: WriteHtmlCache Behavior ::run [ RunTime:0.000571s ]
INFO: ShowRuntime Behavior ::run [ RunTime:0.000821s ]
INFO: [ view_filter ] --END-- [ RunTime:0.003166s ]
INFO: [ view_end ] --START--
INFO: ShowPageTrace Behavior ::run [ RunTime:0.000980s ]
INFO: [ view_end ] --END-- [ RunTime:0.001048s ]

[ 2013-08-16T16:08:35+08:00 ] 127.0.0.1 /jsk/admin.php/Layout/mytable?_=1376640514974
INFO: [ app_begin ] --START--
INFO: ReadHtmlCache Behavior ::run [ RunTime:0.000676s ]
INFO: [ app_begin ] --END-- [ RunTime:0.000743s ]
NOTIC: [8] Constant THEME_NAME already defined E:\wamp\www\jsk\ThinkPHP\Lib\Core\View.class.php 第 223 行.
NOTIC: [8] Constant THEME_PATH already defined E:\wamp\www\jsk\ThinkPHP\Lib\Core\View.class.php 第 174 行.
NOTIC: [8] Constant APP_TMPL_PATH already defined E:\wamp\www\jsk\ThinkPHP\Lib\Core\View.class.php 第 175 行.
INFO: [ view_parse ] --START--
INFO: ParseTemplate Behavior ::run [ RunTime:0.009887s ]
INFO: [ view_parse ] --END-- [ RunTime:0.009988s ]
INFO: [ view_filter ] --START--
INFO: ContentReplace Behavior ::run [ RunTime:0.000498s ]
INFO: TokenBuild Behavior ::run [ RunTime:0.000507s ]
INFO: WriteHtmlCache Behavior ::run [ RunTime:0.000348s ]
INFO: ShowRuntime Behavior ::run [ RunTime:0.000605s ]
INFO: [ view_filter ] --END-- [ RunTime:0.002133s ]
INFO: [ view_end ] --START--
INFO: ShowPageTrace Behavior ::run [ RunTime:0.000984s ]
INFO: [ view_end ] --END-- [ RunTime:0.001050s ]

[ 2013-08-16T16:08:43+08:00 ] 127.0.0.1 /jsk/admin.php/Node?_=1376640523096
INFO: [ app_begin ] --START--
INFO: ReadHtmlCache Behavior ::run [ RunTime:0.001495s ]
INFO: [ app_begin ] --END-- [ RunTime:0.001636s ]
INFO: [ view_parse ] --START--
INFO: ParseTemplate Behavior ::run [ RunTime:0.038073s ]
INFO: [ view_parse ] --END-- [ RunTime:0.038890s ]
INFO: [ view_filter ] --START--
INFO: ContentReplace Behavior ::run [ RunTime:0.000720s ]
INFO: TokenBuild Behavior ::run [ RunTime:0.001336s ]
INFO: WriteHtmlCache Behavior ::run [ RunTime:0.000451s ]
INFO: ShowRuntime Behavior ::run [ RunTime:0.000773s ]
INFO: [ view_filter ] --END-- [ RunTime:0.003490s ]
INFO: [ view_end ] --START--
INFO: ShowPageTrace Behavior ::run [ RunTime:0.000747s ]
INFO: [ view_end ] --END-- [ RunTime:0.000811s ]

[ 2013-08-16T16:08:43+08:00 ] 127.0.0.1 /jsk/admin.php/Node/getAllNode
INFO: [ app_begin ] --START--
INFO: ReadHtmlCache Behavior ::run [ RunTime:0.000766s ]
INFO: [ app_begin ] --END-- [ RunTime:0.000836s ]
SQL: SHOW COLUMNS FROM `node` [ RunTime:0.039346s ]
SQL: SELECT COUNT(*) AS tp_count FROM `node` LIMIT 1   [ RunTime:0.032437s ]
SQL: SELECT * FROM `node` ORDER BY sort asc  [ RunTime:0.029554s ]

[ 2013-08-16T16:23:23+08:00 ] 127.0.0.1 /jsk/admin.php/Node/getAllNode
INFO: [ app_begin ] --START--
INFO: ReadHtmlCache Behavior ::run [ RunTime:0.000971s ]
INFO: [ app_begin ] --END-- [ RunTime:0.001056s ]
SQL: SHOW COLUMNS FROM `node` [ RunTime:0.008619s ]
SQL: SELECT COUNT(*) AS tp_count FROM `node` LIMIT 1   [ RunTime:0.001234s ]
SQL: SELECT * FROM `node` ORDER BY sort asc  [ RunTime:0.001091s ]

[ 2013-08-16T16:24:36+08:00 ] 127.0.0.1 /jsk/admin.php/Node/getAllNode
INFO: [ app_begin ] --START--
INFO: ReadHtmlCache Behavior ::run [ RunTime:0.000773s ]
INFO: [ app_begin ] --END-- [ RunTime:0.000850s ]
SQL: SHOW COLUMNS FROM `node` [ RunTime:0.095995s ]
SQL: SELECT COUNT(*) AS tp_count FROM `node` LIMIT 1   [ RunTime:0.000429s ]
SQL: SELECT * FROM `node` ORDER BY sort asc  [ RunTime:0.000861s ]

[ 2013-08-16T16:40:03+08:00 ] 127.0.0.1 /jsk/admin.php/Layout/north?_=1376642403927
INFO: [ app_begin ] --START--
INFO: ReadHtmlCache Behavior ::run [ RunTime:0.000796s ]
INFO: [ app_begin ] --END-- [ RunTime:0.000905s ]
NOTIC: [8] Constant THEME_NAME already defined E:\wamp\www\jsk\ThinkPHP\Lib\Core\View.class.php 第 223 行.
NOTIC: [8] Constant THEME_PATH already defined E:\wamp\www\jsk\ThinkPHP\Lib\Core\View.class.php 第 174 行.
NOTIC: [8] Constant APP_TMPL_PATH already defined E:\wamp\www\jsk\ThinkPHP\Lib\Core\View.class.php 第 175 行.
INFO: [ view_parse ] --START--
INFO: ParseTemplate Behavior ::run [ RunTime:0.023159s ]
INFO: [ view_parse ] --END-- [ RunTime:0.023254s ]
INFO: [ view_filter ] --START--
INFO: ContentReplace Behavior ::run [ RunTime:0.000533s ]
INFO: TokenBuild Behavior ::run [ RunTime:0.000502s ]
INFO: WriteHtmlCache Behavior ::run [ RunTime:0.000346s ]
INFO: ShowRuntime Behavior ::run [ RunTime:0.000615s ]
INFO: [ view_filter ] --END-- [ RunTime:0.002196s ]
INFO: [ view_end ] --START--
INFO: ShowPageTrace Behavior ::run [ RunTime:0.000737s ]
INFO: [ view_end ] --END-- [ RunTime:0.000803s ]

[ 2013-08-16T16:40:04+08:00 ] 127.0.0.1 /jsk/admin.php/Layout/west?_=1376642403938
INFO: [ app_begin ] --START--
INFO: ReadHtmlCache Behavior ::run [ RunTime:0.000977s ]
INFO: [ app_begin ] --END-- [ RunTime:0.001085s ]
SQL: SHOW COLUMNS FROM `node` [ RunTime:0.008160s ]
SQL: SELECT * FROM `node` WHERE ( level=2 and ismenu=1 and status=1 ) ORDER BY sort  [ RunTime:0.000682s ]
SQL: SELECT * FROM `node` WHERE ( 1=1 AND pid='12' ) ORDER BY sort  [ RunTime:0.000447s ]
SQL: SELECT * FROM `node` WHERE ( 1=1 AND pid='16' ) ORDER BY sort  [ RunTime:0.000539s ]
SQL: SELECT * FROM `node` WHERE ( 1=1 AND pid='20' ) ORDER BY sort  [ RunTime:0.000492s ]
SQL: SELECT * FROM `node` WHERE ( 1=1 AND pid='25' ) ORDER BY sort  [ RunTime:0.000339s ]
SQL: SELECT * FROM `node` WHERE ( 1=1 AND pid='28' ) ORDER BY sort  [ RunTime:0.000453s ]
SQL: SELECT * FROM `node` WHERE ( 1=1 AND pid='32' ) ORDER BY sort  [ RunTime:0.000349s ]
SQL: SELECT * FROM `node` WHERE ( 1=1 AND pid='34' ) ORDER BY sort  [ RunTime:0.000342s ]
SQL: SELECT * FROM `node` WHERE ( 1=1 AND pid='37' ) ORDER BY sort  [ RunTime:0.000279s ]
SQL: SELECT * FROM `node` WHERE ( 1=1 AND pid='2' ) ORDER BY sort  [ RunTime:0.000544s ]
INFO: [ view_parse ] --START--
INFO: ParseTemplate Behavior ::run [ RunTime:0.015177s ]
INFO: [ view_parse ] --END-- [ RunTime:0.015312s ]
INFO: [ view_filter ] --START--
INFO: ContentReplace Behavior ::run [ RunTime:0.001385s ]
INFO: TokenBuild Behavior ::run [ RunTime:0.001187s ]
INFO: WriteHtmlCache Behavior ::run [ RunTime:0.001164s ]
INFO: ShowRuntime Behavior ::run [ RunTime:0.001473s ]
INFO: [ view_filter ] --END-- [ RunTime:0.005646s ]
INFO: [ view_end ] --START--
INFO: ShowPageTrace Behavior ::run [ RunTime:0.002488s ]
INFO: [ view_end ] --END-- [ RunTime:0.002631s ]

[ 2013-08-16T16:40:04+08:00 ] 127.0.0.1 /jsk/admin.php/Layout/east?_=1376642403952
INFO: [ app_begin ] --START--
INFO: ReadHtmlCache Behavior ::run [ RunTime:0.000976s ]
INFO: [ app_begin ] --END-- [ RunTime:0.001095s ]
INFO: [ view_parse ] --START--
INFO: ParseTemplate Behavior ::run [ RunTime:0.037054s ]
INFO: [ view_parse ] --END-- [ RunTime:0.037180s ]
INFO: [ view_filter ] --START--
INFO: ContentReplace Behavior ::run [ RunTime:0.001727s ]
INFO: TokenBuild Behavior ::run [ RunTime:0.000878s ]
INFO: WriteHtmlCache Behavior ::run [ RunTime:0.000677s ]
INFO: ShowRuntime Behavior ::run [ RunTime:0.000870s ]
INFO: [ view_filter ] --END-- [ RunTime:0.004442s ]
INFO: [ view_end ] --START--
INFO: ShowPageTrace Behavior ::run [ RunTime:0.001587s ]
INFO: [ view_end ] --END-- [ RunTime:0.001669s ]

[ 2013-08-16T16:40:04+08:00 ] 127.0.0.1 /jsk/admin.php/Layout/center?_=1376642403947
INFO: [ app_begin ] --START--
INFO: ReadHtmlCache Behavior ::run [ RunTime:0.020005s ]
INFO: [ app_begin ] --END-- [ RunTime:0.020103s ]
NOTIC: [8] Constant THEME_NAME already defined E:\wamp\www\jsk\ThinkPHP\Lib\Core\View.class.php 第 223 行.
NOTIC: [8] Constant THEME_PATH already defined E:\wamp\www\jsk\ThinkPHP\Lib\Core\View.class.php 第 174 行.
NOTIC: [8] Constant APP_TMPL_PATH already defined E:\wamp\www\jsk\ThinkPHP\Lib\Core\View.class.php 第 175 行.
INFO: [ view_parse ] --START--
INFO: ParseTemplate Behavior ::run [ RunTime:0.014411s ]
INFO: [ view_parse ] --END-- [ RunTime:0.014506s ]
INFO: [ view_filter ] --START--
INFO: ContentReplace Behavior ::run [ RunTime:0.000738s ]
INFO: TokenBuild Behavior ::run [ RunTime:0.000862s ]
INFO: WriteHtmlCache Behavior ::run [ RunTime:0.000782s ]
INFO: ShowRuntime Behavior ::run [ RunTime:0.000877s ]
INFO: [ view_filter ] --END-- [ RunTime:0.003482s ]
INFO: [ view_end ] --START--
INFO: ShowPageTrace Behavior ::run [ RunTime:0.001254s ]
INFO: [ view_end ] --END-- [ RunTime:0.001338s ]

[ 2013-08-16T16:40:04+08:00 ] 127.0.0.1 /jsk/admin.php/Layout/south?_=1376642403961
INFO: [ app_begin ] --START--
INFO: ReadHtmlCache Behavior ::run [ RunTime:0.001264s ]
INFO: [ app_begin ] --END-- [ RunTime:0.001348s ]
NOTIC: [8] Constant THEME_NAME already defined E:\wamp\www\jsk\ThinkPHP\Lib\Core\View.class.php 第 223 行.
NOTIC: [8] Constant THEME_PATH already defined E:\wamp\www\jsk\ThinkPHP\Lib\Core\View.class.php 第 174 行.
NOTIC: [8] Constant APP_TMPL_PATH already defined E:\wamp\www\jsk\ThinkPHP\Lib\Core\View.class.php 第 175 行.
INFO: [ view_parse ] --START--
INFO: ParseTemplate Behavior ::run [ RunTime:0.012404s ]
INFO: [ view_parse ] --END-- [ RunTime:0.012506s ]
INFO: [ view_filter ] --START--
INFO: ContentReplace Behavior ::run [ RunTime:0.000781s ]
INFO: TokenBuild Behavior ::run [ RunTime:0.000835s ]
INFO: WriteHtmlCache Behavior ::run [ RunTime:0.000645s ]
INFO: ShowRuntime Behavior ::run [ RunTime:0.000863s ]
INFO: [ view_filter ] --END-- [ RunTime:0.003334s ]
INFO: [ view_end ] --START--
INFO: ShowPageTrace Behavior ::run [ RunTime:0.001138s ]
INFO: [ view_end ] --END-- [ RunTime:0.001217s ]

[ 2013-08-16T16:40:04+08:00 ] 127.0.0.1 /jsk/admin.php/Layout/mytable?_=1376642404810
INFO: [ app_begin ] --START--
INFO: ReadHtmlCache Behavior ::run [ RunTime:0.000691s ]
INFO: [ app_begin ] --END-- [ RunTime:0.000763s ]
NOTIC: [8] Constant THEME_NAME already defined E:\wamp\www\jsk\ThinkPHP\Lib\Core\View.class.php 第 223 行.
NOTIC: [8] Constant THEME_PATH already defined E:\wamp\www\jsk\ThinkPHP\Lib\Core\View.class.php 第 174 行.
NOTIC: [8] Constant APP_TMPL_PATH already defined E:\wamp\www\jsk\ThinkPHP\Lib\Core\View.class.php 第 175 行.
INFO: [ view_parse ] --START--
INFO: ParseTemplate Behavior ::run [ RunTime:0.011022s ]
INFO: [ view_parse ] --END-- [ RunTime:0.011125s ]
INFO: [ view_filter ] --START--
INFO: ContentReplace Behavior ::run [ RunTime:0.000522s ]
INFO: TokenBuild Behavior ::run [ RunTime:0.000521s ]
INFO: WriteHtmlCache Behavior ::run [ RunTime:0.000479s ]
INFO: ShowRuntime Behavior ::run [ RunTime:0.000607s ]
INFO: [ view_filter ] --END-- [ RunTime:0.002704s ]
INFO: [ view_end ] --START--
INFO: ShowPageTrace Behavior ::run [ RunTime:0.000842s ]
INFO: [ view_end ] --END-- [ RunTime:0.000909s ]

[ 2013-08-16T16:40:10+08:00 ] 127.0.0.1 /jsk/admin.php/Node?_=1376642410022
INFO: [ app_begin ] --START--
INFO: ReadHtmlCache Behavior ::run [ RunTime:0.000702s ]
INFO: [ app_begin ] --END-- [ RunTime:0.000781s ]
INFO: [ view_parse ] --START--
INFO: ParseTemplate Behavior ::run [ RunTime:0.009624s ]
INFO: [ view_parse ] --END-- [ RunTime:0.009752s ]
INFO: [ view_filter ] --START--
INFO: ContentReplace Behavior ::run [ RunTime:0.000627s ]
INFO: TokenBuild Behavior ::run [ RunTime:0.000499s ]
INFO: WriteHtmlCache Behavior ::run [ RunTime:0.002972s ]
INFO: ShowRuntime Behavior ::run [ RunTime:0.000757s ]
INFO: [ view_filter ] --END-- [ RunTime:0.005088s ]
INFO: [ view_end ] --START--
INFO: ShowPageTrace Behavior ::run [ RunTime:0.000749s ]
INFO: [ view_end ] --END-- [ RunTime:0.000815s ]

[ 2013-08-16T16:40:10+08:00 ] 127.0.0.1 /jsk/admin.php/Node/getAllNode
INFO: [ app_begin ] --START--
INFO: ReadHtmlCache Behavior ::run [ RunTime:0.000713s ]
INFO: [ app_begin ] --END-- [ RunTime:0.000788s ]
SQL: SHOW COLUMNS FROM `node` [ RunTime:0.004792s ]
SQL: SELECT COUNT(*) AS tp_count FROM `node` LIMIT 1   [ RunTime:0.000391s ]
SQL: SELECT * FROM `node` ORDER BY sort asc  [ RunTime:0.000835s ]

[ 2013-08-16T16:40:33+08:00 ] 127.0.0.1 /jsk/admin.php/Node/getAllNode
INFO: [ app_begin ] --START--
INFO: ReadHtmlCache Behavior ::run [ RunTime:0.000760s ]
INFO: [ app_begin ] --END-- [ RunTime:0.000837s ]
SQL: SHOW COLUMNS FROM `node` [ RunTime:0.004331s ]
SQL: SELECT COUNT(*) AS tp_count FROM `node` LIMIT 1   [ RunTime:0.000428s ]
SQL: SELECT * FROM `node` ORDER BY sort asc  [ RunTime:0.000976s ]

[ 2013-08-16T16:52:40+08:00 ] 127.0.0.1 /jsk/admin.php/Node/getAllNode
INFO: [ app_begin ] --START--
INFO: ReadHtmlCache Behavior ::run [ RunTime:0.000914s ]
INFO: [ app_begin ] --END-- [ RunTime:0.000990s ]
SQL: SHOW COLUMNS FROM `node` [ RunTime:0.006168s ]
SQL: SELECT COUNT(*) AS tp_count FROM `node` LIMIT 1   [ RunTime:0.000439s ]
SQL: SELECT * FROM `node` ORDER BY sort asc  [ RunTime:0.001031s ]

[ 2013-08-16T17:08:19+08:00 ] 127.0.0.1 /jsk/admin.php/Node/getAllNode
INFO: [ app_begin ] --START--
INFO: ReadHtmlCache Behavior ::run [ RunTime:0.001022s ]
INFO: [ app_begin ] --END-- [ RunTime:0.001115s ]
SQL: SHOW COLUMNS FROM `node` [ RunTime:0.004943s ]
SQL: SELECT COUNT(*) AS tp_count FROM `node` LIMIT 1   [ RunTime:0.000661s ]
SQL: SELECT * FROM `node` ORDER BY sort asc  [ RunTime:0.000931s ]

[ 2013-08-16T19:07:58+08:00 ] 127.0.0.1 /jsk/admin.php/Node/getAllNode
INFO: [ app_begin ] --START--
INFO: ReadHtmlCache Behavior ::run [ RunTime:0.002657s ]
INFO: [ app_begin ] --END-- [ RunTime:0.002756s ]
SQL: SHOW COLUMNS FROM `node` [ RunTime:0.022849s ]
SQL: SELECT COUNT(*) AS tp_count FROM `node` LIMIT 1   [ RunTime:0.056904s ]
SQL: SELECT * FROM `node` ORDER BY sort asc  [ RunTime:0.088107s ]

[ 2013-08-16T19:08:03+08:00 ] 127.0.0.1 /jsk/admin.php/Node/getAllNode
INFO: [ app_begin ] --START--
INFO: ReadHtmlCache Behavior ::run [ RunTime:0.002131s ]
INFO: [ app_begin ] --END-- [ RunTime:0.002223s ]
SQL: SHOW COLUMNS FROM `node` [ RunTime:0.004884s ]
SQL: SELECT COUNT(*) AS tp_count FROM `node` LIMIT 1   [ RunTime:0.000413s ]
SQL: SELECT * FROM `node` ORDER BY sort asc  [ RunTime:0.001294s ]

