[ 2013-08-12T00:12:22+08:00 ] 127.0.0.1 /jsk/
INFO: [ app_begin ] --START--
INFO: ReadHtmlCache Behavior ::run [ RunTime:0.001502s ]
INFO: [ app_begin ] --END-- [ RunTime:0.001606s ]

[ 2013-08-12T00:25:34+08:00 ] 127.0.0.1 /jsk/
INFO: [ app_begin ] --START--
INFO: ReadHtmlCache Behavior ::run [ RunTime:0.001241s ]
INFO: [ app_begin ] --END-- [ RunTime:0.001341s ]

[ 2013-08-12T00:42:49+08:00 ] 127.0.0.1 /jsk/
INFO: [ app_begin ] --START--
INFO: ReadHtmlCache Behavior ::run [ RunTime:0.001027s ]
INFO: [ app_begin ] --END-- [ RunTime:0.001153s ]

[ 2013-08-12T10:07:50+08:00 ] 127.0.0.1 /jsk/
INFO: [ app_begin ] --START--
INFO: ReadHtmlCache Behavior ::run [ RunTime:0.002834s ]
INFO: [ app_begin ] --END-- [ RunTime:0.002924s ]
ERR: 模板不存在[./Home/Tpl/Index/index.html]

[ 2013-08-12T10:14:00+08:00 ] 127.0.0.1 /jsk/
INFO: [ app_begin ] --START--
INFO: ReadHtmlCache Behavior ::run [ RunTime:0.001602s ]
INFO: [ app_begin ] --END-- [ RunTime:0.001698s ]
INFO: [ view_parse ] --START--
INFO: ParseTemplate Behavior ::run [ RunTime:0.020278s ]
INFO: [ view_parse ] --END-- [ RunTime:0.020389s ]
INFO: [ view_filter ] --START--
INFO: ContentReplace Behavior ::run [ RunTime:0.003935s ]
INFO: TokenBuild Behavior ::run [ RunTime:0.001323s ]
INFO: WriteHtmlCache Behavior ::run [ RunTime:0.000965s ]
INFO: ShowRuntime Behavior ::run [ RunTime:0.001076s ]
INFO: [ view_filter ] --END-- [ RunTime:0.007518s ]
INFO: [ view_end ] --START--
INFO: ShowPageTrace Behavior ::run [ RunTime:0.001250s ]
INFO: [ view_end ] --END-- [ RunTime:0.001321s ]

[ 2013-08-12T10:20:24+08:00 ] 127.0.0.1 /jsk/
INFO: [ app_begin ] --START--
INFO: ReadHtmlCache Behavior ::run [ RunTime:0.001665s ]
INFO: [ app_begin ] --END-- [ RunTime:0.001783s ]
INFO: [ view_parse ] --START--
INFO: ParseTemplate Behavior ::run [ RunTime:0.009085s ]
INFO: [ view_parse ] --END-- [ RunTime:0.009197s ]
INFO: [ view_filter ] --START--
INFO: ContentReplace Behavior ::run [ RunTime:0.000693s ]
INFO: TokenBuild Behavior ::run [ RunTime:0.000791s ]
INFO: WriteHtmlCache Behavior ::run [ RunTime:0.000609s ]
INFO: ShowRuntime Behavior ::run [ RunTime:0.000879s ]
INFO: [ view_filter ] --END-- [ RunTime:0.003191s ]
INFO: [ view_end ] --START--
INFO: ShowPageTrace Behavior ::run [ RunTime:0.000943s ]
INFO: [ view_end ] --END-- [ RunTime:0.001013s ]

[ 2013-08-12T11:03:05+08:00 ] 127.0.0.1 /jsk/
INFO: [ app_begin ] --START--
INFO: ReadHtmlCache Behavior ::run [ RunTime:0.001216s ]
INFO: [ app_begin ] --END-- [ RunTime:0.001313s ]
INFO: [ view_parse ] --START--
INFO: ParseTemplate Behavior ::run [ RunTime:0.014548s ]
INFO: [ view_parse ] --END-- [ RunTime:0.014675s ]
INFO: [ view_filter ] --START--
INFO: ContentReplace Behavior ::run [ RunTime:0.000760s ]
INFO: TokenBuild Behavior ::run [ RunTime:0.000738s ]
INFO: WriteHtmlCache Behavior ::run [ RunTime:0.000750s ]
INFO: ShowRuntime Behavior ::run [ RunTime:0.001000s ]
INFO: [ view_filter ] --END-- [ RunTime:0.003485s ]
INFO: [ view_end ] --START--
INFO: ShowPageTrace Behavior ::run [ RunTime:0.002365s ]
INFO: [ view_end ] --END-- [ RunTime:0.002461s ]

[ 2013-08-12T11:12:12+08:00 ] 127.0.0.1 /jsk/
INFO: [ app_begin ] --START--
INFO: ReadHtmlCache Behavior ::run [ RunTime:0.001276s ]
INFO: [ app_begin ] --END-- [ RunTime:0.001377s ]
INFO: [ view_parse ] --START--
INFO: ParseTemplate Behavior ::run [ RunTime:0.012104s ]
INFO: [ view_parse ] --END-- [ RunTime:0.012223s ]
INFO: [ view_filter ] --START--
INFO: ContentReplace Behavior ::run [ RunTime:0.000951s ]
INFO: TokenBuild Behavior ::run [ RunTime:0.001121s ]
INFO: WriteHtmlCache Behavior ::run [ RunTime:0.000920s ]
INFO: ShowRuntime Behavior ::run [ RunTime:0.000995s ]
INFO: [ view_filter ] --END-- [ RunTime:0.004195s ]
INFO: [ view_end ] --START--
INFO: ShowPageTrace Behavior ::run [ RunTime:0.001131s ]
INFO: [ view_end ] --END-- [ RunTime:0.001197s ]

[ 2013-08-12T11:27:59+08:00 ] 127.0.0.1 /jsk/
INFO: [ app_begin ] --START--
INFO: ReadHtmlCache Behavior ::run [ RunTime:0.001315s ]
INFO: [ app_begin ] --END-- [ RunTime:0.001435s ]
INFO: [ view_parse ] --START--
INFO: ParseTemplate Behavior ::run [ RunTime:0.010258s ]
INFO: [ view_parse ] --END-- [ RunTime:0.010392s ]
INFO: [ view_filter ] --START--
INFO: ContentReplace Behavior ::run [ RunTime:0.000899s ]
INFO: TokenBuild Behavior ::run [ RunTime:0.002516s ]
INFO: WriteHtmlCache Behavior ::run [ RunTime:0.002905s ]
INFO: ShowRuntime Behavior ::run [ RunTime:0.000820s ]
INFO: [ view_filter ] --END-- [ RunTime:0.007407s ]
INFO: [ view_end ] --START--
INFO: ShowPageTrace Behavior ::run [ RunTime:0.002195s ]
INFO: [ view_end ] --END-- [ RunTime:0.002285s ]

[ 2013-08-12T11:30:34+08:00 ] 127.0.0.1 /jsk/
INFO: [ app_begin ] --START--
INFO: ReadHtmlCache Behavior ::run [ RunTime:0.001452s ]
INFO: [ app_begin ] --END-- [ RunTime:0.001563s ]
INFO: [ view_parse ] --START--
INFO: ParseTemplate Behavior ::run [ RunTime:0.011629s ]
INFO: [ view_parse ] --END-- [ RunTime:0.011743s ]
INFO: [ view_filter ] --START--
INFO: ContentReplace Behavior ::run [ RunTime:0.001450s ]
INFO: TokenBuild Behavior ::run [ RunTime:0.000845s ]
INFO: WriteHtmlCache Behavior ::run [ RunTime:0.000727s ]
INFO: ShowRuntime Behavior ::run [ RunTime:0.000918s ]
INFO: [ view_filter ] --END-- [ RunTime:0.004122s ]
INFO: [ view_end ] --START--
INFO: ShowPageTrace Behavior ::run [ RunTime:0.001120s ]
INFO: [ view_end ] --END-- [ RunTime:0.001184s ]

[ 2013-08-12T11:36:49+08:00 ] 127.0.0.1 /jsk/
INFO: [ app_begin ] --START--
INFO: ReadHtmlCache Behavior ::run [ RunTime:0.001246s ]
INFO: [ app_begin ] --END-- [ RunTime:0.001349s ]
INFO: [ view_parse ] --START--
INFO: ParseTemplate Behavior ::run [ RunTime:0.011225s ]
INFO: [ view_parse ] --END-- [ RunTime:0.011341s ]
INFO: [ view_filter ] --START--
INFO: ContentReplace Behavior ::run [ RunTime:0.000980s ]
INFO: TokenBuild Behavior ::run [ RunTime:0.001094s ]
INFO: WriteHtmlCache Behavior ::run [ RunTime:0.000809s ]
INFO: ShowRuntime Behavior ::run [ RunTime:0.000972s ]
INFO: [ view_filter ] --END-- [ RunTime:0.004056s ]
INFO: [ view_end ] --START--
INFO: ShowPageTrace Behavior ::run [ RunTime:0.001135s ]
INFO: [ view_end ] --END-- [ RunTime:0.001201s ]

[ 2013-08-12T14:22:33+08:00 ] 127.0.0.1 /jsk/index.php?XDEBUG_SESSION_START=netbeans-xdebug
INFO: [ app_begin ] --START--
INFO: ReadHtmlCache Behavior ::run [ RunTime:0.001420s ]
INFO: [ app_begin ] --END-- [ RunTime:0.001558s ]
INFO: [ view_parse ] --START--
INFO: ParseTemplate Behavior ::run [ RunTime:0.015612s ]
INFO: [ view_parse ] --END-- [ RunTime:0.015914s ]
INFO: [ view_filter ] --START--
INFO: ContentReplace Behavior ::run [ RunTime:0.001101s ]
INFO: TokenBuild Behavior ::run [ RunTime:0.001426s ]
INFO: WriteHtmlCache Behavior ::run [ RunTime:0.001169s ]
INFO: ShowRuntime Behavior ::run [ RunTime:0.001422s ]
INFO: [ view_filter ] --END-- [ RunTime:0.005459s ]
INFO: [ view_end ] --START--
INFO: ShowPageTrace Behavior ::run [ RunTime:0.001697s ]
INFO: [ view_end ] --END-- [ RunTime:0.001856s ]

[ 2013-08-12T14:23:39+08:00 ] 127.0.0.1 /jsk/index.php?XDEBUG_SESSION_START=netbeans-xdebug
INFO: [ app_begin ] --START--
INFO: ReadHtmlCache Behavior ::run [ RunTime:0.000731s ]
INFO: [ app_begin ] --END-- [ RunTime:0.000838s ]
INFO: [ view_parse ] --START--
INFO: ParseTemplate Behavior ::run [ RunTime:0.009284s ]
INFO: [ view_parse ] --END-- [ RunTime:0.009397s ]
INFO: [ view_filter ] --START--
INFO: ContentReplace Behavior ::run [ RunTime:0.000498s ]
INFO: TokenBuild Behavior ::run [ RunTime:0.000467s ]
INFO: WriteHtmlCache Behavior ::run [ RunTime:0.000342s ]
INFO: ShowRuntime Behavior ::run [ RunTime:0.000584s ]
INFO: [ view_filter ] --END-- [ RunTime:0.002076s ]
INFO: [ view_end ] --START--
INFO: ShowPageTrace Behavior ::run [ RunTime:0.001107s ]
INFO: [ view_end ] --END-- [ RunTime:0.001201s ]

[ 2013-08-12T14:25:52+08:00 ] 127.0.0.1 /jsk/index.php
INFO: [ app_begin ] --START--
INFO: ReadHtmlCache Behavior ::run [ RunTime:0.002297s ]
INFO: [ app_begin ] --END-- [ RunTime:0.002802s ]
INFO: [ view_parse ] --START--
INFO: ParseTemplate Behavior ::run [ RunTime:0.011831s ]
INFO: [ view_parse ] --END-- [ RunTime:0.011992s ]
INFO: [ view_filter ] --START--
INFO: ContentReplace Behavior ::run [ RunTime:0.000935s ]
INFO: TokenBuild Behavior ::run [ RunTime:0.000683s ]
INFO: WriteHtmlCache Behavior ::run [ RunTime:0.000554s ]
INFO: ShowRuntime Behavior ::run [ RunTime:0.000773s ]
INFO: [ view_filter ] --END-- [ RunTime:0.003132s ]
INFO: [ view_end ] --START--
INFO: ShowPageTrace Behavior ::run [ RunTime:0.000924s ]
INFO: [ view_end ] --END-- [ RunTime:0.000992s ]

[ 2013-08-12T14:26:51+08:00 ] 127.0.0.1 /jsk/index.php?XDEBUG_SESSION_START=netbeans-xdebug
INFO: [ app_begin ] --START--
INFO: ReadHtmlCache Behavior ::run [ RunTime:0.000865s ]
INFO: [ app_begin ] --END-- [ RunTime:0.000979s ]
INFO: [ view_parse ] --START--
INFO: ParseTemplate Behavior ::run [ RunTime:0.010248s ]
INFO: [ view_parse ] --END-- [ RunTime:0.010407s ]
INFO: [ view_filter ] --START--
INFO: ContentReplace Behavior ::run [ RunTime:0.001195s ]
INFO: TokenBuild Behavior ::run [ RunTime:0.000559s ]
INFO: WriteHtmlCache Behavior ::run [ RunTime:0.000983s ]
INFO: ShowRuntime Behavior ::run [ RunTime:0.000686s ]
INFO: [ view_filter ] --END-- [ RunTime:0.003673s ]
INFO: [ view_end ] --START--
INFO: ShowPageTrace Behavior ::run [ RunTime:0.000923s ]
INFO: [ view_end ] --END-- [ RunTime:0.001006s ]

[ 2013-08-12T14:34:40+08:00 ] 127.0.0.1 /jsk/
INFO: [ app_begin ] --START--
INFO: ReadHtmlCache Behavior ::run [ RunTime:0.001204s ]
INFO: [ app_begin ] --END-- [ RunTime:0.001303s ]
INFO: [ view_parse ] --START--
INFO: ParseTemplate Behavior ::run [ RunTime:0.012566s ]
INFO: [ view_parse ] --END-- [ RunTime:0.012683s ]
INFO: [ view_filter ] --START--
INFO: ContentReplace Behavior ::run [ RunTime:0.000944s ]
INFO: TokenBuild Behavior ::run [ RunTime:0.000863s ]
INFO: WriteHtmlCache Behavior ::run [ RunTime:0.000583s ]
INFO: ShowRuntime Behavior ::run [ RunTime:0.000769s ]
INFO: [ view_filter ] --END-- [ RunTime:0.003367s ]
INFO: [ view_end ] --START--
INFO: ShowPageTrace Behavior ::run [ RunTime:0.000907s ]
INFO: [ view_end ] --END-- [ RunTime:0.000972s ]

[ 2013-08-12T16:21:20+08:00 ] 127.0.0.1 /jsk/
INFO: [ app_begin ] --START--
INFO: ReadHtmlCache Behavior ::run [ RunTime:0.001712s ]
INFO: [ app_begin ] --END-- [ RunTime:0.001828s ]
INFO: [ view_parse ] --START--
INFO: ParseTemplate Behavior ::run [ RunTime:0.012378s ]
INFO: [ view_parse ] --END-- [ RunTime:0.012490s ]
INFO: [ view_filter ] --START--
INFO: ContentReplace Behavior ::run [ RunTime:0.001159s ]
INFO: TokenBuild Behavior ::run [ RunTime:0.000986s ]
INFO: WriteHtmlCache Behavior ::run [ RunTime:0.000879s ]
INFO: ShowRuntime Behavior ::run [ RunTime:0.001138s ]
INFO: [ view_filter ] --END-- [ RunTime:0.004373s ]
INFO: [ view_end ] --START--
INFO: ShowPageTrace Behavior ::run [ RunTime:0.001146s ]
INFO: [ view_end ] --END-- [ RunTime:0.001212s ]

[ 2013-08-12T16:46:37+08:00 ] 127.0.0.1 /jsk/
INFO: [ app_begin ] --START--
INFO: ReadHtmlCache Behavior ::run [ RunTime:0.001339s ]
INFO: [ app_begin ] --END-- [ RunTime:0.001453s ]
INFO: [ view_parse ] --START--
INFO: ParseTemplate Behavior ::run [ RunTime:0.011140s ]
INFO: [ view_parse ] --END-- [ RunTime:0.011259s ]
INFO: [ view_filter ] --START--
INFO: ContentReplace Behavior ::run [ RunTime:0.000754s ]
INFO: TokenBuild Behavior ::run [ RunTime:0.000853s ]
INFO: WriteHtmlCache Behavior ::run [ RunTime:0.000678s ]
INFO: ShowRuntime Behavior ::run [ RunTime:0.000884s ]
INFO: [ view_filter ] --END-- [ RunTime:0.003391s ]
INFO: [ view_end ] --START--
INFO: ShowPageTrace Behavior ::run [ RunTime:0.001015s ]
INFO: [ view_end ] --END-- [ RunTime:0.001136s ]

[ 2013-08-12T17:25:28+08:00 ] 127.0.0.1 /jsk/
INFO: [ app_begin ] --START--
INFO: ReadHtmlCache Behavior ::run [ RunTime:0.001176s ]
INFO: [ app_begin ] --END-- [ RunTime:0.001270s ]
INFO: [ view_parse ] --START--
INFO: ParseTemplate Behavior ::run [ RunTime:0.009940s ]
INFO: [ view_parse ] --END-- [ RunTime:0.010043s ]
INFO: [ view_filter ] --START--
INFO: ContentReplace Behavior ::run [ RunTime:0.000739s ]
INFO: TokenBuild Behavior ::run [ RunTime:0.000725s ]
INFO: WriteHtmlCache Behavior ::run [ RunTime:0.000728s ]
INFO: ShowRuntime Behavior ::run [ RunTime:0.001089s ]
INFO: [ view_filter ] --END-- [ RunTime:0.003482s ]
INFO: [ view_end ] --START--
INFO: ShowPageTrace Behavior ::run [ RunTime:0.000928s ]
INFO: [ view_end ] --END-- [ RunTime:0.000994s ]

[ 2013-08-12T17:28:42+08:00 ] 127.0.0.1 /jsk/
INFO: [ app_begin ] --START--
INFO: ReadHtmlCache Behavior ::run [ RunTime:0.000689s ]
INFO: [ app_begin ] --END-- [ RunTime:0.000782s ]
INFO: [ view_parse ] --START--
INFO: ParseTemplate Behavior ::run [ RunTime:0.008483s ]
INFO: [ view_parse ] --END-- [ RunTime:0.008587s ]
INFO: [ view_filter ] --START--
INFO: ContentReplace Behavior ::run [ RunTime:0.000503s ]
INFO: TokenBuild Behavior ::run [ RunTime:0.000503s ]
INFO: WriteHtmlCache Behavior ::run [ RunTime:0.000377s ]
INFO: ShowRuntime Behavior ::run [ RunTime:0.000609s ]
INFO: [ view_filter ] --END-- [ RunTime:0.002189s ]
INFO: [ view_end ] --START--
INFO: ShowPageTrace Behavior ::run [ RunTime:0.003576s ]
INFO: [ view_end ] --END-- [ RunTime:0.003695s ]

[ 2013-08-12T17:41:59+08:00 ] 127.0.0.1 /jsk/
INFO: [ app_begin ] --START--
INFO: ReadHtmlCache Behavior ::run [ RunTime:0.000975s ]
INFO: [ app_begin ] --END-- [ RunTime:0.001072s ]
INFO: [ view_parse ] --START--
INFO: ParseTemplate Behavior ::run [ RunTime:0.008234s ]
INFO: [ view_parse ] --END-- [ RunTime:0.008344s ]
INFO: [ view_filter ] --START--
INFO: ContentReplace Behavior ::run [ RunTime:0.000484s ]
INFO: TokenBuild Behavior ::run [ RunTime:0.000519s ]
INFO: WriteHtmlCache Behavior ::run [ RunTime:0.000418s ]
INFO: ShowRuntime Behavior ::run [ RunTime:0.000618s ]
INFO: [ view_filter ] --END-- [ RunTime:0.002243s ]
INFO: [ view_end ] --START--
INFO: ShowPageTrace Behavior ::run [ RunTime:0.007626s ]
INFO: [ view_end ] --END-- [ RunTime:0.007723s ]

[ 2013-08-12T18:16:17+08:00 ] 127.0.0.1 /jsk/
INFO: [ app_begin ] --START--
INFO: ReadHtmlCache Behavior ::run [ RunTime:0.001287s ]
INFO: [ app_begin ] --END-- [ RunTime:0.001407s ]
INFO: [ view_parse ] --START--
INFO: ParseTemplate Behavior ::run [ RunTime:0.012683s ]
INFO: [ view_parse ] --END-- [ RunTime:0.012802s ]
INFO: [ view_filter ] --START--
INFO: ContentReplace Behavior ::run [ RunTime:0.000898s ]
INFO: TokenBuild Behavior ::run [ RunTime:0.001743s ]
INFO: WriteHtmlCache Behavior ::run [ RunTime:0.000669s ]
INFO: ShowRuntime Behavior ::run [ RunTime:0.000817s ]
INFO: [ view_filter ] --END-- [ RunTime:0.004354s ]
INFO: [ view_end ] --START--
INFO: ShowPageTrace Behavior ::run [ RunTime:0.001009s ]
INFO: [ view_end ] --END-- [ RunTime:0.001140s ]

[ 2013-08-12T18:33:42+08:00 ] 127.0.0.1 /jsk/
INFO: [ app_begin ] --START--
INFO: ReadHtmlCache Behavior ::run [ RunTime:0.001351s ]
INFO: [ app_begin ] --END-- [ RunTime:0.001452s ]
INFO: [ view_parse ] --START--
INFO: ParseTemplate Behavior ::run [ RunTime:0.008915s ]
INFO: [ view_parse ] --END-- [ RunTime:0.009029s ]
INFO: [ view_filter ] --START--
INFO: ContentReplace Behavior ::run [ RunTime:0.000806s ]
INFO: TokenBuild Behavior ::run [ RunTime:0.000660s ]
INFO: WriteHtmlCache Behavior ::run [ RunTime:0.000557s ]
INFO: ShowRuntime Behavior ::run [ RunTime:0.000865s ]
INFO: [ view_filter ] --END-- [ RunTime:0.003328s ]
INFO: [ view_end ] --START--
INFO: ShowPageTrace Behavior ::run [ RunTime:0.000982s ]
INFO: [ view_end ] --END-- [ RunTime:0.001054s ]

[ 2013-08-12T18:54:19+08:00 ] 127.0.0.1 /jsk/
INFO: [ app_begin ] --START--
INFO: ReadHtmlCache Behavior ::run [ RunTime:0.001464s ]
INFO: [ app_begin ] --END-- [ RunTime:0.001575s ]
INFO: [ view_parse ] --START--
INFO: ParseTemplate Behavior ::run [ RunTime:0.011021s ]
INFO: [ view_parse ] --END-- [ RunTime:0.011131s ]
INFO: [ view_filter ] --START--
INFO: ContentReplace Behavior ::run [ RunTime:0.000736s ]
INFO: TokenBuild Behavior ::run [ RunTime:0.000666s ]
INFO: WriteHtmlCache Behavior ::run [ RunTime:0.000580s ]
INFO: ShowRuntime Behavior ::run [ RunTime:0.000760s ]
INFO: [ view_filter ] --END-- [ RunTime:0.002925s ]
INFO: [ view_end ] --START--
INFO: ShowPageTrace Behavior ::run [ RunTime:0.000928s ]
INFO: [ view_end ] --END-- [ RunTime:0.000996s ]

[ 2013-08-12T20:06:29+08:00 ] 127.0.0.1 /jsk/
INFO: [ app_begin ] --START--
INFO: ReadHtmlCache Behavior ::run [ RunTime:0.001372s ]
INFO: [ app_begin ] --END-- [ RunTime:0.001474s ]
INFO: [ view_parse ] --START--
INFO: ParseTemplate Behavior ::run [ RunTime:0.013723s ]
INFO: [ view_parse ] --END-- [ RunTime:0.013845s ]
INFO: [ view_filter ] --START--
INFO: ContentReplace Behavior ::run [ RunTime:0.000984s ]
INFO: TokenBuild Behavior ::run [ RunTime:0.000763s ]
INFO: WriteHtmlCache Behavior ::run [ RunTime:0.000617s ]
INFO: ShowRuntime Behavior ::run [ RunTime:0.000893s ]
INFO: [ view_filter ] --END-- [ RunTime:0.003478s ]
INFO: [ view_end ] --START--
INFO: ShowPageTrace Behavior ::run [ RunTime:0.001287s ]
INFO: [ view_end ] --END-- [ RunTime:0.001366s ]

[ 2013-08-12T20:09:34+08:00 ] 127.0.0.1 /jsk/
INFO: [ app_begin ] --START--
INFO: ReadHtmlCache Behavior ::run [ RunTime:0.001177s ]
INFO: [ app_begin ] --END-- [ RunTime:0.001287s ]
INFO: [ view_parse ] --START--
INFO: ParseTemplate Behavior ::run [ RunTime:0.009702s ]
INFO: [ view_parse ] --END-- [ RunTime:0.009797s ]
INFO: [ view_filter ] --START--
INFO: ContentReplace Behavior ::run [ RunTime:0.003442s ]
INFO: TokenBuild Behavior ::run [ RunTime:0.000830s ]
INFO: WriteHtmlCache Behavior ::run [ RunTime:0.000564s ]
INFO: ShowRuntime Behavior ::run [ RunTime:0.000731s ]
INFO: [ view_filter ] --END-- [ RunTime:0.005799s ]
INFO: [ view_end ] --START--
INFO: ShowPageTrace Behavior ::run [ RunTime:0.001017s ]
INFO: [ view_end ] --END-- [ RunTime:0.001083s ]

[ 2013-08-12T22:30:57+08:00 ] 127.0.0.1 /jsk/
INFO: [ app_begin ] --START--
INFO: ReadHtmlCache Behavior ::run [ RunTime:0.001196s ]
INFO: [ app_begin ] --END-- [ RunTime:0.001294s ]
INFO: [ view_parse ] --START--
INFO: ParseTemplate Behavior ::run [ RunTime:0.019390s ]
INFO: [ view_parse ] --END-- [ RunTime:0.019506s ]
INFO: [ view_filter ] --START--
INFO: ContentReplace Behavior ::run [ RunTime:0.002766s ]
INFO: TokenBuild Behavior ::run [ RunTime:0.000906s ]
INFO: WriteHtmlCache Behavior ::run [ RunTime:0.000567s ]
INFO: ShowRuntime Behavior ::run [ RunTime:0.000722s ]
INFO: [ view_filter ] --END-- [ RunTime:0.005184s ]
INFO: [ view_end ] --START--
INFO: ShowPageTrace Behavior ::run [ RunTime:0.000855s ]
INFO: [ view_end ] --END-- [ RunTime:0.000923s ]

