[ 2013-08-16T10:10:12+08:00 ] 127.0.0.1 /jsk/
INFO: [ app_begin ] --START--
INFO: ReadHtmlCache Behavior ::run [ RunTime:0.001865s ]
INFO: [ app_begin ] --END-- [ RunTime:0.001964s ]
INFO: [ view_parse ] --START--
INFO: ParseTemplate Behavior ::run [ RunTime:0.061438s ]
INFO: [ view_parse ] --END-- [ RunTime:0.061576s ]
INFO: [ view_filter ] --START--
INFO: ContentReplace Behavior ::run [ RunTime:0.020009s ]
INFO: TokenBuild Behavior ::run [ RunTime:0.001062s ]
INFO: WriteHtmlCache Behavior ::run [ RunTime:0.000815s ]
INFO: ShowRuntime Behavior ::run [ RunTime:0.001022s ]
INFO: [ view_filter ] --END-- [ RunTime:0.023118s ]
INFO: [ view_end ] --START--
INFO: ShowPageTrace Behavior ::run [ RunTime:0.001196s ]
INFO: [ view_end ] --END-- [ RunTime:0.001266s ]

[ 2013-08-16T16:08:17+08:00 ] 127.0.0.1 /jsk/
INFO: [ app_begin ] --START--
INFO: ReadHtmlCache Behavior ::run [ RunTime:0.002927s ]
INFO: [ app_begin ] --END-- [ RunTime:0.003079s ]
INFO: [ view_parse ] --START--
INFO: ParseTemplate Behavior ::run [ RunTime:0.114537s ]
INFO: [ view_parse ] --END-- [ RunTime:0.114743s ]
INFO: [ view_filter ] --START--
INFO: ContentReplace Behavior ::run [ RunTime:0.023693s ]
INFO: TokenBuild Behavior ::run [ RunTime:0.001439s ]
INFO: WriteHtmlCache Behavior ::run [ RunTime:0.001206s ]
INFO: ShowRuntime Behavior ::run [ RunTime:0.001399s ]
INFO: [ view_filter ] --END-- [ RunTime:0.028069s ]
INFO: [ view_end ] --START--
INFO: ShowPageTrace Behavior ::run [ RunTime:0.001794s ]
INFO: [ view_end ] --END-- [ RunTime:0.001902s ]

[ 2013-08-16T16:38:32+08:00 ] 127.0.0.1 /jsk/
INFO: [ app_begin ] --START--
INFO: ReadHtmlCache Behavior ::run [ RunTime:0.001266s ]
INFO: [ app_begin ] --END-- [ RunTime:0.001371s ]
INFO: [ view_parse ] --START--
INFO: ParseTemplate Behavior ::run [ RunTime:0.033771s ]
INFO: [ view_parse ] --END-- [ RunTime:0.033924s ]
INFO: [ view_filter ] --START--
INFO: ContentReplace Behavior ::run [ RunTime:0.000830s ]
INFO: TokenBuild Behavior ::run [ RunTime:0.000709s ]
INFO: WriteHtmlCache Behavior ::run [ RunTime:0.000559s ]
INFO: ShowRuntime Behavior ::run [ RunTime:0.001754s ]
INFO: [ view_filter ] --END-- [ RunTime:0.004077s ]
INFO: [ view_end ] --START--
INFO: ShowPageTrace Behavior ::run [ RunTime:0.001043s ]
INFO: [ view_end ] --END-- [ RunTime:0.001117s ]

