[ 2013-08-17T10:52:10+08:00 ] 127.0.0.1 /jsk/
INFO: [ app_begin ] --START--
INFO: ReadHtmlCache Behavior ::run [ RunTime:0.004144s ]
INFO: [ app_begin ] --END-- [ RunTime:0.004256s ]
INFO: [ view_parse ] --START--
INFO: ParseTemplate Behavior ::run [ RunTime:0.053981s ]
INFO: [ view_parse ] --END-- [ RunTime:0.054105s ]
INFO: [ view_filter ] --START--
INFO: ContentReplace Behavior ::run [ RunTime:0.003232s ]
INFO: TokenBuild Behavior ::run [ RunTime:0.003881s ]
INFO: WriteHtmlCache Behavior ::run [ RunTime:0.004296s ]
INFO: ShowRuntime Behavior ::run [ RunTime:0.003320s ]
INFO: [ view_filter ] --END-- [ RunTime:0.014970s ]
INFO: [ view_end ] --START--
INFO: ShowPageTrace Behavior ::run [ RunTime:0.003509s ]
INFO: [ view_end ] --END-- [ RunTime:0.003585s ]

[ 2013-08-17T14:47:44+08:00 ] 127.0.0.1 /jsk/
INFO: [ app_begin ] --START--
INFO: ReadHtmlCache Behavior ::run [ RunTime:0.004429s ]
INFO: [ app_begin ] --END-- [ RunTime:0.037905s ]
INFO: [ view_parse ] --START--
INFO: ParseTemplate Behavior ::run [ RunTime:0.057094s ]
INFO: [ view_parse ] --END-- [ RunTime:0.057233s ]
INFO: [ view_filter ] --START--
INFO: ContentReplace Behavior ::run [ RunTime:0.001030s ]
INFO: TokenBuild Behavior ::run [ RunTime:0.001316s ]
INFO: WriteHtmlCache Behavior ::run [ RunTime:0.003264s ]
INFO: ShowRuntime Behavior ::run [ RunTime:0.001300s ]
INFO: [ view_filter ] --END-- [ RunTime:0.007169s ]
INFO: [ view_end ] --START--
INFO: ShowPageTrace Behavior ::run [ RunTime:0.001262s ]
INFO: [ view_end ] --END-- [ RunTime:0.001342s ]

[ 2013-08-17T17:33:25+08:00 ] 127.0.0.1 /jsk/
INFO: [ app_begin ] --START--
INFO: ReadHtmlCache Behavior ::run [ RunTime:0.001190s ]
INFO: [ app_begin ] --END-- [ RunTime:0.001283s ]
INFO: [ view_parse ] --START--
INFO: ParseTemplate Behavior ::run [ RunTime:0.020026s ]
INFO: [ view_parse ] --END-- [ RunTime:0.020137s ]
INFO: [ view_filter ] --START--
INFO: ContentReplace Behavior ::run [ RunTime:0.000692s ]
INFO: TokenBuild Behavior ::run [ RunTime:0.000665s ]
INFO: WriteHtmlCache Behavior ::run [ RunTime:0.001201s ]
INFO: ShowRuntime Behavior ::run [ RunTime:0.000864s ]
INFO: [ view_filter ] --END-- [ RunTime:0.003672s ]
INFO: [ view_end ] --START--
INFO: ShowPageTrace Behavior ::run [ RunTime:0.000938s ]
INFO: [ view_end ] --END-- [ RunTime:0.001006s ]

